2.000000 5800.000000
2.010000 0.000000
2.020000 0.000000
2.030000 0.000000
2.040000 0.000000
2.050000 0.000000
2.060000 0.000000
2.070000 0.000000
2.080000 0.000000
2.090000 0.000000
2.100000 0.000000
2.110000 6200.000000
2.120000 0.000000
2.130000 0.000000
2.140000 0.000000
2.150000 0.000000
2.160000 0.000000
2.170000 0.000000
2.180000 0.000000
2.190000 0.000000
2.200000 0.000000
2.210000 1507400.000000
2.220000 0.000000
2.230000 0.000000
2.240000 0.000000
2.250000 0.000000
2.260000 0.000000
2.270000 0.000000
2.280000 0.000000
2.290000 0.000000
2.300000 0.000000
2.310000 2853800.000000
2.320000 0.000000
2.330000 0.000000
2.340000 0.000000
2.350000 0.000000
2.360000 0.000000
2.370000 0.000000
2.380000 0.000000
2.390000 0.000000
2.400000 0.000000
2.410000 3755000.000000
2.420000 0.000000
2.430000 0.000000
2.440000 0.000000
2.450000 0.000000
2.460000 0.000000
2.470000 0.000000
2.480000 0.000000
2.490000 0.000000
2.500000 0.000000
2.510000 5257000.000000
2.520000 0.000000
2.530000 0.000000
2.540000 0.000000
2.550000 0.000000
2.560000 0.000000
2.570000 0.000000
2.580000 0.000000
2.590000 0.000000
2.600000 0.000000
2.610000 9913200.000000
2.620000 0.000000
2.630000 0.000000
2.640000 0.000000
2.650000 0.000000
2.660000 0.000000
2.670000 0.000000
2.680000 0.000000
2.690000 0.000000
2.700000 0.000000
2.710000 14118800.000000
2.720000 0.000000
2.730000 0.000000
2.740000 0.000000
2.750000 0.000000
2.760000 0.000000
2.770000 0.000000
2.780000 0.000000
2.790000 0.000000
2.800000 0.000000
2.810000 18624800.000000
2.820000 0.000000
2.830000 0.000000
2.840000 0.000000
2.850000 0.000000
2.860000 0.000000
2.870000 0.000000
2.880000 0.000000
2.890000 0.000000
2.900000 0.000000
2.910000 34846400.000000
2.920000 0.000000
2.930000 0.000000
2.940000 0.000000
2.950000 0.000000
2.960000 0.000000
2.970000 0.000000
2.980000 0.000000
2.990000 0.000000
3.000000 0.000000
3.010000 66243600.000000
3.020000 0.000000
3.030000 0.000000
3.040000 0.000000
3.050000 0.000000
3.060000 0.000000
3.070000 0.000000
3.080000 0.000000
3.090000 0.000000
3.100000 0.000000
3.110000 88317600.000000
3.120000 0.000000
3.130000 0.000000
3.140000 0.000000
3.150000 0.000000
3.160000 0.000000
3.170000 0.000000
3.180000 0.000000
3.190000 0.000000
3.200000 0.000000
3.210000 98086000.000000
3.220000 10964600.000000
3.230000 0.000000
3.240000 0.000000
3.250000 0.000000
3.260000 0.000000
3.270000 0.000000
3.280000 0.000000
3.290000 0.000000
3.300000 0.000000
3.310000 42957200.000000
3.320000 600800.000000
3.330000 0.000000
3.340000 0.000000
3.350000 0.000000
3.360000 0.000000
3.370000 0.000000
3.380000 0.000000
3.390000 0.000000
3.400000 0.000000
3.410000 58127400.000000
3.420000 119258800.000000
3.430000 450600.000000
3.440000 0.000000
3.450000 0.000000
3.460000 0.000000
3.470000 0.000000
3.480000 0.000000
3.490000 0.000000
3.500000 0.000000
3.510000 68797000.000000
3.520000 88768200.000000
3.530000 150200.000000
3.540000 0.000000
3.550000 0.000000
3.560000 7359800.000000
3.570000 0.000000
3.580000 0.000000
3.590000 0.000000
3.600000 0.000000
3.610000 109646000.000000
3.620000 118658000.000000
3.630000 117606600.000000
3.640000 0.000000
3.650000 8711600.000000
3.660000 13968600.000000
3.670000 0.000000
3.680000 0.000000
3.690000 300400.000000
3.700000 0.000000
3.710000 108144000.000000
3.720000 18024000.000000
3.730000 0.000000
3.740000 0.000000
3.750000 15470600.000000
3.760000 0.000000
3.770000 0.000000
3.780000 0.000000
3.790000 901200.000000
3.800000 0.000000
3.810000 0.000000
3.820000 0.000000
3.830000 0.000000
3.840000 0.000000
3.850000 6759000.000000
3.860000 0.000000
3.870000 0.000000
3.880000 0.000000
3.890000 1201600.000000
3.900000 0.000000
3.910000 0.000000
3.920000 0.000000
3.930000 150200.000000
3.940000 0.000000
3.950000 47618800.000000
3.960000 39202200.000000
3.970000 0.000000
3.980000 0.000000
3.990000 600800.000000
4.000000 0.000000
4.010000 0.000000
4.020000 0.000000
4.030000 94475800.000000
4.040000 119559200.000000
4.050000 119108600.000000
4.060000 118808200.000000
4.070000 119108600.000000
4.080000 119409000.000000
4.090000 119108600.000000
4.100000 69610400.000000
4.110000 0.000000
4.120000 0.000000
4.130000 93812600.000000
4.140000 118808200.000000
4.150000 119709400.000000
4.160000 118057200.000000
4.170000 118958400.000000
4.180000 119108600.000000
4.190000 120160000.000000
4.200000 118357600.000000
4.210000 116555200.000000
4.220000 119108600.000000
4.230000 117907000.000000
4.240000 119409000.000000
4.250000 120009800.000000
4.260000 117756800.000000
4.270000 119258800.000000
4.280000 119108600.000000
4.290000 119709400.000000
4.300000 117756800.000000
4.310000 119559200.000000
4.320000 117606600.000000
4.330000 119108600.000000
4.340000 118357600.000000
4.350000 117756800.000000
4.360000 118507800.000000
4.370000 117762600.000000
4.380000 121061200.000000
4.390000 118357600.000000
4.400000 116705400.000000
4.410000 117306200.000000
4.420000 117907000.000000
4.430000 120009800.000000
4.440000 117907000.000000
4.450000 119108600.000000
4.460000 118658000.000000
4.470000 118958400.000000
4.480000 117456400.000000
4.490000 121361600.000000
4.500000 119559200.000000
4.510000 119108600.000000
4.520000 118507800.000000
4.530000 118658000.000000
4.540000 119409000.000000
4.550000 119559200.000000
4.560000 118507800.000000
4.570000 118808200.000000
4.580000 119409000.000000
4.590000 118057200.000000
4.600000 118958400.000000
4.610000 119258800.000000
4.620000 119559200.000000
4.630000 120310200.000000
4.640000 117156000.000000
4.650000 119258800.000000
4.660000 118958400.000000
4.670000 120610600.000000
4.680000 118658000.000000
4.690000 117606600.000000
4.700000 118207400.000000
4.710000 119108600.000000
4.720000 118057200.000000
4.730000 120009800.000000
4.740000 117756800.000000
4.750000 118357600.000000
4.760000 118507800.000000
4.770000 118357600.000000
4.780000 118006800.000000
4.790000 73503600.000000
4.800000 4506000.000000
4.810000 7810400.000000
4.820000 6008000.000000
4.830000 6608800.000000
4.840000 11415200.000000
4.850000 150200.000000
4.860000 6158200.000000
4.870000 2853800.000000
4.880000 80056600.000000
4.890000 119108600.000000
4.900000 118808200.000000
4.910000 118057200.000000
4.920000 120009800.000000
4.930000 120160000.000000
4.940000 120610600.000000
4.950000 118958400.000000
4.960000 118507800.000000
4.970000 118357600.000000
4.980000 118658000.000000
4.990000 118808200.000000
5.000000 119409000.000000
5.010000 118958400.000000
5.020000 116405000.000000
5.030000 118207400.000000
5.040000 120760800.000000
5.050000 51218200.000000
5.060000 0.000000
5.070000 0.000000
5.080000 0.000000
5.090000 150200.000000
5.100000 0.000000
5.110000 0.000000
5.120000 0.000000
5.130000 751000.000000
5.140000 10063400.000000
5.150000 119108600.000000
5.160000 119258800.000000
5.170000 118507800.000000
5.180000 119409000.000000
5.190000 117606600.000000
5.200000 119409000.000000
5.210000 118808200.000000
5.220000 120009800.000000
5.230000 118658000.000000
5.240000 120310200.000000
5.250000 117756800.000000
5.260000 116705400.000000
5.270000 118507800.000000
5.280000 119709400.000000
5.290000 118357600.000000
5.300000 118057200.000000
5.310000 117907000.000000
5.320000 119409000.000000
5.330000 119859600.000000
5.340000 117907000.000000
5.350000 119108600.000000
5.360000 118207400.000000
5.370000 118808200.000000
5.380000 117456400.000000
5.390000 119108600.000000
5.400000 120760800.000000
5.410000 119258800.000000
5.420000 118507800.000000
5.430000 118958400.000000
5.440000 118808200.000000
5.450000 118658000.000000
5.460000 118658000.000000
5.470000 119559200.000000
5.480000 117456400.000000
5.490000 118207400.000000
5.500000 119108600.000000
5.510000 118658000.000000
5.520000 119709400.000000
5.530000 117907000.000000
5.540000 118507800.000000
5.550000 115353600.000000
5.560000 117756800.000000
5.570000 118658000.000000
5.580000 118207400.000000
5.590000 119409000.000000
5.600000 119108600.000000
5.610000 119859600.000000
5.620000 119258800.000000
5.630000 118357600.000000
5.640000 119859600.000000
5.650000 117456400.000000
5.660000 120610600.000000
5.670000 119258800.000000
5.680000 118507800.000000
5.690000 117606600.000000
5.700000 119108600.000000
5.710000 119258800.000000
5.720000 117606600.000000
5.730000 119559200.000000
5.740000 118808200.000000
5.750000 119108600.000000
5.760000 117456400.000000
5.770000 118057200.000000
5.780000 118057200.000000
5.790000 117306200.000000
5.800000 117306200.000000
5.810000 119258800.000000
5.820000 119409000.000000
5.830000 117907000.000000
5.840000 118062600.000000
5.850000 121320700.000000
5.860000 35447200.000000
5.870000 7209600.000000
5.880000 5557400.000000
5.890000 8110800.000000
5.900000 5257000.000000
5.910000 7209600.000000
5.920000 4205600.000000
5.930000 6308400.000000
5.940000 19075400.000000
5.950000 8411200.000000
5.960000 1502000.000000
5.970000 150200.000000
5.980000 450600.000000
5.990000 0.000000
6.000000 450600.000000
6.010000 450600.000000
6.020000 300400.000000
6.030000 300400.000000
6.040000 150200.000000
6.050000 150200.000000
6.060000 150200.000000
6.070000 1201600.000000
6.080000 600800.000000
6.090000 0.000000
6.100000 0.000000
6.110000 0.000000
6.120000 0.000000
6.130000 0.000000
6.140000 0.000000
6.150000 300400.000000
