2.000000 5800.000000
2.010000 0.000000
2.020000 0.000000
2.030000 0.000000
2.040000 0.000000
2.050000 0.000000
2.060000 6200.000000
2.070000 0.000000
2.080000 0.000000
2.090000 0.000000
2.100000 0.000000
2.110000 0.000000
2.120000 0.000000
2.130000 0.000000
2.140000 0.000000
2.150000 0.000000
2.160000 1507400.000000
2.170000 0.000000
2.180000 0.000000
2.190000 0.000000
2.200000 0.000000
2.210000 0.000000
2.220000 0.000000
2.230000 0.000000
2.240000 0.000000
2.250000 0.000000
2.260000 3004000.000000
2.270000 0.000000
2.280000 0.000000
2.290000 0.000000
2.300000 0.000000
2.310000 0.000000
2.320000 0.000000
2.330000 0.000000
2.340000 0.000000
2.350000 0.000000
2.360000 4055400.000000
2.370000 0.000000
2.380000 0.000000
2.390000 0.000000
2.400000 0.000000
2.410000 0.000000
2.420000 0.000000
2.430000 0.000000
2.440000 0.000000
2.450000 0.000000
2.460000 5257000.000000
2.470000 0.000000
2.480000 0.000000
2.490000 0.000000
2.500000 0.000000
2.510000 0.000000
2.520000 0.000000
2.530000 0.000000
2.540000 0.000000
2.550000 0.000000
2.560000 10514000.000000
2.570000 0.000000
2.580000 0.000000
2.590000 0.000000
2.600000 0.000000
2.610000 0.000000
2.620000 0.000000
2.630000 0.000000
2.640000 0.000000
2.650000 0.000000
2.660000 14719600.000000
2.670000 0.000000
2.680000 0.000000
2.690000 0.000000
2.700000 0.000000
2.710000 0.000000
2.720000 0.000000
2.730000 0.000000
2.740000 0.000000
2.750000 0.000000
2.760000 19075400.000000
2.770000 0.000000
2.780000 0.000000
2.790000 0.000000
2.800000 0.000000
2.810000 0.000000
2.820000 0.000000
2.830000 0.000000
2.840000 0.000000
2.850000 0.000000
2.860000 37249600.000000
2.870000 0.000000
2.880000 0.000000
2.890000 0.000000
2.900000 0.000000
2.910000 0.000000
2.920000 0.000000
2.930000 0.000000
2.940000 0.000000
2.950000 0.000000
2.960000 69548000.000000
2.970000 0.000000
2.980000 0.000000
2.990000 0.000000
3.000000 0.000000
3.010000 0.000000
3.020000 0.000000
3.030000 0.000000
3.040000 0.000000
3.050000 0.000000
3.060000 93724800.000000
3.070000 0.000000
3.080000 0.000000
3.090000 0.000000
3.100000 0.000000
3.110000 0.000000
3.120000 0.000000
3.130000 0.000000
3.140000 0.000000
3.150000 0.000000
3.160000 115509200.000000
3.170000 0.000000
3.180000 0.000000
3.190000 0.000000
3.200000 0.000000
3.210000 0.000000
3.220000 0.000000
3.230000 0.000000
3.240000 0.000000
3.250000 0.000000
3.260000 46111400.000000
3.270000 751000.000000
3.280000 0.000000
3.290000 0.000000
3.300000 0.000000
3.310000 0.000000
3.320000 0.000000
3.330000 0.000000
3.340000 0.000000
3.350000 0.000000
3.360000 66238200.000000
3.370000 119559200.000000
3.380000 0.000000
3.390000 0.000000
3.400000 0.000000
3.410000 0.000000
3.420000 0.000000
3.430000 0.000000
3.440000 0.000000
3.450000 0.000000
3.460000 116560600.000000
3.470000 50166800.000000
3.480000 300400.000000
3.490000 0.000000
3.500000 0.000000
3.510000 7810400.000000
3.520000 0.000000
3.530000 0.000000
3.540000 0.000000
3.550000 0.000000
3.560000 184896200.000000
3.570000 177686600.000000
3.580000 0.000000
3.590000 0.000000
3.600000 9162200.000000
3.610000 14569400.000000
3.620000 0.000000
3.630000 0.000000
3.640000 450600.000000
3.650000 0.000000
3.660000 133377600.000000
3.670000 0.000000
3.680000 0.000000
3.690000 0.000000
3.700000 16672200.000000
3.710000 0.000000
3.720000 0.000000
3.730000 0.000000
3.740000 1051400.000000
3.750000 0.000000
3.760000 0.000000
3.770000 0.000000
3.780000 0.000000
3.790000 0.000000
3.800000 7359800.000000
3.810000 0.000000
3.820000 0.000000
3.830000 0.000000
3.840000 1201600.000000
3.850000 0.000000
3.860000 0.000000
3.870000 0.000000
3.880000 150200.000000
3.890000 0.000000
3.900000 91327000.000000
3.910000 0.000000
3.920000 0.000000
3.930000 0.000000
3.940000 600800.000000
3.950000 0.000000
3.960000 0.000000
3.970000 0.000000
3.980000 482442400.000000
3.990000 0.000000
4.000000 252336000.000000
4.010000 54372400.000000
4.020000 0.000000
4.030000 0.000000
4.040000 134647000.000000
4.050000 0.000000
4.060000 0.000000
4.070000 0.000000
4.080000 188588800.000000
4.090000 239569000.000000
4.100000 177536400.000000
4.110000 118808200.000000
4.120000 231007600.000000
4.130000 238818000.000000
4.140000 238217200.000000
4.150000 139385600.000000
4.160000 0.000000
4.170000 0.000000
4.180000 187750000.000000
4.190000 237616400.000000
4.200000 239418800.000000
4.210000 236114400.000000
4.220000 237916800.000000
4.230000 238217200.000000
4.240000 240325800.000000
4.250000 236715200.000000
4.260000 233110400.000000
4.270000 238217200.000000
4.280000 235814000.000000
4.290000 151101200.000000
4.300000 169275400.000000
4.310000 235213200.000000
4.320000 238818000.000000
4.330000 238217200.000000
4.340000 239418800.000000
4.350000 235513600.000000
4.360000 133527800.000000
4.370000 123013800.000000
4.380000 124666000.000000
4.390000 124365600.000000
4.400000 124816200.000000
4.410000 121962400.000000
4.420000 127970400.000000
4.430000 124365600.000000
4.440000 126468400.000000
4.450000 122863600.000000
4.460000 125417000.000000
4.470000 126618600.000000
4.480000 123464400.000000
4.490000 123764800.000000
4.500000 125567200.000000
4.510000 129172000.000000
4.520000 47763600.000000
4.530000 208027000.000000
4.540000 127369600.000000
4.550000 125867600.000000
4.560000 26285000.000000
4.570000 3304400.000000
4.580000 6308400.000000
4.590000 4055400.000000
4.600000 5557400.000000
4.610000 5557400.000000
4.620000 7309400.000000
4.630000 8711600.000000
4.640000 10063400.000000
4.650000 12767000.000000
4.660000 5707600.000000
4.670000 6008000.000000
4.680000 7209600.000000
4.690000 5257000.000000
4.700000 4506000.000000
4.710000 8617200.000000
4.720000 7059400.000000
4.730000 6608800.000000
4.740000 4806400.000000
4.750000 4806400.000000
4.760000 8261000.000000
4.770000 6458600.000000
4.780000 7660200.000000
4.790000 11865800.000000
4.800000 300400.000000
4.810000 6458600.000000
4.820000 2853800.000000
4.830000 1977533200.000000
4.840000 152603200.000000
4.850000 5257000.000000
4.860000 600800.000000
4.870000 150200.000000
4.880000 300400.000000
4.890000 450600.000000
4.900000 0.000000
4.910000 1502000.000000
4.920000 300400.000000
4.930000 0.000000
4.940000 0.000000
4.950000 0.000000
4.960000 0.000000
4.970000 0.000000
4.980000 0.000000
4.990000 0.000000
5.000000 0.000000
5.010000 0.000000
5.020000 0.000000
5.030000 0.000000
5.040000 150200.000000
5.050000 0.000000
5.060000 0.000000
5.070000 0.000000
5.080000 751000.000000
5.090000 1327167200.000000
5.100000 924030400.000000
5.110000 0.000000
5.120000 0.000000
5.130000 150200.000000
5.140000 0.000000
5.150000 0.000000
5.160000 0.000000
5.170000 0.000000
5.180000 1802400.000000
5.190000 637148400.000000
5.200000 238667800.000000
5.210000 107092600.000000
5.220000 0.000000
5.230000 0.000000
5.240000 0.000000
5.250000 0.000000
5.260000 0.000000
5.270000 0.000000
5.280000 0.000000
5.290000 0.000000
5.300000 1441169000.000000
5.310000 206675200.000000
5.320000 118507800.000000
5.330000 119709400.000000
5.340000 118357600.000000
5.350000 116254800.000000
5.360000 118357600.000000
5.370000 132626600.000000
5.380000 220643800.000000
5.390000 117456400.000000
5.400000 116705400.000000
5.410000 119409000.000000
5.420000 116254800.000000
5.430000 121061200.000000
5.440000 117907000.000000
5.450000 137433000.000000
5.460000 148998400.000000
5.470000 121061200.000000
5.480000 117005800.000000
5.490000 117606600.000000
5.500000 116855600.000000
5.510000 122262800.000000
5.520000 119108600.000000
5.530000 117456400.000000
5.540000 119409000.000000
5.550000 120760800.000000
5.560000 115804200.000000
5.570000 119258800.000000
5.580000 120610600.000000
5.590000 119559200.000000
5.600000 190603800.000000
5.610000 104416000.000000
5.620000 9162200.000000
5.630000 8261000.000000
5.640000 137520700.000000
5.650000 2553400.000000
5.660000 6008000.000000
5.670000 6909200.000000
5.680000 9763000.000000
5.690000 4806400.000000
5.700000 6308400.000000
5.710000 5557400.000000
5.720000 6759000.000000
5.730000 4205600.000000
5.740000 3905200.000000
5.750000 8110800.000000
5.760000 8261000.000000
5.770000 5857800.000000
5.780000 6759000.000000
5.790000 6909200.000000
5.800000 5857800.000000
5.810000 4656200.000000
5.820000 7510000.000000
5.830000 6008000.000000
5.840000 8411200.000000
5.850000 5857800.000000
5.860000 7510000.000000
5.870000 4205600.000000
5.880000 6608800.000000
5.890000 20277000.000000
5.900000 8711600.000000
5.910000 1802400.000000
5.920000 150200.000000
5.930000 450600.000000
5.940000 0.000000
5.950000 450600.000000
5.960000 450600.000000
5.970000 600800.000000
5.980000 300400.000000
5.990000 150200.000000
6.000000 150200.000000
6.010000 150200.000000
6.020000 1201600.000000
6.030000 600800.000000
6.040000 0.000000
6.050000 0.000000
6.060000 0.000000
6.070000 0.000000
6.080000 0.000000
6.090000 0.000000
6.100000 300400.000000
6.110000 0.000000
6.120000 0.000000
6.130000 0.000000
6.140000 0.000000
6.150000 0.000000
