2.000000 5800.000000
2.010000 0.000000
2.020000 0.000000
2.030000 0.000000
2.040000 0.000000
2.050000 0.000000
2.060000 6200.000000
2.070000 0.000000
2.080000 0.000000
2.090000 0.000000
2.100000 0.000000
2.110000 0.000000
2.120000 0.000000
2.130000 0.000000
2.140000 0.000000
2.150000 0.000000
2.160000 606200.000000
2.170000 0.000000
2.180000 0.000000
2.190000 0.000000
2.200000 0.000000
2.210000 0.000000
2.220000 0.000000
2.230000 0.000000
2.240000 0.000000
2.250000 0.000000
2.260000 4205600.000000
2.270000 0.000000
2.280000 0.000000
2.290000 0.000000
2.300000 0.000000
2.310000 0.000000
2.320000 0.000000
2.330000 0.000000
2.340000 0.000000
2.350000 0.000000
2.360000 12616800.000000
2.370000 0.000000
2.380000 0.000000
2.390000 0.000000
2.400000 0.000000
2.410000 0.000000
2.420000 0.000000
2.430000 0.000000
2.440000 0.000000
2.450000 0.000000
2.460000 18925200.000000
2.470000 0.000000
2.480000 0.000000
2.490000 0.000000
2.500000 623800.000000
2.510000 0.000000
2.520000 0.000000
2.530000 0.000000
2.540000 0.000000
2.550000 0.000000
2.560000 57058400.000000
2.570000 0.000000
2.580000 0.000000
2.590000 0.000000
2.600000 1502000.000000
2.610000 0.000000
2.620000 0.000000
2.630000 0.000000
2.640000 0.000000
2.650000 0.000000
2.660000 138339600.000000
2.670000 0.000000
2.680000 0.000000
2.690000 0.000000
2.700000 2102800.000000
2.710000 0.000000
2.720000 0.000000
2.730000 0.000000
2.740000 1351800.000000
2.750000 0.000000
2.760000 368290400.000000
2.770000 40559400.000000
2.780000 0.000000
2.790000 0.000000
2.800000 6759000.000000
2.810000 0.000000
2.820000 0.000000
2.830000 0.000000
2.840000 6759000.000000
2.850000 0.000000
2.860000 364986000.000000
2.870000 371745000.000000
2.880000 378504000.000000
2.890000 108144000.000000
2.900000 20282400.000000
2.910000 0.000000
2.920000 0.000000
2.930000 0.000000
2.940000 20277000.000000
2.950000 0.000000
2.960000 263601000.000000
2.970000 371745000.000000
2.980000 378504000.000000
2.990000 371745000.000000
3.000000 378504000.000000
3.010000 371745000.000000
3.020000 378504000.000000
3.030000 371745000.000000
3.040000 371745000.000000
3.050000 378504000.000000
3.060000 371750400.000000
3.070000 378504000.000000
3.080000 378504000.000000
3.090000 371745000.000000
3.100000 371745000.000000
3.110000 378504000.000000
3.120000 371745000.000000
3.130000 378504000.000000
3.140000 371745000.000000
3.150000 378504000.000000
3.160000 371745000.000000
3.170000 378504000.000000
3.180000 371745000.000000
3.190000 378504000.000000
3.200000 371745000.000000
3.210000 378504000.000000
3.220000 371745000.000000
3.230000 378504000.000000
3.240000 371745000.000000
3.250000 378504000.000000
3.260000 371745000.000000
3.270000 378504000.000000
3.280000 371745000.000000
3.290000 378504000.000000
3.300000 310914000.000000
3.310000 121662000.000000
3.320000 128421000.000000
3.330000 121662000.000000
3.340000 128421000.000000
3.350000 121662000.000000
3.360000 128421000.000000
3.370000 121662000.000000
3.380000 128421000.000000
3.390000 121662000.000000
3.400000 128421000.000000
3.410000 121662000.000000
3.420000 128421000.000000
3.430000 121662000.000000
3.440000 128421000.000000
3.450000 121662000.000000
3.460000 128421000.000000
3.470000 121662000.000000
3.480000 128421000.000000
3.490000 121662000.000000
3.500000 128421000.000000
3.510000 121662000.000000
3.520000 128421000.000000
3.530000 121662000.000000
3.540000 128421000.000000
3.550000 121662000.000000
3.560000 128421000.000000
3.570000 121662000.000000
3.580000 128421000.000000
3.590000 121662000.000000
3.600000 128421000.000000
3.610000 121662000.000000
3.620000 128421000.000000
3.630000 121662000.000000
3.640000 128421000.000000
3.650000 121662000.000000
3.660000 128421000.000000
3.670000 121662000.000000
3.680000 121662000.000000
3.690000 128421000.000000
3.700000 121662000.000000
3.710000 128421000.000000
3.720000 121662000.000000
3.730000 128421000.000000
3.740000 121662000.000000
3.750000 128421000.000000
3.760000 121662000.000000
3.770000 126878100.000000
3.780000 0.000000
3.790000 0.000000
3.800000 0.000000
3.810000 0.000000
3.820000 0.000000
3.830000 0.000000
3.840000 0.000000
3.850000 0.000000
3.860000 0.000000
3.870000 0.000000
3.880000 0.000000
3.890000 0.000000
3.900000 0.000000
3.910000 0.000000
3.920000 0.000000
3.930000 0.000000
3.940000 0.000000
3.950000 0.000000
3.960000 0.000000
3.970000 0.000000
3.980000 0.000000
3.990000 0.000000
4.000000 0.000000
4.010000 0.000000
4.020000 0.000000
4.030000 0.000000
4.040000 0.000000
4.050000 0.000000
4.060000 0.000000
4.070000 0.000000
4.080000 0.000000
4.090000 0.000000
4.100000 0.000000
4.110000 0.000000
4.120000 0.000000
4.130000 0.000000
4.140000 0.000000
4.150000 0.000000
4.160000 0.000000
4.170000 0.000000
4.180000 0.000000
4.190000 0.000000
4.200000 0.000000
4.210000 0.000000
4.220000 0.000000
4.230000 0.000000
4.240000 5800.000000
4.250000 0.000000
4.260000 0.000000
4.270000 0.000000
4.280000 0.000000
4.290000 0.000000
4.300000 0.000000
4.310000 0.000000
4.320000 0.000000
4.330000 0.000000
4.340000 0.000000
4.350000 0.000000
4.360000 0.000000
4.370000 0.000000
4.380000 0.000000
4.390000 0.000000
4.400000 0.000000
4.410000 0.000000
4.420000 0.000000
4.430000 0.000000
4.440000 0.000000
4.450000 0.000000
4.460000 0.000000
4.470000 0.000000
4.480000 0.000000
4.490000 0.000000
4.500000 0.000000
4.510000 0.000000
