2.000000 5800.000000
2.010000 0.000000
2.020000 0.000000
2.030000 0.000000
2.040000 0.000000
2.050000 0.000000
2.060000 0.000000
2.070000 0.000000
2.080000 0.000000
2.090000 0.000000
2.100000 0.000000
2.110000 6200.000000
2.120000 0.000000
2.130000 0.000000
2.140000 0.000000
2.150000 0.000000
2.160000 0.000000
2.170000 0.000000
2.180000 0.000000
2.190000 0.000000
2.200000 0.000000
2.210000 1507400.000000
2.220000 0.000000
2.230000 0.000000
2.240000 0.000000
2.250000 0.000000
2.260000 0.000000
2.270000 0.000000
2.280000 0.000000
2.290000 0.000000
2.300000 0.000000
2.310000 2853800.000000
2.320000 0.000000
2.330000 0.000000
2.340000 0.000000
2.350000 0.000000
2.360000 0.000000
2.370000 0.000000
2.380000 0.000000
2.390000 0.000000
2.400000 0.000000
2.410000 3755000.000000
2.420000 0.000000
2.430000 0.000000
2.440000 0.000000
2.450000 0.000000
2.460000 0.000000
2.470000 0.000000
2.480000 0.000000
2.490000 0.000000
2.500000 0.000000
2.510000 4956600.000000
2.520000 0.000000
2.530000 0.000000
2.540000 0.000000
2.550000 0.000000
2.560000 0.000000
2.570000 0.000000
2.580000 0.000000
2.590000 0.000000
2.600000 0.000000
2.610000 9162200.000000
2.620000 0.000000
2.630000 0.000000
2.640000 0.000000
2.650000 0.000000
2.660000 0.000000
2.670000 0.000000
2.680000 0.000000
2.690000 0.000000
2.700000 0.000000
2.710000 8584400.000000
2.720000 0.000000
2.730000 0.000000
2.740000 0.000000
2.750000 0.000000
2.760000 0.000000
2.770000 0.000000
2.780000 0.000000
2.790000 0.000000
2.800000 0.000000
2.810000 12449000.000000
2.820000 0.000000
2.830000 0.000000
2.840000 0.000000
2.850000 0.000000
2.860000 0.000000
2.870000 0.000000
2.880000 0.000000
2.890000 0.000000
2.900000 0.000000
2.910000 12016000.000000
2.920000 0.000000
2.930000 0.000000
2.940000 0.000000
2.950000 0.000000
2.960000 0.000000
2.970000 0.000000
2.980000 0.000000
2.990000 0.000000
3.000000 0.000000
3.010000 10825400.000000
3.020000 0.000000
3.030000 0.000000
3.040000 0.000000
3.050000 0.000000
3.060000 0.000000
3.070000 0.000000
3.080000 0.000000
3.090000 0.000000
3.100000 0.000000
3.110000 15164600.000000
3.120000 0.000000
3.130000 0.000000
3.140000 0.000000
3.150000 0.000000
3.160000 0.000000
3.170000 0.000000
3.180000 0.000000
3.190000 0.000000
3.200000 0.000000
3.210000 44759600.000000
3.220000 0.000000
3.230000 0.000000
3.240000 0.000000
3.250000 0.000000
3.260000 0.000000
3.270000 0.000000
3.280000 0.000000
3.290000 0.000000
3.300000 0.000000
3.310000 35897800.000000
3.320000 0.000000
3.330000 0.000000
3.340000 0.000000
3.350000 0.000000
3.360000 0.000000
3.370000 0.000000
3.380000 0.000000
3.390000 0.000000
3.400000 0.000000
3.410000 4840600.000000
3.420000 0.000000
3.430000 0.000000
3.440000 0.000000
3.450000 0.000000
3.460000 0.000000
3.470000 0.000000
3.480000 0.000000
3.490000 0.000000
3.500000 0.000000
3.510000 58127400.000000
3.520000 0.000000
3.530000 0.000000
3.540000 150200.000000
3.550000 0.000000
3.560000 0.000000
3.570000 0.000000
3.580000 0.000000
3.590000 0.000000
3.600000 0.000000
3.610000 79455800.000000
3.620000 53170800.000000
3.630000 0.000000
3.640000 8682800.000000
3.650000 0.000000
3.660000 0.000000
3.670000 0.000000
3.680000 0.000000
3.690000 0.000000
3.700000 0.000000
3.710000 45510600.000000
3.720000 0.000000
3.730000 0.000000
3.740000 15898000.000000
3.750000 0.000000
3.760000 0.000000
3.770000 0.000000
3.780000 1502000.000000
3.790000 0.000000
3.800000 0.000000
3.810000 0.000000
3.820000 0.000000
3.830000 0.000000
3.840000 3755000.000000
3.850000 0.000000
3.860000 0.000000
3.870000 0.000000
3.880000 4234200.000000
3.890000 0.000000
3.900000 0.000000
3.910000 0.000000
3.920000 150200.000000
3.930000 0.000000
3.940000 0.000000
3.950000 0.000000
3.960000 0.000000
3.970000 0.000000
3.980000 150200.000000
3.990000 0.000000
4.000000 0.000000
4.010000 0.000000
4.020000 751000.000000
4.030000 0.000000
4.040000 0.000000
4.050000 0.000000
4.060000 0.000000
4.070000 0.000000
4.080000 43558000.000000
4.090000 0.000000
4.100000 0.000000
4.110000 0.000000
4.120000 111899000.000000
4.130000 81582400.000000
4.140000 0.000000
4.150000 0.000000
4.160000 0.000000
4.170000 0.000000
4.180000 36630400.000000
4.190000 0.000000
4.200000 0.000000
4.210000 0.000000
4.220000 4506000.000000
4.230000 0.000000
4.240000 0.000000
4.250000 0.000000
4.260000 0.000000
4.270000 20877800.000000
4.280000 150200.000000
4.290000 0.000000
4.300000 0.000000
4.310000 0.000000
4.320000 29739600.000000
4.330000 0.000000
4.340000 0.000000
4.350000 300400.000000
4.360000 0.000000
4.370000 38000600.000000
4.380000 0.000000
4.390000 0.000000
4.400000 1802400.000000
4.410000 0.000000
4.420000 54072000.000000
4.430000 0.000000
4.440000 0.000000
4.450000 45510600.000000
4.460000 4656200.000000
4.470000 67289600.000000
4.480000 0.000000
4.490000 0.000000
4.500000 21929200.000000
4.510000 9012000.000000
4.520000 97029200.000000
4.530000 0.000000
4.540000 0.000000
4.550000 44309000.000000
4.560000 50617400.000000
4.570000 88167400.000000
4.580000 33494600.000000
4.590000 0.000000
4.600000 22079400.000000
4.610000 45360400.000000
4.620000 112499800.000000
4.630000 44909800.000000
4.640000 0.000000
4.650000 45660800.000000
4.660000 109495800.000000
4.670000 88167400.000000
4.680000 114001800.000000
4.690000 1051400.000000
4.700000 21779000.000000
4.710000 99732800.000000
4.720000 110847600.000000
4.730000 112800200.000000
4.740000 47162800.000000
4.750000 44759600.000000
4.760000 113551200.000000
4.770000 112199400.000000
4.780000 112950400.000000
4.790000 113851600.000000
4.800000 98681400.000000
4.810000 111298200.000000
4.820000 108294200.000000
4.830000 113100600.000000
4.840000 113401000.000000
4.850000 110617400.000000
4.860000 16522000.000000
4.870000 0.000000
4.880000 0.000000
4.890000 6759000.000000
4.900000 33194200.000000
4.910000 15020000.000000
4.920000 450600.000000
4.930000 0.000000
4.940000 0.000000
4.950000 33945200.000000
4.960000 23130800.000000
4.970000 0.000000
4.980000 0.000000
4.990000 8261000.000000
5.000000 0.000000
5.010000 0.000000
5.020000 150200.000000
5.030000 0.000000
5.040000 0.000000
5.050000 3905200.000000
5.060000 0.000000
5.070000 0.000000
5.080000 0.000000
5.090000 7660200.000000
5.100000 0.000000
5.110000 0.000000
5.120000 986600.000000
5.130000 0.000000
5.140000 0.000000
5.150000 0.000000
5.160000 0.000000
5.170000 0.000000
5.180000 600800.000000
5.190000 0.000000
5.200000 0.000000
5.210000 0.000000
5.220000 751000.000000
5.230000 0.000000
5.240000 0.000000
5.250000 150200.000000
5.260000 0.000000
5.270000 0.000000
5.280000 150200.000000
5.290000 0.000000
5.300000 0.000000
5.310000 0.000000
5.320000 150200.000000
5.330000 0.000000
5.340000 0.000000
5.350000 0.000000
5.360000 0.000000
5.370000 0.000000
5.380000 66388400.000000
5.390000 8561400.000000
5.400000 0.000000
5.410000 0.000000
5.420000 112199400.000000
5.430000 112199400.000000
5.440000 114001800.000000
5.450000 112499800.000000
5.460000 113250800.000000
5.470000 113250800.000000
5.480000 113401000.000000
5.490000 110697400.000000
5.500000 112950400.000000
5.510000 111298200.000000
5.520000 111899000.000000
5.530000 113250800.000000
5.540000 112349600.000000
5.550000 110997800.000000
5.560000 110697400.000000
5.570000 113100600.000000
5.580000 113250800.000000
5.590000 112049200.000000
5.600000 112650000.000000
5.610000 113250800.000000
5.620000 111899000.000000
5.630000 110847600.000000
5.640000 115804200.000000
5.650000 113701400.000000
5.660000 113401000.000000
5.670000 114001800.000000
5.680000 114302200.000000
5.690000 113026200.000000
5.700000 113480800.000000
5.710000 111748800.000000
5.720000 114302200.000000
5.730000 114302200.000000
5.740000 112199400.000000
5.750000 112499800.000000
5.760000 114302200.000000
5.770000 113851600.000000
5.780000 113250800.000000
5.790000 112950400.000000
5.800000 112049200.000000
5.810000 114302200.000000
5.820000 113401000.000000
5.830000 111298200.000000
5.840000 111598600.000000
5.850000 111448400.000000
5.860000 111899000.000000
5.870000 111448400.000000
5.880000 112650000.000000
5.890000 112499800.000000
5.900000 112049200.000000
5.910000 112199400.000000
5.920000 111899000.000000
5.930000 110397000.000000
5.940000 109946400.000000
5.950000 112199400.000000
5.960000 112199400.000000
5.970000 111899000.000000
5.980000 110847600.000000
5.990000 114302200.000000
6.000000 112950400.000000
6.010000 115353600.000000
6.020000 111748800.000000
6.030000 112950400.000000
6.040000 110547200.000000
6.050000 112650000.000000
6.060000 111899000.000000
6.070000 113100600.000000
6.080000 111148000.000000
6.090000 112049200.000000
6.100000 111598600.000000
6.110000 112499800.000000
6.120000 112499800.000000
6.130000 111148000.000000
6.140000 110397000.000000
6.150000 112950400.000000
6.160000 109646000.000000
6.170000 112199400.000000
6.180000 114752800.000000
6.190000 114302200.000000
6.200000 113551200.000000
6.210000 112800200.000000
6.220000 111448400.000000
6.230000 109796200.000000
6.240000 111748800.000000
6.250000 112950400.000000
6.260000 113551200.000000
6.270000 112499800.000000
6.280000 62483200.000000
6.290000 12016000.000000
6.300000 10063400.000000
6.310000 9462600.000000
6.320000 10514000.000000
6.330000 11265000.000000
6.340000 10213600.000000
6.350000 12316400.000000
6.360000 10664200.000000
6.370000 37700200.000000
6.380000 5707600.000000
6.390000 1502000.000000
6.400000 300400.000000
6.410000 1051400.000000
6.420000 901200.000000
6.430000 1802400.000000
6.440000 751000.000000
6.450000 1051400.000000
6.460000 1802400.000000
6.470000 1051400.000000
6.480000 79756200.000000
6.490000 112950400.000000
6.500000 114152000.000000
6.510000 110547200.000000
6.520000 112950400.000000
6.530000 111748800.000000
6.540000 110397000.000000
6.550000 113551200.000000
6.560000 112049200.000000
6.570000 113100600.000000
6.580000 111298200.000000
6.590000 111598600.000000
6.600000 113100600.000000
6.610000 111148000.000000
6.620000 112950400.000000
6.630000 111598600.000000
6.640000 112199400.000000
6.650000 112650000.000000
6.660000 112049200.000000
6.670000 113250800.000000
6.680000 113551200.000000
6.690000 109646000.000000
6.700000 110547200.000000
6.710000 108444400.000000
6.720000 112049200.000000
6.730000 112499800.000000
6.740000 111899000.000000
6.750000 113851600.000000
6.760000 112499800.000000
6.770000 113250800.000000
6.780000 112650000.000000
6.790000 112650000.000000
6.800000 111598600.000000
6.810000 111899000.000000
6.820000 111899000.000000
6.830000 112199400.000000
6.840000 111148000.000000
6.850000 114001800.000000
6.860000 112800200.000000
6.870000 110547200.000000
6.880000 110997800.000000
6.890000 114452400.000000
6.900000 111899000.000000
6.910000 111598600.000000
6.920000 110997800.000000
6.930000 111598600.000000
6.940000 114302200.000000
6.950000 110997800.000000
6.960000 113100600.000000
6.970000 112499800.000000
6.980000 113851600.000000
6.990000 111899000.000000
7.000000 113551200.000000
7.010000 113851600.000000
7.020000 113701400.000000
7.030000 113250800.000000
7.040000 113100600.000000
7.050000 111598600.000000
7.060000 115804200.000000
7.070000 112199400.000000
7.080000 112650000.000000
7.090000 112950400.000000
7.100000 109154500.000000
7.110000 12166200.000000
7.120000 13217600.000000
7.130000 25984600.000000
7.140000 0.000000
7.150000 0.000000
7.160000 450600.000000
7.170000 1051400.000000
7.180000 32893800.000000
7.190000 9012000.000000
7.200000 37399800.000000
7.210000 901200.000000
7.220000 1201600.000000
7.230000 450600.000000
7.240000 0.000000
7.250000 0.000000
7.260000 4055400.000000
7.270000 0.000000
7.280000 0.000000
7.290000 150200.000000
7.300000 0.000000
7.310000 4355800.000000
7.320000 2853800.000000
7.330000 600800.000000
7.340000 150200.000000
7.350000 0.000000
7.360000 0.000000
7.370000 0.000000
7.380000 0.000000
7.390000 150200.000000
7.400000 0.000000
7.410000 0.000000
7.420000 0.000000
7.430000 0.000000
7.440000 0.000000
7.450000 0.000000
7.460000 450600.000000
7.470000 0.000000
7.480000 0.000000
7.490000 0.000000
7.500000 0.000000
7.510000 0.000000
7.520000 0.000000
7.530000 0.000000
7.540000 0.000000
7.550000 0.000000
7.560000 150200.000000
7.570000 0.000000
7.580000 150200.000000
