2.000000 5800.000000
2.010000 0.000000
2.020000 0.000000
2.030000 0.000000
2.040000 0.000000
2.050000 0.000000
2.060000 6200.000000
2.070000 0.000000
2.080000 0.000000
2.090000 0.000000
2.100000 0.000000
2.110000 0.000000
2.120000 0.000000
2.130000 0.000000
2.140000 0.000000
2.150000 0.000000
2.160000 1507400.000000
2.170000 0.000000
2.180000 0.000000
2.190000 0.000000
2.200000 0.000000
2.210000 0.000000
2.220000 0.000000
2.230000 0.000000
2.240000 0.000000
2.250000 0.000000
2.260000 3004000.000000
2.270000 0.000000
2.280000 0.000000
2.290000 0.000000
2.300000 0.000000
2.310000 0.000000
2.320000 0.000000
2.330000 0.000000
2.340000 0.000000
2.350000 0.000000
2.360000 4055400.000000
2.370000 0.000000
2.380000 0.000000
2.390000 0.000000
2.400000 0.000000
2.410000 0.000000
2.420000 0.000000
2.430000 0.000000
2.440000 0.000000
2.450000 0.000000
2.460000 5257000.000000
2.470000 0.000000
2.480000 0.000000
2.490000 0.000000
2.500000 0.000000
2.510000 0.000000
2.520000 0.000000
2.530000 0.000000
2.540000 0.000000
2.550000 0.000000
2.560000 9913200.000000
2.570000 0.000000
2.580000 0.000000
2.590000 0.000000
2.600000 0.000000
2.610000 0.000000
2.620000 0.000000
2.630000 0.000000
2.640000 0.000000
2.650000 0.000000
2.660000 9786000.000000
2.670000 0.000000
2.680000 0.000000
2.690000 0.000000
2.700000 0.000000
2.710000 0.000000
2.720000 0.000000
2.730000 0.000000
2.740000 0.000000
2.750000 0.000000
2.760000 13951000.000000
2.770000 0.000000
2.780000 0.000000
2.790000 0.000000
2.800000 0.000000
2.810000 0.000000
2.820000 0.000000
2.830000 0.000000
2.840000 0.000000
2.850000 0.000000
2.860000 12466600.000000
2.870000 0.000000
2.880000 0.000000
2.890000 0.000000
2.900000 0.000000
2.910000 0.000000
2.920000 0.000000
2.930000 0.000000
2.940000 0.000000
2.950000 0.000000
2.960000 11876800.000000
2.970000 0.000000
2.980000 0.000000
2.990000 0.000000
3.000000 0.000000
3.010000 0.000000
3.020000 0.000000
3.030000 0.000000
3.040000 0.000000
3.050000 0.000000
3.060000 17868200.000000
3.070000 0.000000
3.080000 0.000000
3.090000 0.000000
3.100000 0.000000
3.110000 0.000000
3.120000 0.000000
3.130000 0.000000
3.140000 0.000000
3.150000 0.000000
3.160000 48514600.000000
3.170000 0.000000
3.180000 0.000000
3.190000 0.000000
3.200000 0.000000
3.210000 0.000000
3.220000 0.000000
3.230000 0.000000
3.240000 0.000000
3.250000 0.000000
3.260000 41004600.000000
3.270000 0.000000
3.280000 0.000000
3.290000 0.000000
3.300000 0.000000
3.310000 0.000000
3.320000 0.000000
3.330000 0.000000
3.340000 0.000000
3.350000 0.000000
3.360000 5441400.000000
3.370000 0.000000
3.380000 0.000000
3.390000 0.000000
3.400000 0.000000
3.410000 0.000000
3.420000 0.000000
3.430000 0.000000
3.440000 0.000000
3.450000 0.000000
3.460000 65308200.000000
3.470000 0.000000
3.480000 0.000000
3.490000 150200.000000
3.500000 0.000000
3.510000 0.000000
3.520000 0.000000
3.530000 0.000000
3.540000 0.000000
3.550000 0.000000
3.560000 148848200.000000
3.570000 0.000000
3.580000 0.000000
3.590000 10335000.000000
3.600000 0.000000
3.610000 0.000000
3.620000 0.000000
3.630000 0.000000
3.640000 0.000000
3.650000 0.000000
3.660000 49415800.000000
3.670000 0.000000
3.680000 0.000000
3.690000 17850600.000000
3.700000 0.000000
3.710000 0.000000
3.720000 0.000000
3.730000 1652200.000000
3.740000 0.000000
3.750000 0.000000
3.760000 0.000000
3.770000 0.000000
3.780000 0.000000
3.790000 3905200.000000
3.800000 0.000000
3.810000 0.000000
3.820000 0.000000
3.830000 4684800.000000
3.840000 0.000000
3.850000 0.000000
3.860000 0.000000
3.870000 150200.000000
3.880000 0.000000
3.890000 0.000000
3.900000 0.000000
3.910000 0.000000
3.920000 0.000000
3.930000 150200.000000
3.940000 0.000000
3.950000 0.000000
3.960000 0.000000
3.970000 751000.000000
3.980000 0.000000
3.990000 0.000000
4.000000 0.000000
4.010000 0.000000
4.020000 0.000000
4.030000 48364400.000000
4.040000 0.000000
4.050000 0.000000
4.060000 0.000000
4.070000 216762400.000000
4.080000 0.000000
4.090000 0.000000
4.100000 0.000000
4.110000 0.000000
4.120000 0.000000
4.130000 41587000.000000
4.140000 0.000000
4.150000 0.000000
4.160000 0.000000
4.170000 4806400.000000
4.180000 0.000000
4.190000 0.000000
4.200000 0.000000
4.210000 0.000000
4.220000 23130800.000000
4.230000 150200.000000
4.240000 5800.000000
4.250000 0.000000
4.260000 0.000000
4.270000 31842400.000000
4.280000 0.000000
4.290000 0.000000
4.300000 300400.000000
4.310000 0.000000
4.320000 41605400.000000
4.330000 0.000000
4.340000 0.000000
4.350000 2253000.000000
4.360000 0.000000
4.370000 59479200.000000
4.380000 0.000000
4.390000 0.000000
4.400000 54973200.000000
4.410000 0.000000
4.420000 75550600.000000
4.430000 0.000000
4.440000 0.000000
4.450000 35146800.000000
4.460000 0.000000
4.470000 107843600.000000
4.480000 0.000000
4.490000 0.000000
4.500000 96879000.000000
4.510000 9312400.000000
4.520000 134278800.000000
4.530000 0.000000
4.540000 0.000000
4.550000 57226200.000000
4.560000 17873800.000000
4.570000 173180600.000000
4.580000 0.000000
4.590000 0.000000
4.600000 88467800.000000
4.610000 82610000.000000
4.620000 168374200.000000
4.630000 56325000.000000
4.640000 0.000000
4.650000 44158800.000000
4.660000 90720800.000000
4.670000 224999600.000000
4.680000 76151400.000000
4.690000 0.000000
4.700000 91321600.000000
4.710000 200216600.000000
4.720000 176334800.000000
4.730000 164318800.000000
4.740000 1201600.000000
4.750000 43558000.000000
4.760000 199465600.000000
4.770000 219892800.000000
4.780000 160183400.000000
4.790000 2403200.000000
4.800000 40403800.000000
4.810000 901200.000000
4.820000 0.000000
4.830000 0.000000
4.840000 8261000.000000
4.850000 42807000.000000
4.860000 8711600.000000
4.870000 600800.000000
4.880000 0.000000
4.890000 0.000000
4.900000 53020600.000000
4.910000 10363800.000000
4.920000 0.000000
4.930000 0.000000
4.940000 9247600.000000
4.950000 0.000000
4.960000 0.000000
4.970000 300400.000000
4.980000 0.000000
4.990000 0.000000
5.000000 4656200.000000
5.010000 0.000000
5.020000 0.000000
5.030000 0.000000
5.040000 8411200.000000
5.050000 0.000000
5.060000 0.000000
5.070000 1136800.000000
5.080000 0.000000
5.090000 0.000000
5.100000 150200.000000
5.110000 0.000000
5.120000 0.000000
5.130000 751000.000000
5.140000 0.000000
5.150000 0.000000
5.160000 0.000000
5.170000 751000.000000
5.180000 0.000000
5.190000 0.000000
5.200000 150200.000000
5.210000 0.000000
5.220000 0.000000
5.230000 150200.000000
5.240000 0.000000
5.250000 0.000000
5.260000 0.000000
5.270000 150200.000000
5.280000 0.000000
5.290000 0.000000
5.300000 0.000000
5.310000 0.000000
5.320000 0.000000
5.330000 83961800.000000
5.340000 0.000000
5.350000 0.000000
5.360000 0.000000
5.370000 2057139200.000000
5.380000 0.000000
5.390000 0.000000
5.400000 0.000000
5.410000 0.000000
5.420000 0.000000
5.430000 127519800.000000
5.440000 20277000.000000
5.450000 0.000000
5.460000 0.000000
5.470000 112199400.000000
5.480000 112199400.000000
5.490000 112800200.000000
5.500000 109345600.000000
5.510000 116405000.000000
5.520000 113701400.000000
5.530000 114001800.000000
5.540000 109946400.000000
5.550000 112800200.000000
5.560000 110997800.000000
5.570000 58954200.000000
5.580000 0.000000
5.590000 0.000000
5.600000 0.000000
5.610000 0.000000
5.620000 0.000000
5.630000 206074400.000000
5.640000 104468800.000000
5.650000 225300000.000000
5.660000 228304000.000000
5.670000 235213200.000000
5.680000 233861400.000000
5.690000 243474200.000000
5.700000 242873400.000000
5.710000 235964200.000000
5.720000 152302800.000000
5.730000 125717400.000000
5.740000 139535800.000000
5.750000 113551200.000000
5.760000 111748800.000000
5.770000 114302200.000000
5.780000 133377600.000000
5.790000 112199400.000000
5.800000 119108600.000000
5.810000 128120600.000000
5.820000 123915000.000000
5.830000 124215400.000000
5.840000 123464400.000000
5.850000 124966400.000000
5.860000 124816200.000000
5.870000 138484400.000000
5.880000 126618600.000000
5.890000 124666000.000000
5.900000 130974400.000000
5.910000 135931000.000000
5.920000 132176000.000000
5.930000 127670000.000000
5.940000 129322200.000000
5.950000 124365600.000000
5.960000 123013800.000000
5.970000 124215400.000000
5.980000 124515800.000000
5.990000 120160000.000000
6.000000 126318200.000000
6.010000 127820200.000000
6.020000 125266800.000000
6.030000 123314200.000000
6.040000 126919000.000000
6.050000 125567200.000000
6.060000 128571200.000000
6.070000 123464400.000000
6.080000 123915000.000000
6.090000 120310200.000000
6.100000 123314200.000000
6.110000 127219400.000000
6.120000 126919000.000000
6.130000 124816200.000000
6.140000 67289600.000000
6.150000 13367800.000000
6.160000 12917200.000000
6.170000 13367800.000000
6.180000 12466600.000000
6.190000 12016000.000000
6.200000 14118800.000000
6.210000 14569400.000000
6.220000 13518000.000000
6.230000 13818400.000000
6.240000 12917200.000000
6.250000 11565400.000000
6.260000 10814400.000000
6.270000 11114800.000000
6.280000 13067400.000000
6.290000 11865800.000000
6.300000 13217600.000000
6.310000 12767000.000000
6.320000 42206200.000000
6.330000 6308400.000000
6.340000 1502000.000000
6.350000 300400.000000
6.360000 1051400.000000
6.370000 1051400.000000
6.380000 2102800.000000
6.390000 901200.000000
6.400000 1051400.000000
6.410000 1802400.000000
6.420000 1201600.000000
6.430000 2271324400.000000
6.440000 3004000.000000
6.450000 600800.000000
6.460000 2102800.000000
6.470000 1802400.000000
6.480000 3604800.000000
6.490000 1502000.000000
6.500000 1802400.000000
6.510000 1952600.000000
6.520000 1201600.000000
6.530000 79756200.000000
6.540000 112950400.000000
6.550000 114152000.000000
6.560000 110547200.000000
6.570000 112950400.000000
6.580000 111748800.000000
6.590000 110397000.000000
6.600000 113551200.000000
6.610000 112049200.000000
6.620000 113100600.000000
6.630000 111298200.000000
6.640000 111598600.000000
6.650000 113100600.000000
6.660000 111148000.000000
6.670000 112950400.000000
6.680000 111598600.000000
6.690000 110997800.000000
6.700000 113100600.000000
6.710000 169726000.000000
6.720000 226501600.000000
6.730000 179338800.000000
6.740000 120610600.000000
6.750000 122112600.000000
6.760000 123915000.000000
6.770000 124966400.000000
6.780000 125417000.000000
6.790000 127820200.000000
6.800000 127519800.000000
6.810000 124666000.000000
6.820000 126168000.000000
6.830000 124816200.000000
6.840000 124966400.000000
6.850000 123915000.000000
6.860000 124515800.000000
6.870000 124666000.000000
6.880000 119258800.000000
6.890000 117456400.000000
6.900000 41905800.000000
6.910000 8411200.000000
6.920000 22980600.000000
6.930000 432876400.000000
6.940000 130824200.000000
6.950000 127069200.000000
6.960000 121470900.000000
6.970000 11565400.000000
6.980000 14118800.000000
6.990000 13668200.000000
7.000000 13818400.000000
7.010000 11715600.000000
7.020000 12466600.000000
7.030000 14118800.000000
7.040000 11865800.000000
7.050000 10964600.000000
7.060000 12917200.000000
7.070000 14118800.000000
7.080000 28688200.000000
7.090000 0.000000
7.100000 0.000000
7.110000 450600.000000
7.120000 1201600.000000
7.130000 37249600.000000
7.140000 9462600.000000
7.150000 41004600.000000
7.160000 1051400.000000
7.170000 1201600.000000
7.180000 450600.000000
7.190000 0.000000
7.200000 0.000000
7.210000 4355800.000000
7.220000 0.000000
7.230000 0.000000
7.240000 150200.000000
7.250000 0.000000
7.260000 4506000.000000
7.270000 3454600.000000
7.280000 450600.000000
7.290000 150200.000000
7.300000 0.000000
7.310000 0.000000
7.320000 0.000000
7.330000 0.000000
7.340000 300400.000000
7.350000 0.000000
7.360000 0.000000
7.370000 0.000000
7.380000 0.000000
7.390000 150200.000000
7.400000 0.000000
7.410000 450600.000000
7.420000 0.000000
7.430000 0.000000
7.440000 0.000000
7.450000 0.000000
7.460000 0.000000
7.470000 0.000000
7.480000 0.000000
7.490000 0.000000
7.500000 0.000000
7.510000 150200.000000
7.520000 0.000000
7.530000 150200.000000
7.540000 0.000000
7.550000 0.000000
7.560000 0.000000
7.570000 0.000000
7.580000 0.000000
