2.000000 5800.000000
2.010000 0.000000
2.020000 0.000000
2.030000 0.000000
2.040000 0.000000
2.050000 0.000000
2.060000 0.000000
2.070000 0.000000
2.080000 0.000000
2.090000 0.000000
2.100000 0.000000
2.110000 6200.000000
2.120000 0.000000
2.130000 0.000000
2.140000 0.000000
2.150000 0.000000
2.160000 0.000000
2.170000 0.000000
2.180000 0.000000
2.190000 0.000000
2.200000 0.000000
2.210000 1507400.000000
2.220000 0.000000
2.230000 0.000000
2.240000 0.000000
2.250000 0.000000
2.260000 0.000000
2.270000 0.000000
2.280000 0.000000
2.290000 0.000000
2.300000 0.000000
2.310000 3004000.000000
2.320000 0.000000
2.330000 0.000000
2.340000 0.000000
2.350000 0.000000
2.360000 0.000000
2.370000 0.000000
2.380000 0.000000
2.390000 0.000000
2.400000 0.000000
2.410000 6008000.000000
2.420000 0.000000
2.430000 0.000000
2.440000 0.000000
2.450000 0.000000
2.460000 0.000000
2.470000 0.000000
2.480000 0.000000
2.490000 0.000000
2.500000 0.000000
2.510000 11565400.000000
2.520000 0.000000
2.530000 0.000000
2.540000 0.000000
2.550000 300400.000000
2.560000 0.000000
2.570000 0.000000
2.580000 0.000000
2.590000 0.000000
2.600000 0.000000
2.610000 21028000.000000
2.620000 0.000000
2.630000 0.000000
2.640000 0.000000
2.650000 300400.000000
2.660000 0.000000
2.670000 0.000000
2.680000 0.000000
2.690000 0.000000
2.700000 0.000000
2.710000 19120000.000000
2.720000 0.000000
2.730000 0.000000
2.740000 0.000000
2.750000 0.000000
2.760000 0.000000
2.770000 0.000000
2.780000 0.000000
2.790000 0.000000
2.800000 0.000000
2.810000 48175000.000000
2.820000 0.000000
2.830000 0.000000
2.840000 0.000000
2.850000 0.000000
2.860000 0.000000
2.870000 0.000000
2.880000 0.000000
2.890000 0.000000
2.900000 0.000000
2.910000 53471200.000000
2.920000 0.000000
2.930000 0.000000
2.940000 0.000000
2.950000 0.000000
2.960000 0.000000
2.970000 0.000000
2.980000 0.000000
2.990000 0.000000
3.000000 0.000000
3.010000 95076600.000000
3.020000 0.000000
3.030000 0.000000
3.040000 0.000000
3.050000 0.000000
3.060000 0.000000
3.070000 0.000000
3.080000 0.000000
3.090000 0.000000
3.100000 0.000000
3.110000 115053200.000000
3.120000 73447800.000000
3.130000 0.000000
3.140000 0.000000
3.150000 0.000000
3.160000 0.000000
3.170000 0.000000
3.180000 0.000000
3.190000 0.000000
3.200000 0.000000
3.210000 115954400.000000
3.220000 124515800.000000
3.230000 77334600.000000
3.240000 0.000000
3.250000 0.000000
3.260000 0.000000
3.270000 0.000000
3.280000 0.000000
3.290000 0.000000
3.300000 0.000000
3.310000 49139200.000000
3.320000 16522000.000000
3.330000 1051400.000000
3.340000 0.000000
3.350000 0.000000
3.360000 0.000000
3.370000 0.000000
3.380000 0.000000
3.390000 0.000000
3.400000 0.000000
3.410000 85914400.000000
3.420000 124365600.000000
3.430000 124666000.000000
3.440000 124816200.000000
3.450000 10063400.000000
3.460000 0.000000
3.470000 0.000000
3.480000 0.000000
3.490000 0.000000
3.500000 0.000000
3.510000 85463800.000000
3.520000 123614600.000000
3.530000 124671400.000000
3.540000 124515800.000000
3.550000 124365600.000000
3.560000 124966400.000000
3.570000 124215400.000000
3.580000 124365600.000000
3.590000 71495200.000000
3.600000 0.000000
3.610000 84863000.000000
3.620000 124515800.000000
3.630000 124966400.000000
3.640000 124065200.000000
3.650000 124515800.000000
3.660000 124666000.000000
3.670000 124666000.000000
3.680000 124065200.000000
3.690000 124966400.000000
3.700000 124666000.000000
3.710000 124666000.000000
3.720000 124215400.000000
3.730000 124966400.000000
3.740000 64135400.000000
3.750000 751000.000000
3.760000 300400.000000
3.770000 300400.000000
3.780000 901200.000000
3.790000 79611400.000000
3.800000 124666000.000000
3.810000 124365600.000000
3.820000 124515800.000000
3.830000 124515800.000000
3.840000 124365600.000000
3.850000 124515800.000000
3.860000 124365600.000000
3.870000 124666000.000000
3.880000 124666000.000000
3.890000 124515800.000000
3.900000 124365600.000000
3.910000 124515800.000000
3.920000 123764800.000000
3.930000 124816200.000000
3.940000 124365600.000000
3.950000 124515800.000000
3.960000 124966400.000000
3.970000 124365600.000000
3.980000 124816200.000000
3.990000 124816200.000000
4.000000 124666000.000000
4.010000 124365600.000000
4.020000 124666000.000000
4.030000 124816200.000000
4.040000 124065200.000000
4.050000 124365600.000000
4.060000 124966400.000000
4.070000 124666000.000000
4.080000 124666000.000000
4.090000 124371000.000000
4.100000 124666000.000000
4.110000 124816200.000000
4.120000 124215400.000000
4.130000 124365600.000000
4.140000 124215400.000000
4.150000 124966400.000000
4.160000 124666000.000000
4.170000 124215400.000000
4.180000 124065200.000000
4.190000 124816200.000000
4.200000 124816200.000000
4.210000 124215400.000000
4.220000 124365600.000000
4.230000 124515800.000000
4.240000 124816200.000000
4.250000 124515800.000000
4.260000 124666000.000000
4.270000 124666000.000000
4.280000 124065200.000000
4.290000 124065200.000000
4.300000 124515800.000000
4.310000 123915000.000000
4.320000 124365600.000000
4.330000 124515800.000000
4.340000 124816200.000000
4.350000 124666000.000000
4.360000 124365600.000000
4.370000 124816200.000000
4.380000 124816200.000000
4.390000 124816200.000000
4.400000 124065200.000000
4.410000 124065200.000000
4.420000 124515800.000000
4.430000 124065200.000000
4.440000 124515800.000000
4.450000 124666000.000000
4.460000 123764800.000000
4.470000 124365600.000000
4.480000 124822000.000000
4.490000 124215400.000000
4.500000 124215400.000000
4.510000 124966400.000000
4.520000 124966400.000000
4.530000 123614600.000000
4.540000 124966400.000000
4.550000 124666000.000000
4.560000 124365600.000000
4.570000 124666000.000000
4.580000 124666000.000000
4.590000 124365600.000000
4.600000 124666000.000000
4.610000 124365600.000000
4.620000 124666000.000000
4.630000 124515800.000000
4.640000 124515800.000000
4.650000 124816200.000000
4.660000 124365600.000000
4.670000 124666000.000000
4.680000 124666000.000000
4.690000 124215400.000000
4.700000 124365600.000000
4.710000 124365600.000000
4.720000 124666000.000000
4.730000 123915000.000000
4.740000 124966400.000000
4.750000 124666000.000000
4.760000 124365600.000000
4.770000 124515800.000000
4.780000 124215400.000000
4.790000 124365600.000000
4.800000 124365600.000000
4.810000 124666000.000000
4.820000 124816200.000000
4.830000 124515800.000000
4.840000 124515800.000000
4.850000 124966400.000000
4.860000 124515800.000000
4.870000 124816200.000000
4.880000 124666000.000000
4.890000 124365600.000000
4.900000 123915000.000000
4.910000 124816200.000000
4.920000 124215400.000000
4.930000 124515800.000000
4.940000 124666000.000000
4.950000 124365600.000000
4.960000 123915000.000000
4.970000 124515800.000000
4.980000 124515800.000000
4.990000 124666000.000000
5.000000 124515800.000000
5.010000 124666000.000000
5.020000 124666000.000000
5.030000 124515800.000000
5.040000 123614600.000000
5.050000 124215400.000000
5.060000 124365600.000000
5.070000 124515800.000000
5.080000 124816200.000000
5.090000 124515800.000000
5.100000 124065200.000000
5.110000 123614600.000000
5.120000 124065200.000000
5.130000 124625100.000000
5.140000 2703600.000000
5.150000 901200.000000
5.160000 600800.000000
5.170000 450600.000000
5.180000 150200.000000
5.190000 600800.000000
5.200000 901200.000000
5.210000 1351800.000000
5.220000 901200.000000
5.230000 450600.000000
5.240000 150200.000000
