2.000000 5800.000000
2.010000 0.000000
2.020000 0.000000
2.030000 0.000000
2.040000 0.000000
2.050000 0.000000
2.060000 0.000000
2.070000 0.000000
2.080000 0.000000
2.090000 0.000000
2.100000 0.000000
2.110000 6200.000000
2.120000 0.000000
2.130000 0.000000
2.140000 0.000000
2.150000 0.000000
2.160000 0.000000
2.170000 0.000000
2.180000 0.000000
2.190000 0.000000
2.200000 0.000000
2.210000 1507400.000000
2.220000 0.000000
2.230000 0.000000
2.240000 0.000000
2.250000 0.000000
2.260000 0.000000
2.270000 0.000000
2.280000 0.000000
2.290000 0.000000
2.300000 0.000000
2.310000 2703600.000000
2.320000 0.000000
2.330000 0.000000
2.340000 0.000000
2.350000 0.000000
2.360000 0.000000
2.370000 0.000000
2.380000 0.000000
2.390000 0.000000
2.400000 0.000000
2.410000 3154200.000000
2.420000 0.000000
2.430000 0.000000
2.440000 0.000000
2.450000 0.000000
2.460000 0.000000
2.470000 0.000000
2.480000 0.000000
2.490000 0.000000
2.500000 0.000000
2.510000 3755000.000000
2.520000 0.000000
2.530000 0.000000
2.540000 0.000000
2.550000 0.000000
2.560000 0.000000
2.570000 0.000000
2.580000 0.000000
2.590000 0.000000
2.600000 0.000000
2.610000 5106800.000000
2.620000 0.000000
2.630000 0.000000
2.640000 0.000000
2.650000 0.000000
2.660000 0.000000
2.670000 0.000000
2.680000 0.000000
2.690000 0.000000
2.700000 0.000000
2.710000 8110800.000000
2.720000 0.000000
2.730000 0.000000
2.740000 0.000000
2.750000 0.000000
2.760000 0.000000
2.770000 0.000000
2.780000 0.000000
2.790000 0.000000
2.800000 0.000000
2.810000 9763000.000000
2.820000 0.000000
2.830000 0.000000
2.840000 0.000000
2.850000 0.000000
2.860000 0.000000
2.870000 0.000000
2.880000 0.000000
2.890000 0.000000
2.900000 0.000000
2.910000 2102800.000000
2.920000 0.000000
2.930000 0.000000
2.940000 0.000000
2.950000 0.000000
2.960000 0.000000
2.970000 0.000000
2.980000 0.000000
2.990000 0.000000
3.000000 0.000000
3.010000 1351800.000000
3.020000 0.000000
3.030000 0.000000
3.040000 0.000000
3.050000 0.000000
3.060000 0.000000
3.070000 0.000000
3.080000 0.000000
3.090000 0.000000
3.100000 0.000000
3.110000 3460000.000000
3.120000 0.000000
3.130000 0.000000
3.140000 300400.000000
3.150000 0.000000
3.160000 0.000000
3.170000 0.000000
3.180000 0.000000
3.190000 0.000000
3.200000 0.000000
3.210000 0.000000
3.220000 0.000000
3.230000 0.000000
3.240000 0.000000
3.250000 0.000000
3.260000 0.000000
3.270000 0.000000
3.280000 0.000000
3.290000 0.000000
3.300000 0.000000
3.310000 600800.000000
3.320000 0.000000
3.330000 0.000000
3.340000 0.000000
3.350000 0.000000
3.360000 0.000000
3.370000 0.000000
3.380000 0.000000
3.390000 0.000000
3.400000 0.000000
3.410000 18843600.000000
3.420000 0.000000
3.430000 0.000000
3.440000 0.000000
3.450000 0.000000
3.460000 0.000000
3.470000 0.000000
3.480000 0.000000
3.490000 0.000000
3.500000 0.000000
3.510000 24419400.000000
3.520000 0.000000
3.530000 0.000000
3.540000 2102800.000000
3.550000 0.000000
3.560000 0.000000
3.570000 0.000000
3.580000 0.000000
3.590000 0.000000
3.600000 0.000000
3.610000 9462600.000000
3.620000 0.000000
3.630000 0.000000
3.640000 7660200.000000
3.650000 0.000000
3.660000 0.000000
3.670000 0.000000
3.680000 300400.000000
3.690000 0.000000
3.700000 0.000000
3.710000 0.000000
3.720000 0.000000
3.730000 0.000000
3.740000 1051400.000000
3.750000 0.000000
3.760000 0.000000
3.770000 0.000000
3.780000 1201600.000000
3.790000 0.000000
3.800000 0.000000
3.810000 0.000000
3.820000 0.000000
3.830000 0.000000
3.840000 2703600.000000
3.850000 0.000000
3.860000 0.000000
3.870000 0.000000
3.880000 40409200.000000
3.890000 0.000000
3.900000 0.000000
3.910000 0.000000
3.920000 0.000000
3.930000 0.000000
3.940000 3154200.000000
3.950000 0.000000
3.960000 0.000000
3.970000 0.000000
3.980000 600800.000000
3.990000 0.000000
4.000000 0.000000
4.010000 0.000000
4.020000 6909200.000000
4.030000 0.000000
4.040000 0.000000
4.050000 0.000000
4.060000 0.000000
4.070000 0.000000
4.080000 1201600.000000
4.090000 0.000000
4.100000 0.000000
4.110000 0.000000
4.120000 18925200.000000
4.130000 0.000000
4.140000 0.000000
4.150000 0.000000
4.160000 450600.000000
4.170000 0.000000
4.180000 2102800.000000
4.190000 0.000000
4.200000 0.000000
4.210000 0.000000
4.220000 50467200.000000
4.230000 0.000000
4.240000 0.000000
4.250000 0.000000
4.260000 23130800.000000
4.270000 0.000000
4.280000 1802400.000000
4.290000 5800.000000
4.300000 0.000000
4.310000 0.000000
4.320000 57076000.000000
4.330000 0.000000
4.340000 0.000000
4.350000 0.000000
4.360000 44008600.000000
4.370000 0.000000
4.380000 3154200.000000
4.390000 0.000000
4.400000 0.000000
4.410000 0.000000
4.420000 82610000.000000
4.430000 0.000000
4.440000 0.000000
4.450000 0.000000
4.460000 37482000.000000
4.470000 0.000000
4.480000 0.000000
4.490000 0.000000
4.500000 0.000000
4.510000 0.000000
4.520000 8110800.000000
4.530000 0.000000
4.540000 0.000000
4.550000 0.000000
4.560000 12616800.000000
4.570000 0.000000
4.580000 0.000000
4.590000 0.000000
4.600000 5707600.000000
4.610000 0.000000
4.620000 0.000000
4.630000 0.000000
4.640000 0.000000
4.650000 751000.000000
4.660000 600800.000000
4.670000 0.000000
4.680000 0.000000
4.690000 2253000.000000
4.700000 0.000000
4.710000 0.000000
4.720000 0.000000
4.730000 1051400.000000
4.740000 0.000000
4.750000 41829000.000000
4.760000 19526000.000000
4.770000 0.000000
4.780000 0.000000
4.790000 450600.000000
4.800000 0.000000
4.810000 0.000000
4.820000 0.000000
4.830000 41305000.000000
4.840000 60680800.000000
4.850000 42356400.000000
4.860000 63534600.000000
4.870000 0.000000
4.880000 0.000000
4.890000 35297000.000000
4.900000 0.000000
4.910000 0.000000
4.920000 0.000000
4.930000 34846400.000000
4.940000 60680800.000000
4.950000 40854400.000000
4.960000 106041200.000000
4.970000 31241600.000000
4.980000 0.000000
4.990000 41154800.000000
5.000000 17423200.000000
5.010000 0.000000
5.020000 0.000000
5.030000 47313000.000000
5.040000 106642000.000000
5.050000 49415800.000000
5.060000 106942400.000000
5.070000 64713800.000000
5.080000 0.000000
5.090000 34846400.000000
5.100000 0.000000
5.110000 0.000000
5.120000 0.000000
5.130000 9763000.000000
5.140000 0.000000
5.150000 1051400.000000
5.160000 11865800.000000
5.170000 12917200.000000
5.180000 0.000000
5.190000 28688200.000000
5.200000 0.000000
5.210000 0.000000
5.220000 0.000000
5.230000 5857800.000000
5.240000 0.000000
5.250000 2403200.000000
5.260000 0.000000
5.270000 0.000000
5.280000 0.000000
5.290000 1502000.000000
5.300000 0.000000
5.310000 0.000000
5.320000 0.000000
5.330000 8411200.000000
5.340000 0.000000
5.350000 751000.000000
5.360000 0.000000
5.370000 0.000000
5.380000 0.000000
5.390000 450600.000000
5.400000 0.000000
5.410000 0.000000
5.420000 0.000000
5.430000 901200.000000
5.440000 0.000000
5.450000 751000.000000
5.460000 0.000000
5.470000 0.000000
5.480000 0.000000
5.490000 0.000000
5.500000 0.000000
5.510000 0.000000
5.520000 150200.000000
5.530000 84262200.000000
5.540000 106642000.000000
5.550000 106191400.000000
5.560000 74499200.000000
5.570000 0.000000
5.580000 0.000000
5.590000 450600.000000
5.600000 0.000000
5.610000 0.000000
5.620000 150200.000000
5.630000 0.000000
5.640000 0.000000
5.650000 0.000000
5.660000 0.000000
5.670000 0.000000
5.680000 0.000000
5.690000 55574000.000000
5.700000 0.000000
5.710000 0.000000
5.720000 10664200.000000
5.730000 104539200.000000
5.740000 106792200.000000
5.750000 13968600.000000
5.760000 0.000000
5.770000 0.000000
5.780000 0.000000
5.790000 73748200.000000
5.800000 105140000.000000
5.810000 106341600.000000
5.820000 72874800.000000
5.830000 0.000000
5.840000 0.000000
5.850000 0.000000
5.860000 0.000000
5.870000 0.000000
5.880000 21929200.000000
5.890000 15020000.000000
5.900000 0.000000
5.910000 0.000000
5.920000 9312400.000000
5.930000 107248200.000000
5.940000 9312400.000000
5.950000 0.000000
5.960000 1502000.000000
5.970000 0.000000
5.980000 20727600.000000
5.990000 39502600.000000
6.000000 0.000000
6.010000 0.000000
6.020000 11415200.000000
6.030000 106341600.000000
6.040000 100934400.000000
6.050000 0.000000
6.060000 42356400.000000
6.070000 0.000000
6.080000 20877800.000000
6.090000 80056600.000000
6.100000 0.000000
6.110000 0.000000
6.120000 27937200.000000
6.130000 106942400.000000
6.140000 105590600.000000
6.150000 72246200.000000
6.160000 27937200.000000
6.170000 0.000000
6.180000 7660200.000000
6.190000 98831600.000000
6.200000 107092600.000000
6.210000 106491800.000000
6.220000 106341600.000000
6.230000 42656800.000000
6.240000 0.000000
6.250000 0.000000
6.260000 38000600.000000
6.270000 5857800.000000
6.280000 5707600.000000
6.290000 3304400.000000
6.300000 0.000000
6.310000 0.000000
6.320000 0.000000
6.330000 65937800.000000
6.340000 0.000000
6.350000 0.000000
6.360000 2102800.000000
6.370000 0.000000
6.380000 2403200.000000
6.390000 1802400.000000
6.400000 0.000000
6.410000 0.000000
6.420000 2553400.000000
6.430000 0.000000
6.440000 0.000000
6.450000 0.000000
6.460000 11715600.000000
6.470000 0.000000
6.480000 300400.000000
6.490000 0.000000
6.500000 0.000000
6.510000 0.000000
6.520000 62933800.000000
6.530000 105290200.000000
6.540000 86214800.000000
6.550000 0.000000
6.560000 63234200.000000
6.570000 107393000.000000
6.580000 108144000.000000
6.590000 105440400.000000
6.600000 104068600.000000
6.610000 104088600.000000
6.620000 105290200.000000
6.630000 108444400.000000
6.640000 106191400.000000
6.650000 105590600.000000
6.660000 108444400.000000
6.670000 85013200.000000
6.680000 0.000000
6.690000 0.000000
6.700000 0.000000
6.710000 0.000000
6.720000 0.000000
6.730000 88317600.000000
6.740000 30490600.000000
6.750000 0.000000
6.760000 0.000000
6.770000 31241600.000000
6.780000 0.000000
6.790000 0.000000
6.800000 0.000000
6.810000 31091400.000000
6.820000 0.000000
6.830000 150200.000000
6.840000 0.000000
6.850000 0.000000
6.860000 0.000000
6.870000 21804400.000000
6.880000 0.000000
6.890000 0.000000
6.900000 0.000000
6.910000 76301600.000000
6.920000 0.000000
6.930000 0.000000
6.940000 3304400.000000
6.950000 0.000000
6.960000 0.000000
6.970000 60380400.000000
6.980000 106942400.000000
6.990000 107543200.000000
7.000000 109796200.000000
7.010000 106942400.000000
7.020000 106341600.000000
7.030000 104539200.000000
7.040000 104839600.000000
7.050000 107693400.000000
7.060000 106341600.000000
7.070000 105590600.000000
7.080000 108744800.000000
7.090000 106942400.000000
7.100000 108744800.000000
7.110000 107092600.000000
7.120000 106491800.000000
7.130000 107693400.000000
7.140000 107993800.000000
7.150000 104689400.000000
7.160000 106491800.000000
7.170000 104539200.000000
7.180000 106942400.000000
7.190000 105140000.000000
7.200000 104839600.000000
7.210000 107993800.000000
7.220000 106341600.000000
7.230000 107693400.000000
7.240000 106792200.000000
7.250000 103938400.000000
7.260000 104238800.000000
7.270000 105140000.000000
7.280000 104839600.000000
7.290000 106792200.000000
7.300000 105740800.000000
7.310000 107092600.000000
7.320000 106942400.000000
7.330000 108444400.000000
7.340000 106491800.000000
7.350000 108444400.000000
7.360000 102887000.000000
7.370000 107092600.000000
7.380000 105440400.000000
7.390000 106942400.000000
7.400000 103487800.000000
7.410000 107092600.000000
7.420000 105440400.000000
7.430000 106191400.000000
7.440000 105590600.000000
7.450000 105740800.000000
7.460000 105440400.000000
7.470000 105590600.000000
7.480000 104088600.000000
7.490000 105140000.000000
7.500000 106942400.000000
7.510000 109646000.000000
7.520000 107092600.000000
7.530000 106341600.000000
7.540000 105440400.000000
7.550000 103037200.000000
7.560000 106942400.000000
7.570000 108444400.000000
7.580000 33945200.000000
7.590000 17423200.000000
7.600000 17122800.000000
7.610000 16071400.000000
7.620000 16522000.000000
7.630000 15170200.000000
7.640000 14719600.000000
7.650000 17122800.000000
7.660000 27937200.000000
7.670000 41183400.000000
7.680000 2253000.000000
7.690000 1201600.000000
7.700000 1051400.000000
7.710000 2403200.000000
7.720000 2403200.000000
7.730000 2853800.000000
7.740000 2703600.000000
7.750000 1351800.000000
7.760000 2253000.000000
7.770000 3304400.000000
7.780000 1502000.000000
7.790000 7660200.000000
7.800000 1502000.000000
7.810000 450600.000000
7.820000 450600.000000
7.830000 450600.000000
7.840000 450600.000000
7.850000 600800.000000
7.860000 300400.000000
7.870000 150200.000000
7.880000 300400.000000
7.890000 150200.000000
7.900000 450600.000000
7.910000 300400.000000
7.920000 1051400.000000
7.930000 450600.000000
7.940000 150200.000000
7.950000 300400.000000
7.960000 0.000000
7.970000 27012800.000000
7.980000 104539200.000000
7.990000 106942400.000000
8.000000 106191400.000000
8.010000 107242800.000000
8.020000 103938400.000000
8.030000 106942400.000000
8.040000 107242800.000000
8.050000 106041200.000000
8.060000 107092600.000000
8.070000 106191400.000000
8.080000 107843600.000000
8.090000 105590600.000000
8.100000 105740800.000000
8.110000 108144000.000000
8.120000 106041200.000000
8.130000 104839600.000000
8.140000 105290200.000000
8.150000 105590600.000000
8.160000 106642000.000000
8.170000 105740800.000000
8.180000 104989800.000000
8.190000 106792200.000000
8.200000 104539200.000000
8.210000 103337600.000000
8.220000 102586600.000000
8.230000 103187400.000000
8.240000 106491800.000000
8.250000 104989800.000000
8.260000 106491800.000000
8.270000 105891000.000000
8.280000 107092600.000000
8.290000 106792200.000000
8.300000 106041200.000000
8.310000 106191400.000000
8.320000 106191400.000000
8.330000 106191400.000000
8.340000 105740800.000000
8.350000 105891000.000000
8.360000 108294200.000000
8.370000 106491800.000000
8.380000 104839600.000000
8.390000 103938400.000000
8.400000 108895000.000000
8.410000 105740800.000000
8.420000 106341600.000000
8.430000 104989800.000000
8.440000 105440400.000000
8.450000 108144000.000000
8.460000 104989800.000000
8.470000 107092600.000000
8.480000 106341600.000000
8.490000 107242800.000000
8.500000 103638000.000000
8.510000 107092600.000000
8.520000 107693400.000000
8.530000 107843600.000000
8.540000 108294200.000000
8.550000 106792200.000000
8.560000 105440400.000000
8.570000 111298200.000000
8.580000 105590600.000000
8.590000 104839600.000000
8.600000 106191400.000000
8.610000 107693400.000000
8.620000 107092600.000000
8.630000 107543200.000000
8.640000 107843600.000000
8.650000 105590600.000000
8.660000 77202800.000000
8.670000 13367800.000000
8.680000 15320400.000000
8.690000 16071400.000000
8.700000 12616800.000000
8.710000 17723600.000000
8.720000 15771000.000000
8.730000 16822400.000000
8.740000 13067400.000000
8.750000 47313000.000000
8.760000 10213600.000000
8.770000 2553400.000000
8.780000 1952600.000000
8.790000 2403200.000000
8.800000 3004000.000000
8.810000 2853800.000000
8.820000 1351800.000000
8.830000 2253000.000000
8.840000 1802400.000000
8.850000 2403200.000000
8.860000 1502000.000000
8.870000 3304400.000000
8.880000 8711600.000000
8.890000 901200.000000
8.900000 450600.000000
8.910000 150200.000000
8.920000 450600.000000
8.930000 300400.000000
8.940000 600800.000000
8.950000 300400.000000
8.960000 600800.000000
8.970000 300400.000000
8.980000 300400.000000
8.990000 96128000.000000
9.000000 106041200.000000
9.010000 107242800.000000
9.020000 106491800.000000
9.030000 56139300.000000
9.040000 150200.000000
9.050000 150200.000000
9.060000 150200.000000
9.070000 0.000000
9.080000 150200.000000
9.090000 0.000000
9.100000 0.000000
9.110000 0.000000
9.120000 0.000000
9.130000 51518600.000000
9.140000 16071400.000000
9.150000 300400.000000
9.160000 0.000000
9.170000 0.000000
9.180000 0.000000
9.190000 0.000000
9.200000 0.000000
9.210000 0.000000
9.220000 0.000000
9.230000 0.000000
9.240000 0.000000
9.250000 0.000000
9.260000 0.000000
9.270000 11565400.000000
9.280000 0.000000
9.290000 0.000000
9.300000 0.000000
9.310000 0.000000
9.320000 0.000000
9.330000 0.000000
9.340000 0.000000
9.350000 0.000000
9.360000 0.000000
9.370000 0.000000
9.380000 0.000000
9.390000 0.000000
9.400000 1201600.000000
9.410000 0.000000
9.420000 0.000000
9.430000 0.000000
9.440000 0.000000
9.450000 0.000000
9.460000 0.000000
9.470000 0.000000
9.480000 0.000000
9.490000 0.000000
9.500000 0.000000
9.510000 0.000000
9.520000 0.000000
9.530000 0.000000
9.540000 150200.000000
