2.000000 5800.000000
2.010000 0.000000
2.020000 0.000000
2.030000 0.000000
2.040000 0.000000
2.050000 0.000000
2.060000 6200.000000
2.070000 0.000000
2.080000 0.000000
2.090000 0.000000
2.100000 0.000000
2.110000 0.000000
2.120000 0.000000
2.130000 0.000000
2.140000 0.000000
2.150000 0.000000
2.160000 1507400.000000
2.170000 0.000000
2.180000 0.000000
2.190000 0.000000
2.200000 0.000000
2.210000 0.000000
2.220000 0.000000
2.230000 0.000000
2.240000 0.000000
2.250000 0.000000
2.260000 3004000.000000
2.270000 0.000000
2.280000 0.000000
2.290000 0.000000
2.300000 0.000000
2.310000 0.000000
2.320000 0.000000
2.330000 0.000000
2.340000 0.000000
2.350000 0.000000
2.360000 3454600.000000
2.370000 0.000000
2.380000 0.000000
2.390000 0.000000
2.400000 0.000000
2.410000 0.000000
2.420000 0.000000
2.430000 0.000000
2.440000 0.000000
2.450000 0.000000
2.460000 4205600.000000
2.470000 0.000000
2.480000 0.000000
2.490000 0.000000
2.500000 0.000000
2.510000 0.000000
2.520000 0.000000
2.530000 0.000000
2.540000 0.000000
2.550000 0.000000
2.560000 5557400.000000
2.570000 0.000000
2.580000 0.000000
2.590000 0.000000
2.600000 0.000000
2.610000 0.000000
2.620000 0.000000
2.630000 0.000000
2.640000 0.000000
2.650000 0.000000
2.660000 10213600.000000
2.670000 0.000000
2.680000 0.000000
2.690000 0.000000
2.700000 0.000000
2.710000 0.000000
2.720000 0.000000
2.730000 0.000000
2.740000 0.000000
2.750000 0.000000
2.760000 12316400.000000
2.770000 0.000000
2.780000 0.000000
2.790000 0.000000
2.800000 0.000000
2.810000 0.000000
2.820000 0.000000
2.830000 0.000000
2.840000 0.000000
2.850000 0.000000
2.860000 3304400.000000
2.870000 0.000000
2.880000 0.000000
2.890000 0.000000
2.900000 0.000000
2.910000 0.000000
2.920000 0.000000
2.930000 0.000000
2.940000 0.000000
2.950000 0.000000
2.960000 1802400.000000
2.970000 0.000000
2.980000 0.000000
2.990000 0.000000
3.000000 0.000000
3.010000 0.000000
3.020000 0.000000
3.030000 0.000000
3.040000 0.000000
3.050000 0.000000
3.060000 3910600.000000
3.070000 0.000000
3.080000 0.000000
3.090000 450600.000000
3.100000 0.000000
3.110000 0.000000
3.120000 0.000000
3.130000 0.000000
3.140000 0.000000
3.150000 0.000000
3.160000 0.000000
3.170000 0.000000
3.180000 0.000000
3.190000 0.000000
3.200000 0.000000
3.210000 0.000000
3.220000 0.000000
3.230000 0.000000
3.240000 0.000000
3.250000 0.000000
3.260000 600800.000000
3.270000 0.000000
3.280000 0.000000
3.290000 0.000000
3.300000 0.000000
3.310000 0.000000
3.320000 0.000000
3.330000 0.000000
3.340000 0.000000
3.350000 0.000000
3.360000 21246800.000000
3.370000 0.000000
3.380000 0.000000
3.390000 0.000000
3.400000 0.000000
3.410000 0.000000
3.420000 0.000000
3.430000 0.000000
3.440000 0.000000
3.450000 0.000000
3.460000 29225800.000000
3.470000 0.000000
3.480000 0.000000
3.490000 2403200.000000
3.500000 0.000000
3.510000 0.000000
3.520000 0.000000
3.530000 0.000000
3.540000 0.000000
3.550000 0.000000
3.560000 10664200.000000
3.570000 0.000000
3.580000 0.000000
3.590000 8411200.000000
3.600000 0.000000
3.610000 0.000000
3.620000 0.000000
3.630000 300400.000000
3.640000 0.000000
3.650000 0.000000
3.660000 0.000000
3.670000 0.000000
3.680000 0.000000
3.690000 1201600.000000
3.700000 0.000000
3.710000 0.000000
3.720000 0.000000
3.730000 1201600.000000
3.740000 0.000000
3.750000 0.000000
3.760000 0.000000
3.770000 0.000000
3.780000 0.000000
3.790000 3454600.000000
3.800000 0.000000
3.810000 0.000000
3.820000 0.000000
3.830000 47769000.000000
3.840000 0.000000
3.850000 0.000000
3.860000 0.000000
3.870000 0.000000
3.880000 0.000000
3.890000 4355800.000000
3.900000 0.000000
3.910000 0.000000
3.920000 0.000000
3.930000 751000.000000
3.940000 0.000000
3.950000 0.000000
3.960000 0.000000
3.970000 7359800.000000
3.980000 0.000000
3.990000 0.000000
4.000000 0.000000
4.010000 0.000000
4.020000 0.000000
4.030000 1201600.000000
4.040000 0.000000
4.050000 0.000000
4.060000 0.000000
4.070000 22980600.000000
4.080000 0.000000
4.090000 0.000000
4.100000 0.000000
4.110000 450600.000000
4.120000 0.000000
4.130000 2553400.000000
4.140000 0.000000
4.150000 0.000000
4.160000 0.000000
4.170000 59929800.000000
4.180000 0.000000
4.190000 0.000000
4.200000 0.000000
4.210000 27036000.000000
4.220000 0.000000
4.230000 2102800.000000
4.240000 5800.000000
4.250000 0.000000
4.260000 0.000000
4.270000 67590000.000000
4.280000 0.000000
4.290000 0.000000
4.300000 0.000000
4.310000 52720200.000000
4.320000 0.000000
4.330000 3604800.000000
4.340000 0.000000
4.350000 0.000000
4.360000 0.000000
4.370000 97479800.000000
4.380000 0.000000
4.390000 0.000000
4.400000 0.000000
4.410000 44241000.000000
4.420000 0.000000
4.430000 0.000000
4.440000 0.000000
4.450000 0.000000
4.460000 0.000000
4.470000 9162200.000000
4.480000 0.000000
4.490000 0.000000
4.500000 0.000000
4.510000 14869800.000000
4.520000 0.000000
4.530000 0.000000
4.540000 0.000000
4.550000 6759000.000000
4.560000 0.000000
4.570000 0.000000
4.580000 0.000000
4.590000 0.000000
4.600000 901200.000000
4.610000 901200.000000
4.620000 0.000000
4.630000 0.000000
4.640000 2253000.000000
4.650000 0.000000
4.660000 0.000000
4.670000 0.000000
4.680000 1051400.000000
4.690000 0.000000
4.700000 72019200.000000
4.710000 0.000000
4.720000 0.000000
4.730000 0.000000
4.740000 450600.000000
4.750000 0.000000
4.760000 0.000000
4.770000 0.000000
4.780000 123614600.000000
4.790000 0.000000
4.800000 84112000.000000
4.810000 39202200.000000
4.820000 0.000000
4.830000 0.000000
4.840000 41755600.000000
4.850000 0.000000
4.860000 0.000000
4.870000 0.000000
4.880000 41305000.000000
4.890000 70443800.000000
4.900000 84712800.000000
4.910000 127069200.000000
4.920000 0.000000
4.930000 0.000000
4.940000 70594000.000000
4.950000 0.000000
4.960000 0.000000
4.970000 0.000000
4.980000 76151400.000000
4.990000 120610600.000000
5.000000 46411800.000000
5.010000 174081800.000000
5.020000 20404800.000000
5.030000 0.000000
5.040000 41305000.000000
5.050000 0.000000
5.060000 0.000000
5.070000 0.000000
5.080000 12016000.000000
5.090000 0.000000
5.100000 1351800.000000
5.110000 13818400.000000
5.120000 14719600.000000
5.130000 0.000000
5.140000 32443200.000000
5.150000 0.000000
5.160000 0.000000
5.170000 0.000000
5.180000 6759000.000000
5.190000 0.000000
5.200000 3004000.000000
5.210000 0.000000
5.220000 0.000000
5.230000 0.000000
5.240000 2403200.000000
5.250000 0.000000
5.260000 0.000000
5.270000 0.000000
5.280000 9612800.000000
5.290000 0.000000
5.300000 901200.000000
5.310000 0.000000
5.320000 0.000000
5.330000 0.000000
5.340000 600800.000000
5.350000 0.000000
5.360000 0.000000
5.370000 0.000000
5.380000 901200.000000
5.390000 0.000000
5.400000 1201600.000000
5.410000 0.000000
5.420000 0.000000
5.430000 0.000000
5.440000 150200.000000
5.450000 0.000000
5.460000 0.000000
5.470000 150200.000000
5.480000 436208600.000000
5.490000 0.000000
5.500000 0.000000
5.510000 0.000000
5.520000 0.000000
5.530000 0.000000
5.540000 450600.000000
5.550000 0.000000
5.560000 0.000000
5.570000 150200.000000
5.580000 0.000000
5.590000 0.000000
5.600000 0.000000
5.610000 0.000000
5.620000 0.000000
5.630000 0.000000
5.640000 64613800.000000
5.650000 0.000000
5.660000 0.000000
5.670000 278320600.000000
5.680000 0.000000
5.690000 0.000000
5.700000 0.000000
5.710000 0.000000
5.720000 0.000000
5.730000 0.000000
5.740000 412749600.000000
5.750000 0.000000
5.760000 0.000000
5.770000 9039800.000000
5.780000 0.000000
5.790000 0.000000
5.800000 0.000000
5.810000 0.000000
5.820000 0.000000
5.830000 42356400.000000
5.840000 0.000000
5.850000 0.000000
5.860000 0.000000
5.870000 147952400.000000
5.880000 0.000000
5.890000 0.000000
5.900000 0.000000
5.910000 1952600.000000
5.920000 0.000000
5.930000 44158800.000000
5.940000 29739600.000000
5.950000 0.000000
5.960000 0.000000
5.970000 24182200.000000
5.980000 214936200.000000
5.990000 18775000.000000
6.000000 0.000000
6.010000 51518600.000000
6.020000 0.000000
6.030000 42056000.000000
6.040000 79005200.000000
6.050000 0.000000
6.060000 0.000000
6.070000 36648800.000000
6.080000 212382800.000000
6.090000 117306200.000000
6.100000 0.000000
6.110000 34245600.000000
6.120000 0.000000
6.130000 14118800.000000
6.140000 514735400.000000
6.150000 0.000000
6.160000 0.000000
6.170000 21779000.000000
6.180000 0.000000
6.190000 0.000000
6.200000 0.000000
6.210000 50917800.000000
6.220000 0.000000
6.230000 9763000.000000
6.240000 0.000000
6.250000 0.000000
6.260000 0.000000
6.270000 0.000000
6.280000 79155400.000000
6.290000 0.000000
6.300000 0.000000
6.310000 2403200.000000
6.320000 0.000000
6.330000 4806400.000000
6.340000 0.000000
6.350000 0.000000
6.360000 0.000000
6.370000 3154200.000000
6.380000 0.000000
6.390000 0.000000
6.400000 0.000000
6.410000 13217600.000000
6.420000 0.000000
6.430000 300400.000000
6.440000 0.000000
6.450000 0.000000
6.460000 0.000000
6.470000 303253800.000000
6.480000 0.000000
6.490000 0.000000
6.500000 0.000000
6.510000 841726200.000000
6.520000 0.000000
6.530000 109195400.000000
6.540000 0.000000
6.550000 0.000000
6.560000 0.000000
6.570000 125867600.000000
6.580000 208778000.000000
6.590000 90570600.000000
6.600000 0.000000
6.610000 48815000.000000
6.620000 0.000000
6.630000 0.000000
6.640000 0.000000
6.650000 0.000000
6.660000 0.000000
6.670000 0.000000
6.680000 127695400.000000
6.690000 15771000.000000
6.700000 0.000000
6.710000 0.000000
6.720000 35146800.000000
6.730000 0.000000
6.740000 0.000000
6.750000 0.000000
6.760000 34846400.000000
6.770000 0.000000
6.780000 150200.000000
6.790000 0.000000
6.800000 0.000000
6.810000 0.000000
6.820000 24658200.000000
6.830000 0.000000
6.840000 0.000000
6.850000 0.000000
6.860000 90270200.000000
6.870000 0.000000
6.880000 0.000000
6.890000 3755000.000000
6.900000 0.000000
6.910000 0.000000
6.920000 711948000.000000
6.930000 0.000000
6.940000 0.000000
6.950000 0.000000
6.960000 154856200.000000
6.970000 0.000000
6.980000 0.000000
6.990000 491003800.000000
7.000000 0.000000
7.010000 0.000000
7.020000 121061200.000000
7.030000 214185200.000000
7.040000 214936200.000000
7.050000 219292000.000000
7.060000 214035000.000000
7.070000 212533000.000000
7.080000 313317200.000000
7.090000 137583200.000000
7.100000 107693400.000000
7.110000 106341600.000000
7.120000 105590600.000000
7.130000 183244000.000000
7.140000 192856800.000000
7.150000 110847600.000000
7.160000 107092600.000000
7.170000 113100600.000000
7.180000 121511800.000000
7.190000 124816200.000000
7.200000 123915000.000000
7.210000 122262800.000000
7.220000 124365600.000000
7.230000 110847600.000000
7.240000 119859600.000000
7.250000 132025800.000000
7.260000 142990400.000000
7.270000 158310800.000000
7.280000 128421000.000000
7.290000 120760800.000000
7.300000 112499800.000000
7.310000 110697400.000000
7.320000 127219400.000000
7.330000 148397600.000000
7.340000 125717400.000000
7.350000 122713400.000000
7.360000 124215400.000000
7.370000 126468400.000000
7.380000 125717400.000000
7.390000 126768800.000000
7.400000 126618600.000000
7.410000 119258800.000000
7.420000 121962400.000000
7.430000 118808200.000000
7.440000 124694600.000000
7.450000 18624800.000000
7.460000 25383800.000000
7.470000 24482600.000000
7.480000 20126800.000000
7.490000 15620800.000000
7.500000 13968600.000000
7.510000 19225600.000000
7.520000 22379800.000000
7.530000 20427200.000000
7.540000 20126800.000000
7.550000 20277000.000000
7.560000 19375800.000000
7.570000 18624800.000000
7.580000 17122800.000000
7.590000 17723600.000000
7.600000 19375800.000000
7.610000 33644800.000000
7.620000 47491800.000000
7.630000 2553400.000000
7.640000 1802400.000000
7.650000 1502000.000000
7.660000 2853800.000000
7.670000 3004000.000000
7.680000 3304400.000000
7.690000 2853800.000000
7.700000 1802400.000000
7.710000 2403200.000000
7.720000 3755000.000000
7.730000 1802400.000000
7.740000 9312400.000000
7.750000 1952600.000000
7.760000 450600.000000
7.770000 751000.000000
7.780000 450600.000000
7.790000 600800.000000
7.800000 600800.000000
7.810000 300400.000000
7.820000 300400.000000
7.830000 300400.000000
7.840000 150200.000000
7.850000 450600.000000
7.860000 300400.000000
7.870000 1351800.000000
7.880000 600800.000000
7.890000 150200.000000
7.900000 300400.000000
7.910000 0.000000
7.920000 2160003000.000000
7.930000 300400.000000
7.940000 150200.000000
7.950000 600800.000000
7.960000 300400.000000
7.970000 1051400.000000
7.980000 450600.000000
7.990000 150200.000000
8.000000 600800.000000
8.010000 150200.000000
8.020000 27036000.000000
8.030000 102586600.000000
8.040000 108744800.000000
8.050000 105740800.000000
8.060000 107693400.000000
8.070000 103187400.000000
8.080000 107693400.000000
8.090000 106792200.000000
8.100000 105891000.000000
8.110000 106341600.000000
8.120000 106642000.000000
8.130000 108294200.000000
8.140000 105740800.000000
8.150000 105891000.000000
8.160000 107543200.000000
8.170000 106041200.000000
8.180000 105440400.000000
8.190000 104389000.000000
8.200000 206675200.000000
8.210000 213284000.000000
8.220000 211481600.000000
8.230000 149449000.000000
8.240000 126468400.000000
8.250000 124215400.000000
8.260000 122112600.000000
8.270000 123314200.000000
8.280000 123314200.000000
8.290000 129622600.000000
8.300000 127069200.000000
8.310000 125266800.000000
8.320000 124816200.000000
8.330000 125867600.000000
8.340000 124515800.000000
8.350000 115053200.000000
8.360000 114752800.000000
8.370000 114602600.000000
8.380000 116405000.000000
8.390000 124515800.000000
8.400000 133678000.000000
8.410000 140587200.000000
8.420000 136081200.000000
8.430000 123915000.000000
8.440000 120760800.000000
8.450000 129472400.000000
8.460000 124966400.000000
8.470000 123614600.000000
8.480000 122863600.000000
8.490000 125266800.000000
8.500000 127970400.000000
8.510000 123915000.000000
8.520000 127519800.000000
8.530000 77353000.000000
8.540000 18324400.000000
8.550000 19075400.000000
8.560000 15771000.000000
8.570000 16672200.000000
8.580000 18925200.000000
8.590000 15020000.000000
8.600000 20126800.000000
8.610000 19225600.000000
8.620000 16371800.000000
8.630000 18925200.000000
8.640000 18775000.000000
8.650000 14719600.000000
8.660000 21178200.000000
8.670000 17873800.000000
8.680000 19375800.000000
8.690000 15771000.000000
8.700000 57977200.000000
8.710000 12166200.000000
8.720000 3154200.000000
8.730000 2253000.000000
8.740000 2703600.000000
8.750000 3755000.000000
8.760000 3604800.000000
8.770000 1652200.000000
8.780000 2853800.000000
8.790000 2253000.000000
8.800000 3004000.000000
8.810000 1652200.000000
8.820000 3755000.000000
8.830000 10063400.000000
8.840000 1051400.000000
8.850000 600800.000000
8.860000 300400.000000
8.870000 600800.000000
8.880000 450600.000000
8.890000 600800.000000
8.900000 450600.000000
8.910000 600800.000000
8.920000 450600.000000
8.930000 450600.000000
8.940000 550597700.000000
8.950000 300400.000000
8.960000 1502000.000000
8.970000 150200.000000
8.980000 0.000000
8.990000 150200.000000
9.000000 150200.000000
9.010000 150200.000000
9.020000 0.000000
9.030000 150200.000000
9.040000 0.000000
9.050000 0.000000
9.060000 0.000000
9.070000 0.000000
9.080000 80507200.000000
9.090000 0.000000
9.100000 300400.000000
9.110000 0.000000
9.120000 0.000000
9.130000 0.000000
9.140000 0.000000
9.150000 0.000000
9.160000 0.000000
9.170000 0.000000
9.180000 0.000000
9.190000 0.000000
9.200000 0.000000
9.210000 0.000000
9.220000 12917200.000000
9.230000 0.000000
9.240000 0.000000
9.250000 0.000000
9.260000 0.000000
9.270000 0.000000
9.280000 0.000000
9.290000 0.000000
9.300000 0.000000
9.310000 0.000000
9.320000 0.000000
9.330000 0.000000
9.340000 0.000000
9.350000 1351800.000000
9.360000 0.000000
9.370000 0.000000
9.380000 0.000000
9.390000 0.000000
9.400000 0.000000
9.410000 0.000000
9.420000 0.000000
9.430000 0.000000
9.440000 0.000000
9.450000 0.000000
9.460000 0.000000
9.470000 0.000000
9.480000 0.000000
9.490000 150200.000000
9.500000 0.000000
9.510000 0.000000
9.520000 0.000000
9.530000 0.000000
9.540000 0.000000
