2.000000 5800.000000
2.010000 0.000000
2.020000 0.000000
2.030000 0.000000
2.040000 0.000000
2.050000 0.000000
2.060000 6200.000000
2.070000 0.000000
2.080000 0.000000
2.090000 0.000000
2.100000 0.000000
2.110000 0.000000
2.120000 0.000000
2.130000 0.000000
2.140000 0.000000
2.150000 0.000000
2.160000 1507400.000000
2.170000 0.000000
2.180000 0.000000
2.190000 0.000000
2.200000 0.000000
2.210000 0.000000
2.220000 0.000000
2.230000 0.000000
2.240000 0.000000
2.250000 0.000000
2.260000 3004000.000000
2.270000 0.000000
2.280000 0.000000
2.290000 0.000000
2.300000 0.000000
2.310000 0.000000
2.320000 0.000000
2.330000 0.000000
2.340000 0.000000
2.350000 0.000000
2.360000 2553400.000000
2.370000 0.000000
2.380000 0.000000
2.390000 0.000000
2.400000 0.000000
2.410000 0.000000
2.420000 0.000000
2.430000 0.000000
2.440000 0.000000
2.450000 0.000000
2.460000 3154200.000000
2.470000 0.000000
2.480000 0.000000
2.490000 0.000000
2.500000 0.000000
2.510000 0.000000
2.520000 0.000000
2.530000 0.000000
2.540000 0.000000
2.550000 0.000000
2.560000 4205600.000000
2.570000 0.000000
2.580000 0.000000
2.590000 0.000000
2.600000 0.000000
2.610000 0.000000
2.620000 0.000000
2.630000 0.000000
2.640000 0.000000
2.650000 0.000000
2.660000 6608800.000000
2.670000 0.000000
2.680000 0.000000
2.690000 0.000000
2.700000 0.000000
2.710000 0.000000
2.720000 0.000000
2.730000 0.000000
2.740000 0.000000
2.750000 0.000000
2.760000 9612800.000000
2.770000 0.000000
2.780000 0.000000
2.790000 0.000000
2.800000 0.000000
2.810000 0.000000
2.820000 0.000000
2.830000 0.000000
2.840000 0.000000
2.850000 0.000000
2.860000 4932600.000000
2.870000 0.000000
2.880000 0.000000
2.890000 0.000000
2.900000 0.000000
2.910000 0.000000
2.920000 0.000000
2.930000 0.000000
2.940000 0.000000
2.950000 0.000000
2.960000 1652200.000000
2.970000 0.000000
2.980000 0.000000
2.990000 0.000000
3.000000 0.000000
3.010000 0.000000
3.020000 0.000000
3.030000 0.000000
3.040000 0.000000
3.050000 0.000000
3.060000 901200.000000
3.070000 0.000000
3.080000 0.000000
3.090000 0.000000
3.100000 0.000000
3.110000 0.000000
3.120000 0.000000
3.130000 0.000000
3.140000 0.000000
3.150000 0.000000
3.160000 600800.000000
3.170000 0.000000
3.180000 0.000000
3.190000 0.000000
3.200000 0.000000
3.210000 0.000000
3.220000 0.000000
3.230000 0.000000
3.240000 0.000000
3.250000 0.000000
3.260000 300400.000000
3.270000 0.000000
3.280000 0.000000
3.290000 300400.000000
3.300000 0.000000
3.310000 0.000000
3.320000 0.000000
3.330000 0.000000
3.340000 0.000000
3.350000 0.000000
3.360000 14899200.000000
3.370000 0.000000
3.380000 0.000000
3.390000 150200.000000
3.400000 0.000000
3.410000 0.000000
3.420000 0.000000
3.430000 0.000000
3.440000 0.000000
3.450000 0.000000
3.460000 4956600.000000
3.470000 0.000000
3.480000 0.000000
3.490000 4205600.000000
3.500000 0.000000
3.510000 0.000000
3.520000 0.000000
3.530000 0.000000
3.540000 0.000000
3.550000 0.000000
3.560000 9763000.000000
3.570000 0.000000
3.580000 0.000000
3.590000 6458600.000000
3.600000 0.000000
3.610000 0.000000
3.620000 0.000000
3.630000 1351800.000000
3.640000 0.000000
3.650000 0.000000
3.660000 13818400.000000
3.670000 0.000000
3.680000 0.000000
3.690000 9012000.000000
3.700000 0.000000
3.710000 0.000000
3.720000 0.000000
3.730000 3454600.000000
3.740000 0.000000
3.750000 0.000000
3.760000 17723600.000000
3.770000 0.000000
3.780000 0.000000
3.790000 13818400.000000
3.800000 0.000000
3.810000 0.000000
3.820000 0.000000
3.830000 6909200.000000
3.840000 0.000000
3.850000 0.000000
3.860000 24482600.000000
3.870000 0.000000
3.880000 0.000000
3.890000 19225600.000000
3.900000 0.000000
3.910000 0.000000
3.920000 0.000000
3.930000 4737600.000000
3.940000 0.000000
3.950000 0.000000
3.960000 1802400.000000
3.970000 0.000000
3.980000 0.000000
3.990000 6458600.000000
4.000000 0.000000
4.010000 0.000000
4.020000 0.000000
4.030000 4355800.000000
4.040000 0.000000
4.050000 0.000000
4.060000 682200.000000
4.070000 0.000000
4.080000 0.000000
4.090000 450600.000000
4.100000 0.000000
4.110000 0.000000
4.120000 0.000000
4.130000 2102800.000000
4.140000 0.000000
4.150000 0.000000
4.160000 751000.000000
4.170000 0.000000
4.180000 0.000000
4.190000 62707600.000000
4.200000 0.000000
4.210000 0.000000
4.220000 0.000000
4.230000 2703600.000000
4.240000 5800.000000
4.250000 0.000000
4.260000 2403200.000000
4.270000 0.000000
4.280000 0.000000
4.290000 12917200.000000
4.300000 0.000000
4.310000 0.000000
4.320000 0.000000
4.330000 16221600.000000
4.340000 0.000000
4.350000 0.000000
4.360000 751000.000000
4.370000 0.000000
4.380000 0.000000
4.390000 300400.000000
4.400000 0.000000
4.410000 0.000000
4.420000 0.000000
4.430000 2703600.000000
4.440000 0.000000
4.450000 0.000000
4.460000 42056000.000000
4.470000 0.000000
4.480000 0.000000
4.490000 300400.000000
4.500000 0.000000
4.510000 0.000000
4.520000 0.000000
4.530000 12016000.000000
4.540000 0.000000
4.550000 0.000000
4.560000 64591400.000000
4.570000 0.000000
4.580000 0.000000
4.590000 11265000.000000
4.600000 0.000000
4.610000 0.000000
4.620000 0.000000
4.630000 17122800.000000
4.640000 0.000000
4.650000 0.000000
4.660000 71044600.000000
4.670000 0.000000
4.680000 0.000000
4.690000 18284400.000000
4.700000 0.000000
4.710000 0.000000
4.720000 0.000000
4.730000 25834400.000000
4.740000 0.000000
4.750000 0.000000
4.760000 78855000.000000
4.770000 0.000000
4.780000 0.000000
4.790000 18474600.000000
4.800000 0.000000
4.810000 0.000000
4.820000 0.000000
4.830000 4466000.000000
4.840000 0.000000
4.850000 0.000000
4.860000 5257000.000000
4.870000 0.000000
4.880000 0.000000
4.890000 18925200.000000
4.900000 0.000000
4.910000 0.000000
4.920000 0.000000
4.930000 4355800.000000
4.940000 0.000000
4.950000 0.000000
4.960000 1351800.000000
4.970000 0.000000
4.980000 0.000000
4.990000 1051400.000000
5.000000 0.000000
5.010000 0.000000
5.020000 0.000000
5.030000 6008000.000000
5.040000 0.000000
5.050000 0.000000
5.060000 1351800.000000
5.070000 0.000000
5.080000 0.000000
5.090000 150200.000000
5.100000 0.000000
5.110000 0.000000
5.120000 0.000000
5.130000 300400.000000
5.140000 0.000000
5.150000 0.000000
5.160000 214791400.000000
5.170000 0.000000
5.180000 0.000000
5.190000 300400.000000
5.200000 0.000000
5.210000 0.000000
5.220000 0.000000
5.230000 300400.000000
5.240000 0.000000
5.250000 0.000000
5.260000 51668800.000000
5.270000 0.000000
5.280000 0.000000
5.290000 96259800.000000
5.300000 0.000000
5.310000 0.000000
5.320000 0.000000
5.330000 751000.000000
5.340000 0.000000
5.350000 0.000000
5.360000 121962400.000000
5.370000 0.000000
5.380000 0.000000
5.390000 91622000.000000
5.400000 62483200.000000
5.410000 0.000000
5.420000 0.000000
5.430000 1201600.000000
5.440000 0.000000
5.450000 0.000000
5.460000 121511800.000000
5.470000 20427200.000000
5.480000 0.000000
5.490000 82910400.000000
5.500000 120460400.000000
5.510000 0.000000
5.520000 0.000000
5.530000 1802400.000000
5.540000 0.000000
5.550000 0.000000
5.560000 145994400.000000
5.570000 69843000.000000
5.580000 0.000000
5.590000 82610000.000000
5.600000 145844200.000000
5.610000 18775000.000000
5.620000 0.000000
5.630000 2703600.000000
5.640000 0.000000
5.650000 0.000000
5.660000 144792800.000000
5.670000 42656800.000000
5.680000 0.000000
5.690000 51518600.000000
5.700000 751000.000000
5.710000 0.000000
5.720000 0.000000
5.730000 47162800.000000
5.740000 0.000000
5.750000 0.000000
5.760000 17273000.000000
5.770000 0.000000
5.780000 0.000000
5.790000 46712200.000000
5.800000 0.000000
5.810000 0.000000
5.820000 0.000000
5.830000 12917200.000000
5.840000 0.000000
5.850000 0.000000
5.860000 10814400.000000
5.870000 0.000000
5.880000 0.000000
5.890000 4205600.000000
5.900000 0.000000
5.910000 0.000000
5.920000 0.000000
5.930000 12616800.000000
5.940000 0.000000
5.950000 0.000000
5.960000 188356200.000000
5.970000 0.000000
5.980000 0.000000
5.990000 2253000.000000
6.000000 0.000000
6.010000 0.000000
6.020000 0.000000
6.030000 326384600.000000
6.040000 0.000000
6.050000 0.000000
6.060000 215386800.000000
6.070000 0.000000
6.080000 0.000000
6.090000 43858400.000000
6.100000 0.000000
6.110000 0.000000
6.120000 0.000000
6.130000 300400.000000
6.140000 0.000000
6.150000 0.000000
6.160000 84262200.000000
6.170000 0.000000
6.180000 0.000000
6.190000 53771600.000000
6.200000 0.000000
6.210000 0.000000
6.220000 0.000000
6.230000 0.000000
6.240000 0.000000
6.250000 0.000000
6.260000 10363800.000000
6.270000 0.000000
6.280000 0.000000
6.290000 23881800.000000
6.300000 0.000000
6.310000 0.000000
6.320000 0.000000
6.330000 14719600.000000
6.340000 0.000000
6.350000 0.000000
6.360000 560246000.000000
6.370000 0.000000
6.380000 0.000000
6.390000 34996600.000000
6.400000 0.000000
6.410000 0.000000
6.420000 0.000000
6.430000 29289000.000000
6.440000 0.000000
6.450000 0.000000
6.460000 155156600.000000
6.470000 181892200.000000
6.480000 186097800.000000
6.490000 155457000.000000
6.500000 120911000.000000
6.510000 0.000000
6.520000 0.000000
6.530000 39652800.000000
6.540000 0.000000
6.550000 0.000000
6.560000 146595200.000000
6.570000 139085200.000000
6.580000 95527200.000000
6.590000 95377000.000000
6.600000 122563200.000000
6.610000 144943000.000000
6.620000 110246800.000000
6.630000 60981200.000000
6.640000 0.000000
6.650000 0.000000
6.660000 148397600.000000
6.670000 190453600.000000
6.680000 185647200.000000
6.690000 186848800.000000
6.700000 188651200.000000
6.710000 151852200.000000
6.720000 109646000.000000
6.730000 94926400.000000
6.740000 0.000000
6.750000 0.000000
6.760000 145994400.000000
6.770000 182943600.000000
6.780000 107092600.000000
6.790000 104689400.000000
6.800000 135029800.000000
6.810000 139686000.000000
6.820000 129923000.000000
6.830000 144192000.000000
6.840000 147796800.000000
6.850000 158761400.000000
6.860000 188651200.000000
6.870000 186848800.000000
6.880000 191054400.000000
6.890000 186548400.000000
6.900000 184746000.000000
6.910000 189852800.000000
6.920000 137433000.000000
6.930000 124065200.000000
6.940000 105140000.000000
6.950000 139535800.000000
6.960000 125417000.000000
6.970000 117183000.000000
6.980000 24032000.000000
6.990000 23581400.000000
7.000000 22229600.000000
7.010000 30040000.000000
7.020000 31842400.000000
7.030000 30340400.000000
7.040000 34395800.000000
7.050000 32142800.000000
7.060000 36048000.000000
7.070000 47913800.000000
7.080000 45811000.000000
7.090000 39652800.000000
7.100000 24783000.000000
7.110000 26735600.000000
7.120000 96728800.000000
7.130000 20277000.000000
7.140000 7059400.000000
7.150000 7209600.000000
7.160000 10363800.000000
7.170000 7810400.000000
7.180000 9462600.000000
7.190000 5257000.000000
7.200000 17873800.000000
7.210000 13518000.000000
7.220000 3604800.000000
7.230000 7810400.000000
7.240000 3154200.000000
7.250000 29739600.000000
7.260000 901200.000000
7.270000 1652200.000000
7.280000 2553400.000000
7.290000 901200.000000
7.300000 3004000.000000
7.310000 1351800.000000
7.320000 3454600.000000
7.330000 3755000.000000
7.340000 3304400.000000
7.350000 1351800.000000
7.360000 600800.000000
7.370000 6308400.000000
7.380000 2102800.000000
7.390000 150200.000000
7.400000 600800.000000
7.410000 1502000.000000
7.420000 300400.000000
7.430000 450600.000000
7.440000 300400.000000
7.450000 1502000.000000
7.460000 901200.000000
7.470000 751000.000000
7.480000 450600.000000
7.490000 150200.000000
7.500000 600800.000000
7.510000 1351800.000000
7.520000 150200.000000
7.530000 0.000000
7.540000 1902261400.000000
7.550000 1802400.000000
7.560000 1201600.000000
7.570000 450600.000000
7.580000 901200.000000
7.590000 300400.000000
7.600000 751000.000000
7.610000 751000.000000
7.620000 0.000000
7.630000 300400.000000
7.640000 63985200.000000
7.650000 92072600.000000
7.660000 93274200.000000
7.670000 96128000.000000
7.680000 95977800.000000
7.690000 36498600.000000
7.700000 0.000000
7.710000 0.000000
7.720000 0.000000
7.730000 0.000000
7.740000 150200.000000
7.750000 0.000000
7.760000 0.000000
7.770000 0.000000
7.780000 0.000000
7.790000 477485800.000000
7.800000 150200.000000
7.810000 14719600.000000
7.820000 34395800.000000
7.830000 15470600.000000
7.840000 61732200.000000
7.850000 0.000000
7.860000 0.000000
7.870000 0.000000
7.880000 0.000000
7.890000 0.000000
7.900000 0.000000
7.910000 0.000000
7.920000 0.000000
7.930000 114602600.000000
7.940000 4506000.000000
7.950000 0.000000
7.960000 0.000000
7.970000 0.000000
7.980000 24482600.000000
7.990000 0.000000
8.000000 0.000000
8.010000 0.000000
8.020000 0.000000
8.030000 0.000000
8.040000 0.000000
8.050000 0.000000
8.060000 0.000000
8.070000 0.000000
8.080000 32293000.000000
8.090000 0.000000
8.100000 0.000000
8.110000 0.000000
8.120000 7209600.000000
8.130000 0.000000
8.140000 0.000000
8.150000 0.000000
8.160000 0.000000
8.170000 0.000000
8.180000 150200.000000
8.190000 0.000000
8.200000 0.000000
8.210000 9162200.000000
8.220000 0.000000
8.230000 0.000000
8.240000 0.000000
8.250000 1051400.000000
8.260000 0.000000
8.270000 0.000000
8.280000 0.000000
8.290000 0.000000
8.300000 0.000000
8.310000 1893120800.000000
8.320000 0.000000
8.330000 0.000000
8.340000 0.000000
8.350000 2553400.000000
8.360000 0.000000
8.370000 0.000000
8.380000 0.000000
8.390000 150200.000000
8.400000 0.000000
8.410000 19826400.000000
8.420000 92673400.000000
8.430000 97029200.000000
8.440000 93875000.000000
8.450000 93724800.000000
8.460000 93875000.000000
8.470000 94325600.000000
8.480000 93424400.000000
8.490000 92523200.000000
8.500000 94626000.000000
8.510000 90120000.000000
8.520000 95377000.000000
8.530000 93424400.000000
8.540000 94626000.000000
8.550000 92072600.000000
8.560000 102586600.000000
8.570000 187149200.000000
8.580000 186548400.000000
8.590000 190453600.000000
8.600000 190153200.000000
8.610000 184145200.000000
8.620000 186548400.000000
8.630000 165971000.000000
8.640000 121962400.000000
8.650000 124966400.000000
8.660000 126318200.000000
8.670000 124365600.000000
8.680000 111748800.000000
8.690000 109045200.000000
8.700000 104389000.000000
8.710000 105740800.000000
8.720000 127069200.000000
8.730000 128120600.000000
8.740000 126468400.000000
8.750000 132626600.000000
8.760000 122112600.000000
8.770000 126168000.000000
8.780000 128871600.000000
8.790000 137433000.000000
8.800000 139535800.000000
8.810000 129021800.000000
8.820000 126468400.000000
8.830000 128721400.000000
8.840000 131875600.000000
8.850000 125266800.000000
8.860000 120009800.000000
8.870000 115353600.000000
8.880000 122112600.000000
8.890000 125266800.000000
8.900000 128270800.000000
8.910000 68641400.000000
8.920000 32743600.000000
8.930000 28688200.000000
8.940000 25534000.000000
8.950000 27937200.000000
8.960000 30941200.000000
8.970000 36799000.000000
8.980000 32293000.000000
8.990000 28087400.000000
9.000000 29589400.000000
9.010000 37399800.000000
9.020000 30490600.000000
9.030000 27036000.000000
9.040000 28538000.000000
9.050000 31542000.000000
9.060000 87416400.000000
9.070000 15620800.000000
9.080000 6909200.000000
9.090000 9012000.000000
9.100000 7209600.000000
9.110000 9612800.000000
9.120000 5707600.000000
9.130000 7660200.000000
9.140000 7359800.000000
9.150000 9312400.000000
9.160000 7059400.000000
9.170000 4956600.000000
9.180000 18925200.000000
9.190000 7810400.000000
9.200000 1351800.000000
9.210000 1201600.000000
9.220000 2553400.000000
9.230000 2403200.000000
9.240000 1652200.000000
9.250000 1351800.000000
9.260000 1502000.000000
9.270000 2253000.000000
9.280000 2102800.000000
9.290000 1201600.000000
9.300000 1351800.000000
9.310000 4956600.000000
9.320000 1502000.000000
9.330000 300400.000000
9.340000 450600.000000
9.350000 600800.000000
9.360000 300400.000000
9.370000 901200.000000
9.380000 150200.000000
9.390000 450600.000000
9.400000 450600.000000
9.410000 1909943200.000000
9.420000 1201600.000000
9.430000 600800.000000
9.440000 300400.000000
9.450000 1502000.000000
9.460000 600800.000000
9.470000 1802400.000000
9.480000 150200.000000
9.490000 600800.000000
9.500000 450600.000000
9.510000 62032600.000000
9.520000 96428400.000000
9.530000 34591400.000000
9.540000 0.000000
9.550000 0.000000
9.560000 0.000000
9.570000 0.000000
9.580000 0.000000
9.590000 0.000000
9.600000 0.000000
9.610000 0.000000
9.620000 0.000000
9.630000 0.000000
9.640000 0.000000
9.650000 0.000000
9.660000 1296786800.000000
9.670000 186248000.000000
9.680000 43257600.000000
9.690000 0.000000
9.700000 0.000000
9.710000 48965200.000000
9.720000 0.000000
9.730000 0.000000
9.740000 0.000000
9.750000 0.000000
9.760000 66989200.000000
9.770000 188350800.000000
9.780000 49224700.000000
9.790000 0.000000
9.800000 0.000000
9.810000 0.000000
9.820000 0.000000
9.830000 0.000000
9.840000 0.000000
9.850000 0.000000
9.860000 0.000000
9.870000 0.000000
9.880000 389729000.000000
9.890000 14719600.000000
9.900000 0.000000
9.910000 0.000000
9.920000 0.000000
9.930000 0.000000
9.940000 0.000000
9.950000 75851000.000000
9.960000 0.000000
9.970000 0.000000
9.980000 150200.000000
9.990000 0.000000
10.000000 0.000000
10.010000 0.000000
10.020000 0.000000
10.030000 0.000000
10.040000 0.000000
10.050000 111148000.000000
10.060000 0.000000
10.070000 0.000000
10.080000 19976600.000000
10.090000 0.000000
10.100000 0.000000
10.110000 0.000000
10.120000 0.000000
10.130000 0.000000
10.140000 0.000000
10.150000 0.000000
10.160000 0.000000
10.170000 0.000000
10.180000 30941200.000000
10.190000 0.000000
10.200000 0.000000
10.210000 0.000000
10.220000 6008000.000000
10.230000 0.000000
10.240000 0.000000
10.250000 0.000000
10.260000 0.000000
10.270000 0.000000
10.280000 0.000000
10.290000 0.000000
10.300000 0.000000
10.310000 0.000000
10.320000 8411200.000000
10.330000 0.000000
10.340000 0.000000
10.350000 0.000000
10.360000 600800.000000
10.370000 0.000000
10.380000 0.000000
10.390000 0.000000
10.400000 0.000000
10.410000 0.000000
10.420000 0.000000
10.430000 0.000000
10.440000 0.000000
10.450000 0.000000
10.460000 1802400.000000
10.470000 0.000000
10.480000 0.000000
10.490000 0.000000
10.500000 0.000000
10.510000 0.000000
10.520000 0.000000
10.530000 0.000000
10.540000 0.000000
10.550000 0.000000
10.560000 0.000000
10.570000 0.000000
10.580000 0.000000
10.590000 450600.000000
10.600000 0.000000
10.610000 0.000000
10.620000 0.000000
10.630000 0.000000
10.640000 0.000000
10.650000 0.000000
10.660000 0.000000
10.670000 0.000000
10.680000 0.000000
10.690000 0.000000
10.700000 0.000000
10.710000 0.000000
10.720000 0.000000
10.730000 150200.000000
10.740000 0.000000
10.750000 0.000000
10.760000 0.000000
10.770000 0.000000
10.780000 0.000000
