2.000000 5800.000000
2.010000 0.000000
2.020000 0.000000
2.030000 0.000000
2.040000 0.000000
2.050000 0.000000
2.060000 0.000000
2.070000 0.000000
2.080000 0.000000
2.090000 0.000000
2.100000 0.000000
2.110000 6200.000000
2.120000 0.000000
2.130000 0.000000
2.140000 0.000000
2.150000 0.000000
2.160000 0.000000
2.170000 0.000000
2.180000 0.000000
2.190000 0.000000
2.200000 0.000000
2.210000 1507400.000000
2.220000 0.000000
2.230000 0.000000
2.240000 0.000000
2.250000 0.000000
2.260000 0.000000
2.270000 0.000000
2.280000 0.000000
2.290000 0.000000
2.300000 0.000000
2.310000 3004000.000000
2.320000 0.000000
2.330000 0.000000
2.340000 0.000000
2.350000 0.000000
2.360000 0.000000
2.370000 0.000000
2.380000 0.000000
2.390000 0.000000
2.400000 0.000000
2.410000 6008000.000000
2.420000 0.000000
2.430000 0.000000
2.440000 0.000000
2.450000 0.000000
2.460000 0.000000
2.470000 0.000000
2.480000 0.000000
2.490000 0.000000
2.500000 0.000000
2.510000 11715600.000000
2.520000 0.000000
2.530000 0.000000
2.540000 0.000000
2.550000 300400.000000
2.560000 0.000000
2.570000 0.000000
2.580000 0.000000
2.590000 0.000000
2.600000 0.000000
2.610000 23281000.000000
2.620000 0.000000
2.630000 0.000000
2.640000 0.000000
2.650000 600800.000000
2.660000 0.000000
2.670000 0.000000
2.680000 0.000000
2.690000 0.000000
2.700000 0.000000
2.710000 27036000.000000
2.720000 0.000000
2.730000 0.000000
2.740000 0.000000
2.750000 600800.000000
2.760000 0.000000
2.770000 0.000000
2.780000 0.000000
2.790000 0.000000
2.800000 0.000000
2.810000 43107400.000000
2.820000 0.000000
2.830000 0.000000
2.840000 0.000000
2.850000 600800.000000
2.860000 0.000000
2.870000 0.000000
2.880000 0.000000
2.890000 0.000000
2.900000 0.000000
2.910000 48197400.000000
2.920000 0.000000
2.930000 0.000000
2.940000 0.000000
2.950000 1201600.000000
2.960000 0.000000
2.970000 0.000000
2.980000 0.000000
2.990000 0.000000
3.000000 0.000000
3.010000 80229000.000000
3.020000 0.000000
3.030000 0.000000
3.040000 0.000000
3.050000 1201600.000000
3.060000 0.000000
3.070000 0.000000
3.080000 0.000000
3.090000 0.000000
3.100000 0.000000
3.110000 95076600.000000
3.120000 0.000000
3.130000 0.000000
3.140000 0.000000
3.150000 2403200.000000
3.160000 0.000000
3.170000 0.000000
3.180000 0.000000
3.190000 0.000000
3.200000 0.000000
3.210000 109796200.000000
3.220000 79305600.000000
3.230000 0.000000
3.240000 0.000000
3.250000 4656200.000000
3.260000 0.000000
3.270000 0.000000
3.280000 0.000000
3.290000 0.000000
3.300000 0.000000
3.310000 104088600.000000
3.320000 124365600.000000
3.330000 74012600.000000
3.340000 0.000000
3.350000 150200.000000
3.360000 0.000000
3.370000 0.000000
3.380000 0.000000
3.390000 0.000000
3.400000 0.000000
3.410000 1652200.000000
3.420000 1051400.000000
3.430000 42848400.000000
3.440000 0.000000
3.450000 42807000.000000
3.460000 0.000000
3.470000 0.000000
3.480000 0.000000
3.490000 0.000000
3.500000 0.000000
3.510000 77953800.000000
3.520000 124816200.000000
3.530000 124816200.000000
3.540000 124515800.000000
3.550000 123620000.000000
3.560000 91922400.000000
3.570000 0.000000
3.580000 0.000000
3.590000 0.000000
3.600000 0.000000
3.610000 76151400.000000
3.620000 124515800.000000
3.630000 124515800.000000
3.640000 124966400.000000
3.650000 124515800.000000
3.660000 106642000.000000
3.670000 0.000000
3.680000 0.000000
3.690000 0.000000
3.700000 0.000000
3.710000 69392400.000000
3.720000 124515800.000000
3.730000 124666000.000000
3.740000 124515800.000000
3.750000 124365600.000000
3.760000 124666000.000000
3.770000 124515800.000000
3.780000 124371000.000000
3.790000 50016600.000000
3.800000 0.000000
3.810000 28087400.000000
3.820000 106041200.000000
3.830000 124666000.000000
3.840000 124666000.000000
3.850000 124515800.000000
3.860000 124816200.000000
3.870000 123764800.000000
3.880000 124816200.000000
3.890000 124666000.000000
3.900000 124515800.000000
3.910000 124515800.000000
3.920000 124666000.000000
3.930000 124515800.000000
3.940000 124365600.000000
3.950000 124816200.000000
3.960000 124816200.000000
3.970000 124365600.000000
3.980000 124666000.000000
3.990000 124515800.000000
4.000000 124215400.000000
4.010000 124365600.000000
4.020000 124515800.000000
4.030000 124515800.000000
4.040000 124966400.000000
4.050000 124365600.000000
4.060000 124816200.000000
4.070000 124966400.000000
4.080000 124966400.000000
4.090000 124365600.000000
4.100000 124816200.000000
4.110000 124666000.000000
4.120000 124365600.000000
4.130000 124666000.000000
4.140000 124671400.000000
4.150000 124666000.000000
4.160000 30791000.000000
4.170000 1051400.000000
4.180000 300400.000000
4.190000 450600.000000
4.200000 1952600.000000
4.210000 66989200.000000
4.220000 40253600.000000
4.230000 19676200.000000
4.240000 95977800.000000
4.250000 124666000.000000
4.260000 124816200.000000
4.270000 124365600.000000
4.280000 124816200.000000
4.290000 124215400.000000
4.300000 59334800.000000
4.310000 0.000000
4.320000 150200.000000
4.330000 0.000000
4.340000 450600.000000
4.350000 300400.000000
4.360000 300400.000000
4.370000 600800.000000
4.380000 150200.000000
4.390000 751000.000000
4.400000 65937800.000000
4.410000 124816200.000000
4.420000 124215400.000000
4.430000 123915000.000000
4.440000 124816200.000000
4.450000 124666000.000000
4.460000 124666000.000000
4.470000 124365600.000000
4.480000 124365600.000000
4.490000 124666000.000000
4.500000 124816200.000000
4.510000 124666000.000000
4.520000 124666000.000000
4.530000 124365600.000000
4.540000 123915000.000000
4.550000 124671400.000000
4.560000 123915000.000000
4.570000 124666000.000000
4.580000 124515800.000000
4.590000 124966400.000000
4.600000 124816200.000000
4.610000 124365600.000000
4.620000 124666000.000000
4.630000 124666000.000000
4.640000 125116600.000000
4.650000 124065200.000000
4.660000 124515800.000000
4.670000 124365600.000000
4.680000 124365600.000000
4.690000 124215400.000000
4.700000 124666000.000000
4.710000 124365600.000000
4.720000 123764800.000000
4.730000 124966400.000000
4.740000 124515800.000000
4.750000 124215400.000000
4.760000 124666000.000000
4.770000 125116600.000000
4.780000 123614600.000000
4.790000 124966400.000000
4.800000 124666000.000000
4.810000 124515800.000000
4.820000 124666000.000000
4.830000 124816200.000000
4.840000 124365600.000000
4.850000 124816200.000000
4.860000 124966400.000000
4.870000 124515800.000000
4.880000 124515800.000000
4.890000 124666000.000000
4.900000 124816200.000000
4.910000 124515800.000000
4.920000 124515800.000000
4.930000 124966400.000000
4.940000 124365600.000000
4.950000 124816200.000000
4.960000 124065200.000000
4.970000 124666000.000000
4.980000 124365600.000000
4.990000 124816200.000000
5.000000 124515800.000000
5.010000 124515800.000000
5.020000 124515800.000000
5.030000 124215400.000000
5.040000 124515800.000000
5.050000 124215400.000000
5.060000 124816200.000000
5.070000 124966400.000000
5.080000 124365600.000000
5.090000 124666000.000000
5.100000 124966400.000000
5.110000 124515800.000000
5.120000 124816200.000000
5.130000 124666000.000000
5.140000 124365600.000000
5.150000 124515800.000000
5.160000 124515800.000000
5.170000 124666000.000000
5.180000 124365600.000000
5.190000 124666000.000000
5.200000 124666000.000000
5.210000 123915000.000000
5.220000 124816200.000000
5.230000 124515800.000000
5.240000 124515800.000000
5.250000 124666000.000000
5.260000 124966400.000000
5.270000 124816200.000000
5.280000 124365600.000000
5.290000 124065200.000000
5.300000 124065200.000000
5.310000 124365600.000000
5.320000 124515800.000000
5.330000 124816200.000000
5.340000 124515800.000000
5.350000 124365600.000000
5.360000 123915000.000000
5.370000 124065200.000000
5.380000 124515800.000000
5.390000 11374300.000000
5.400000 901200.000000
5.410000 751000.000000
5.420000 450600.000000
5.430000 150200.000000
5.440000 450600.000000
5.450000 751000.000000
5.460000 1051400.000000
5.470000 901200.000000
5.480000 450600.000000
