2.000000 5800.000000
2.010000 0.000000
2.020000 0.000000
2.030000 0.000000
2.040000 0.000000
2.050000 0.000000
2.060000 0.000000
2.070000 0.000000
2.080000 0.000000
2.090000 0.000000
2.100000 0.000000
2.110000 6200.000000
2.120000 0.000000
2.130000 0.000000
2.140000 0.000000
2.150000 0.000000
2.160000 0.000000
2.170000 0.000000
2.180000 0.000000
2.190000 0.000000
2.200000 0.000000
2.210000 1507400.000000
2.220000 0.000000
2.230000 0.000000
2.240000 0.000000
2.250000 0.000000
2.260000 0.000000
2.270000 0.000000
2.280000 0.000000
2.290000 0.000000
2.300000 0.000000
2.310000 3004000.000000
2.320000 0.000000
2.330000 0.000000
2.340000 0.000000
2.350000 0.000000
2.360000 0.000000
2.370000 0.000000
2.380000 0.000000
2.390000 0.000000
2.400000 0.000000
2.410000 6008000.000000
2.420000 0.000000
2.430000 0.000000
2.440000 0.000000
2.450000 0.000000
2.460000 0.000000
2.470000 0.000000
2.480000 0.000000
2.490000 0.000000
2.500000 0.000000
2.510000 11715600.000000
2.520000 0.000000
2.530000 0.000000
2.540000 0.000000
2.550000 300400.000000
2.560000 0.000000
2.570000 0.000000
2.580000 0.000000
2.590000 0.000000
2.600000 0.000000
2.610000 23281000.000000
2.620000 0.000000
2.630000 0.000000
2.640000 0.000000
2.650000 600800.000000
2.660000 0.000000
2.670000 0.000000
2.680000 0.000000
2.690000 0.000000
2.700000 0.000000
2.710000 27036000.000000
2.720000 0.000000
2.730000 0.000000
2.740000 0.000000
2.750000 600800.000000
2.760000 0.000000
2.770000 0.000000
2.780000 0.000000
2.790000 0.000000
2.800000 0.000000
2.810000 43107400.000000
2.820000 0.000000
2.830000 0.000000
2.840000 0.000000
2.850000 600800.000000
2.860000 0.000000
2.870000 0.000000
2.880000 0.000000
2.890000 0.000000
2.900000 0.000000
2.910000 48197400.000000
2.920000 0.000000
2.930000 0.000000
2.940000 0.000000
2.950000 1201600.000000
2.960000 0.000000
2.970000 0.000000
2.980000 0.000000
2.990000 0.000000
3.000000 0.000000
3.010000 80229000.000000
3.020000 0.000000
3.030000 0.000000
3.040000 0.000000
3.050000 1201600.000000
3.060000 0.000000
3.070000 0.000000
3.080000 0.000000
3.090000 0.000000
3.100000 0.000000
3.110000 95226800.000000
3.120000 0.000000
3.130000 0.000000
3.140000 0.000000
3.150000 2403200.000000
3.160000 0.000000
3.170000 0.000000
3.180000 0.000000
3.190000 0.000000
3.200000 0.000000
3.210000 109946400.000000
3.220000 79606000.000000
3.230000 0.000000
3.240000 0.000000
3.250000 4806400.000000
3.260000 0.000000
3.270000 0.000000
3.280000 0.000000
3.290000 0.000000
3.300000 0.000000
3.310000 104088600.000000
3.320000 124515800.000000
3.330000 73261600.000000
3.340000 0.000000
3.350000 150200.000000
3.360000 0.000000
3.370000 0.000000
3.380000 0.000000
3.390000 0.000000
3.400000 0.000000
3.410000 1952600.000000
3.420000 117347600.000000
3.430000 28838400.000000
3.440000 0.000000
3.450000 450600.000000
3.460000 0.000000
3.470000 0.000000
3.480000 0.000000
3.490000 0.000000
3.500000 0.000000
3.510000 24933200.000000
3.520000 124816200.000000
3.530000 124666000.000000
3.540000 124666000.000000
3.550000 123764800.000000
3.560000 124666000.000000
3.570000 91139400.000000
3.580000 0.000000
3.590000 0.000000
3.600000 0.000000
3.610000 26472600.000000
3.620000 124365600.000000
3.630000 124966400.000000
3.640000 124515800.000000
3.650000 124515800.000000
3.660000 124515800.000000
3.670000 124666000.000000
3.680000 124816200.000000
3.690000 124365600.000000
3.700000 124515800.000000
3.710000 8561400.000000
3.720000 600800.000000
3.730000 150200.000000
3.740000 1201600.000000
3.750000 1502000.000000
3.760000 1652200.000000
3.770000 751000.000000
3.780000 300400.000000
3.790000 2102800.000000
3.800000 1952600.000000
3.810000 81258200.000000
3.820000 24482600.000000
3.830000 0.000000
3.840000 0.000000
3.850000 0.000000
3.860000 0.000000
3.870000 0.000000
3.880000 0.000000
3.890000 0.000000
3.900000 0.000000
3.910000 0.000000
3.920000 107843600.000000
3.930000 124365600.000000
3.940000 124666000.000000
3.950000 124966400.000000
3.960000 124816200.000000
3.970000 124365600.000000
3.980000 124816200.000000
3.990000 124065200.000000
4.000000 124816200.000000
4.010000 124666000.000000
4.020000 124816200.000000
4.030000 124666000.000000
4.040000 124666000.000000
4.050000 124666000.000000
4.060000 124365600.000000
4.070000 124666000.000000
4.080000 39739000.000000
4.090000 901200.000000
4.100000 150200.000000
4.110000 450600.000000
4.120000 150200.000000
4.130000 300400.000000
4.140000 300400.000000
4.150000 450600.000000
4.160000 63303600.000000
4.170000 124666000.000000
4.180000 124515800.000000
4.190000 124666000.000000
4.200000 124666000.000000
4.210000 124065200.000000
4.220000 124816200.000000
4.230000 124515800.000000
4.240000 124515800.000000
4.250000 124666000.000000
4.260000 124666000.000000
4.270000 124966400.000000
4.280000 124816200.000000
4.290000 124816200.000000
4.300000 124515800.000000
4.310000 124666000.000000
4.320000 124816200.000000
4.330000 124365600.000000
4.340000 124666000.000000
4.350000 124816200.000000
4.360000 124966400.000000
4.370000 124816200.000000
4.380000 124521600.000000
4.390000 124666000.000000
4.400000 124966400.000000
4.410000 124816200.000000
4.420000 124515800.000000
4.430000 124515800.000000
4.440000 124966400.000000
4.450000 124365600.000000
4.460000 123915000.000000
4.470000 124515800.000000
4.480000 124966400.000000
4.490000 124515800.000000
4.500000 124666000.000000
4.510000 124215400.000000
4.520000 124666000.000000
4.530000 124966400.000000
4.540000 124666000.000000
4.550000 124666000.000000
4.560000 124365600.000000
4.570000 124515800.000000
4.580000 124215400.000000
4.590000 124365600.000000
4.600000 124365600.000000
4.610000 124365600.000000
4.620000 124816200.000000
4.630000 124966400.000000
4.640000 124666000.000000
4.650000 124215400.000000
4.660000 124966400.000000
4.670000 124816200.000000
4.680000 124666000.000000
4.690000 124365600.000000
4.700000 123915000.000000
4.710000 124666000.000000
4.720000 124666000.000000
4.730000 124666000.000000
4.740000 124515800.000000
4.750000 123915000.000000
4.760000 124515800.000000
4.770000 124816200.000000
4.780000 124666000.000000
4.790000 124365600.000000
4.800000 125116600.000000
4.810000 124816200.000000
4.820000 123915000.000000
4.830000 124816200.000000
4.840000 124515800.000000
4.850000 124816200.000000
4.860000 124666000.000000
4.870000 124666000.000000
4.880000 124365600.000000
4.890000 125116600.000000
4.900000 124666000.000000
4.910000 124515800.000000
4.920000 124666000.000000
4.930000 124515800.000000
4.940000 124966400.000000
4.950000 124365600.000000
4.960000 124666000.000000
4.970000 124666000.000000
4.980000 124666000.000000
4.990000 124515800.000000
5.000000 124215400.000000
5.010000 124666000.000000
5.020000 124215400.000000
5.030000 124816200.000000
5.040000 124666000.000000
5.050000 124365600.000000
5.060000 124816200.000000
5.070000 124215400.000000
5.080000 124515800.000000
5.090000 124666000.000000
5.100000 124966400.000000
5.110000 124816200.000000
5.120000 124515800.000000
5.130000 124666000.000000
5.140000 124666000.000000
5.150000 124816200.000000
5.160000 124966400.000000
5.170000 124515800.000000
5.180000 124666000.000000
5.190000 124065200.000000
5.200000 125116600.000000
5.210000 124365600.000000
5.220000 124816200.000000
5.230000 124816200.000000
5.240000 124065200.000000
5.250000 124666000.000000
5.260000 124666000.000000
5.270000 124515800.000000
5.280000 124666000.000000
5.290000 124816200.000000
5.300000 124816200.000000
5.310000 124666000.000000
5.320000 124365600.000000
5.330000 124065200.000000
5.340000 124365600.000000
5.350000 124365600.000000
5.360000 124816200.000000
5.370000 124966400.000000
5.380000 124515800.000000
5.390000 124515800.000000
5.400000 123915000.000000
5.410000 124666000.000000
5.420000 80916900.000000
5.430000 901200.000000
5.440000 751000.000000
5.450000 600800.000000
5.460000 150200.000000
5.470000 0.000000
5.480000 450600.000000
5.490000 600800.000000
5.500000 1051400.000000
5.510000 300400.000000
5.520000 300400.000000
