2.000000 5800.000000
2.010000 0.000000
2.020000 0.000000
2.030000 0.000000
2.040000 0.000000
2.050000 0.000000
2.060000 6200.000000
2.070000 0.000000
2.080000 0.000000
2.090000 0.000000
2.100000 0.000000
2.110000 0.000000
2.120000 0.000000
2.130000 0.000000
2.140000 0.000000
2.150000 0.000000
2.160000 1507400.000000
2.170000 0.000000
2.180000 0.000000
2.190000 0.000000
2.200000 0.000000
2.210000 0.000000
2.220000 0.000000
2.230000 0.000000
2.240000 0.000000
2.250000 0.000000
2.260000 3004000.000000
2.270000 0.000000
2.280000 0.000000
2.290000 0.000000
2.300000 0.000000
2.310000 0.000000
2.320000 0.000000
2.330000 0.000000
2.340000 0.000000
2.350000 0.000000
2.360000 6008000.000000
2.370000 0.000000
2.380000 0.000000
2.390000 0.000000
2.400000 0.000000
2.410000 0.000000
2.420000 0.000000
2.430000 0.000000
2.440000 0.000000
2.450000 0.000000
2.460000 11715600.000000
2.470000 0.000000
2.480000 0.000000
2.490000 0.000000
2.500000 300400.000000
2.510000 0.000000
2.520000 0.000000
2.530000 0.000000
2.540000 0.000000
2.550000 0.000000
2.560000 23431200.000000
2.570000 0.000000
2.580000 0.000000
2.590000 0.000000
2.600000 600800.000000
2.610000 0.000000
2.620000 0.000000
2.630000 0.000000
2.640000 0.000000
2.650000 0.000000
2.660000 27186200.000000
2.670000 0.000000
2.680000 0.000000
2.690000 0.000000
2.700000 600800.000000
2.710000 0.000000
2.720000 0.000000
2.730000 0.000000
2.740000 0.000000
2.750000 0.000000
2.760000 43257600.000000
2.770000 0.000000
2.780000 0.000000
2.790000 0.000000
2.800000 600800.000000
2.810000 0.000000
2.820000 0.000000
2.830000 0.000000
2.840000 0.000000
2.850000 0.000000
2.860000 48219600.000000
2.870000 0.000000
2.880000 0.000000
2.890000 0.000000
2.900000 1201600.000000
2.910000 0.000000
2.920000 0.000000
2.930000 0.000000
2.940000 0.000000
2.950000 0.000000
2.960000 80829800.000000
2.970000 0.000000
2.980000 0.000000
2.990000 0.000000
3.000000 1201600.000000
3.010000 0.000000
3.020000 0.000000
3.030000 0.000000
3.040000 0.000000
3.050000 0.000000
3.060000 95677400.000000
3.070000 0.000000
3.080000 0.000000
3.090000 0.000000
3.100000 2403200.000000
3.110000 0.000000
3.120000 0.000000
3.130000 0.000000
3.140000 0.000000
3.150000 0.000000
3.160000 190453600.000000
3.170000 0.000000
3.180000 0.000000
3.190000 0.000000
3.200000 4806400.000000
3.210000 0.000000
3.220000 0.000000
3.230000 0.000000
3.240000 0.000000
3.250000 0.000000
3.260000 216888800.000000
3.270000 86329000.000000
3.280000 0.000000
3.290000 0.000000
3.300000 150200.000000
3.310000 0.000000
3.320000 0.000000
3.330000 0.000000
3.340000 0.000000
3.350000 0.000000
3.360000 1952600.000000
3.370000 145735400.000000
3.380000 600800.000000
3.390000 0.000000
3.400000 450600.000000
3.410000 0.000000
3.420000 0.000000
3.430000 0.000000
3.440000 0.000000
3.450000 0.000000
3.460000 59929800.000000
3.470000 340954000.000000
3.480000 339720400.000000
3.490000 0.000000
3.500000 751000.000000
3.510000 0.000000
3.520000 0.000000
3.530000 0.000000
3.540000 0.000000
3.550000 0.000000
3.560000 50204200.000000
3.570000 249932800.000000
3.580000 173781400.000000
3.590000 236264600.000000
3.600000 232509600.000000
3.610000 217189200.000000
3.620000 300400.000000
3.630000 0.000000
3.640000 0.000000
3.650000 0.000000
3.660000 150200.000000
3.670000 600800.000000
3.680000 150200.000000
3.690000 1201600.000000
3.700000 1502000.000000
3.710000 1652200.000000
3.720000 751000.000000
3.730000 300400.000000
3.740000 2102800.000000
3.750000 1952600.000000
3.760000 81258200.000000
3.770000 24783000.000000
3.780000 0.000000
3.790000 0.000000
3.800000 0.000000
3.810000 0.000000
3.820000 0.000000
3.830000 0.000000
3.840000 0.000000
3.850000 0.000000
3.860000 0.000000
3.870000 1814115600.000000
3.880000 0.000000
3.890000 0.000000
3.900000 0.000000
3.910000 0.000000
3.920000 0.000000
3.930000 0.000000
3.940000 0.000000
3.950000 0.000000
3.960000 0.000000
3.970000 103788200.000000
3.980000 103423800.000000
3.990000 300400.000000
4.000000 0.000000
4.010000 300400.000000
4.020000 600800.000000
4.030000 150200.000000
4.040000 901200.000000
4.050000 150200.000000
4.060000 450600.000000
4.070000 150200.000000
4.080000 300400.000000
4.090000 300400.000000
4.100000 450600.000000
4.110000 282595600.000000
4.120000 314819200.000000
4.130000 761363800.000000
4.140000 122563200.000000
4.150000 146144600.000000
4.160000 179489000.000000
4.170000 30340400.000000
4.180000 133678000.000000
4.190000 67590000.000000
4.200000 901200.000000
4.210000 126768800.000000
4.220000 249031600.000000
4.230000 249332000.000000
4.240000 249337800.000000
4.250000 249332000.000000
4.260000 248130400.000000
4.270000 249632400.000000
4.280000 249031600.000000
4.290000 249031600.000000
4.300000 249332000.000000
4.310000 249031600.000000
4.320000 250233200.000000
4.330000 249632400.000000
4.340000 150200000.000000
4.350000 124966400.000000
4.360000 125116600.000000
4.370000 124966400.000000
4.380000 124966400.000000
4.390000 124966400.000000
4.400000 124966400.000000
4.410000 125116600.000000
4.420000 125266800.000000
4.430000 125266800.000000
4.440000 124966400.000000
4.450000 125116600.000000
4.460000 124966400.000000
4.470000 125567200.000000
4.480000 124966400.000000
4.490000 124966400.000000
4.500000 125116600.000000
4.510000 128871600.000000
4.520000 126318200.000000
4.530000 122713400.000000
4.540000 125567200.000000
4.550000 123013800.000000
4.560000 126017800.000000
4.570000 124966400.000000
4.580000 120009800.000000
4.590000 125417000.000000
4.600000 126017800.000000
4.610000 126017800.000000
4.620000 123464400.000000
4.630000 127069200.000000
4.640000 121812200.000000
4.650000 125717400.000000
4.660000 127369600.000000
4.670000 126168000.000000
4.680000 123764800.000000
4.690000 123915000.000000
4.700000 121812200.000000
4.710000 129622600.000000
4.720000 125116600.000000
4.730000 122713400.000000
4.740000 122413000.000000
4.750000 129021800.000000
4.760000 127519800.000000
4.770000 125867600.000000
4.780000 126318200.000000
4.790000 118507800.000000
4.800000 129772800.000000
4.810000 123464400.000000
4.820000 122262800.000000
4.830000 127670000.000000
4.840000 123164000.000000
4.850000 121061200.000000
4.860000 129172000.000000
4.870000 124215400.000000
4.880000 119859600.000000
4.890000 132476400.000000
4.900000 125266800.000000
4.910000 123164000.000000
4.920000 124365600.000000
4.930000 129622600.000000
4.940000 120610600.000000
4.950000 112800200.000000
4.960000 127069200.000000
4.970000 126919000.000000
4.980000 125717400.000000
4.990000 125116600.000000
5.000000 124966400.000000
5.010000 124966400.000000
5.020000 124966400.000000
5.030000 125116600.000000
5.040000 124966400.000000
5.050000 124966400.000000
5.060000 124966400.000000
5.070000 124966400.000000
5.080000 125116600.000000
5.090000 124966400.000000
5.100000 124966400.000000
5.110000 124966400.000000
5.120000 125116600.000000
5.130000 124966400.000000
5.140000 124966400.000000
5.150000 124966400.000000
5.160000 124966400.000000
5.170000 125116600.000000
5.180000 86924900.000000
5.190000 300400.000000
5.200000 150200.000000
5.210000 150200.000000
5.220000 450600.000000
5.230000 300400.000000
5.240000 901200.000000
5.250000 0.000000
5.260000 600800.000000
5.270000 150200.000000
5.280000 150200.000000
5.290000 901200.000000
5.300000 450600.000000
5.310000 300400.000000
5.320000 450600.000000
5.330000 300400.000000
5.340000 300400.000000
5.350000 150200.000000
5.360000 300400.000000
5.370000 600800.000000
5.380000 901200.000000
5.390000 751000.000000
5.400000 600800.000000
5.410000 150200.000000
5.420000 0.000000
5.430000 450600.000000
5.440000 600800.000000
5.450000 1051400.000000
5.460000 300400.000000
5.470000 300400.000000
5.480000 0.000000
5.490000 0.000000
5.500000 0.000000
5.510000 0.000000
5.520000 0.000000
