2.000000 5800.000000
2.010000 0.000000
2.020000 0.000000
2.030000 0.000000
2.040000 0.000000
2.050000 0.000000
2.060000 0.000000
2.070000 0.000000
2.080000 0.000000
2.090000 0.000000
2.100000 0.000000
2.110000 6200.000000
2.120000 0.000000
2.130000 0.000000
2.140000 0.000000
2.150000 0.000000
2.160000 0.000000
2.170000 0.000000
2.180000 0.000000
2.190000 0.000000
2.200000 0.000000
2.210000 1507400.000000
2.220000 0.000000
2.230000 0.000000
2.240000 0.000000
2.250000 0.000000
2.260000 0.000000
2.270000 0.000000
2.280000 0.000000
2.290000 0.000000
2.300000 0.000000
2.310000 2102800.000000
2.320000 0.000000
2.330000 0.000000
2.340000 0.000000
2.350000 0.000000
2.360000 0.000000
2.370000 0.000000
2.380000 0.000000
2.390000 0.000000
2.400000 0.000000
2.410000 2253000.000000
2.420000 0.000000
2.430000 0.000000
2.440000 0.000000
2.450000 0.000000
2.460000 0.000000
2.470000 0.000000
2.480000 0.000000
2.490000 0.000000
2.500000 0.000000
2.510000 2853800.000000
2.520000 0.000000
2.530000 0.000000
2.540000 0.000000
2.550000 0.000000
2.560000 0.000000
2.570000 0.000000
2.580000 0.000000
2.590000 0.000000
2.600000 0.000000
2.610000 4806400.000000
2.620000 0.000000
2.630000 0.000000
2.640000 0.000000
2.650000 0.000000
2.660000 0.000000
2.670000 0.000000
2.680000 0.000000
2.690000 0.000000
2.700000 0.000000
2.710000 7510000.000000
2.720000 0.000000
2.730000 0.000000
2.740000 0.000000
2.750000 0.000000
2.760000 0.000000
2.770000 0.000000
2.780000 0.000000
2.790000 0.000000
2.800000 0.000000
2.810000 8711600.000000
2.820000 0.000000
2.830000 0.000000
2.840000 0.000000
2.850000 0.000000
2.860000 0.000000
2.870000 0.000000
2.880000 0.000000
2.890000 0.000000
2.900000 0.000000
2.910000 2553400.000000
2.920000 0.000000
2.930000 0.000000
2.940000 0.000000
2.950000 0.000000
2.960000 0.000000
2.970000 0.000000
2.980000 0.000000
2.990000 0.000000
3.000000 0.000000
3.010000 450600.000000
3.020000 0.000000
3.030000 0.000000
3.040000 0.000000
3.050000 0.000000
3.060000 0.000000
3.070000 0.000000
3.080000 0.000000
3.090000 0.000000
3.100000 0.000000
3.110000 600800.000000
3.120000 0.000000
3.130000 0.000000
3.140000 0.000000
3.150000 0.000000
3.160000 0.000000
3.170000 0.000000
3.180000 0.000000
3.190000 0.000000
3.200000 0.000000
3.210000 600800.000000
3.220000 0.000000
3.230000 0.000000
3.240000 150200.000000
3.250000 0.000000
3.260000 0.000000
3.270000 0.000000
3.280000 0.000000
3.290000 0.000000
3.300000 0.000000
3.310000 2379200.000000
3.320000 0.000000
3.330000 0.000000
3.340000 300400.000000
3.350000 0.000000
3.360000 0.000000
3.370000 0.000000
3.380000 0.000000
3.390000 0.000000
3.400000 0.000000
3.410000 16401200.000000
3.420000 0.000000
3.430000 0.000000
3.440000 1051400.000000
3.450000 0.000000
3.460000 0.000000
3.470000 0.000000
3.480000 0.000000
3.490000 0.000000
3.500000 0.000000
3.510000 16071400.000000
3.520000 0.000000
3.530000 0.000000
3.540000 3004000.000000
3.550000 0.000000
3.560000 0.000000
3.570000 450600.000000
3.580000 0.000000
3.590000 0.000000
3.600000 0.000000
3.610000 0.000000
3.620000 0.000000
3.630000 0.000000
3.640000 3755000.000000
3.650000 0.000000
3.660000 0.000000
3.670000 751000.000000
3.680000 0.000000
3.690000 0.000000
3.700000 0.000000
3.710000 0.000000
3.720000 0.000000
3.730000 0.000000
3.740000 0.000000
3.750000 0.000000
3.760000 0.000000
3.770000 22494800.000000
3.780000 0.000000
3.790000 0.000000
3.800000 0.000000
3.810000 0.000000
3.820000 0.000000
3.830000 0.000000
3.840000 0.000000
3.850000 0.000000
3.860000 0.000000
3.870000 30941200.000000
3.880000 0.000000
3.890000 0.000000
3.900000 0.000000
3.910000 3194800.000000
3.920000 0.000000
3.930000 0.000000
3.940000 0.000000
3.950000 0.000000
3.960000 0.000000
3.970000 24332400.000000
3.980000 751000.000000
3.990000 0.000000
4.000000 0.000000
4.010000 2553400.000000
4.020000 0.000000
4.030000 0.000000
4.040000 450600.000000
4.050000 0.000000
4.060000 0.000000
4.070000 26285000.000000
4.080000 0.000000
4.090000 0.000000
4.100000 0.000000
4.110000 4656200.000000
4.120000 0.000000
4.130000 0.000000
4.140000 751000.000000
4.150000 0.000000
4.160000 0.000000
4.170000 150200.000000
4.180000 0.000000
4.190000 0.000000
4.200000 0.000000
4.210000 5707600.000000
4.220000 0.000000
4.230000 0.000000
4.240000 1051400.000000
4.250000 0.000000
4.260000 0.000000
4.270000 0.000000
4.280000 0.000000
4.290000 0.000000
4.300000 0.000000
4.310000 18324400.000000
4.320000 0.000000
4.330000 0.000000
4.340000 1051400.000000
4.350000 0.000000
4.360000 0.000000
4.370000 0.000000
4.380000 150200.000000
4.390000 0.000000
4.400000 0.000000
4.410000 0.000000
4.420000 0.000000
4.430000 0.000000
4.440000 56330400.000000
4.450000 0.000000
4.460000 0.000000
4.470000 0.000000
4.480000 300400.000000
4.490000 0.000000
4.500000 0.000000
4.510000 0.000000
4.520000 0.000000
4.530000 0.000000
4.540000 11265000.000000
4.550000 0.000000
4.560000 0.000000
4.570000 0.000000
4.580000 30640800.000000
4.590000 0.000000
4.600000 0.000000
4.610000 0.000000
4.620000 0.000000
4.630000 0.000000
4.640000 0.000000
4.650000 0.000000
4.660000 0.000000
4.670000 0.000000
4.680000 1802400.000000
4.690000 0.000000
4.700000 0.000000
4.710000 0.000000
4.720000 6308400.000000
4.730000 0.000000
4.740000 0.000000
4.750000 0.000000
4.760000 0.000000
4.770000 0.000000
4.780000 150200.000000
4.790000 0.000000
4.800000 0.000000
4.810000 300400.000000
4.820000 11265000.000000
4.830000 0.000000
4.840000 0.000000
4.850000 1201600.000000
4.860000 0.000000
4.870000 0.000000
4.880000 0.000000
4.890000 0.000000
4.900000 0.000000
4.910000 0.000000
4.920000 0.000000
4.930000 0.000000
4.940000 0.000000
4.950000 40403800.000000
4.960000 0.000000
4.970000 0.000000
4.980000 0.000000
4.990000 150200.000000
5.000000 0.000000
5.010000 0.000000
5.020000 0.000000
5.030000 0.000000
5.040000 0.000000
5.050000 0.000000
5.060000 0.000000
5.070000 0.000000
5.080000 0.000000
5.090000 8613200.000000
5.100000 0.000000
5.110000 0.000000
5.120000 0.000000
5.130000 0.000000
5.140000 0.000000
5.150000 0.000000
5.160000 0.000000
5.170000 0.000000
5.180000 0.000000
5.190000 11068400.000000
5.200000 0.000000
5.210000 0.000000
5.220000 901200.000000
5.230000 0.000000
5.240000 0.000000
5.250000 0.000000
5.260000 0.000000
5.270000 0.000000
5.280000 0.000000
5.290000 150200.000000
5.300000 0.000000
5.310000 0.000000
5.320000 20126800.000000
5.330000 20126800.000000
5.340000 0.000000
5.350000 0.000000
5.360000 600800.000000
5.370000 0.000000
5.380000 0.000000
5.390000 150200.000000
5.400000 0.000000
5.410000 0.000000
5.420000 15020000.000000
5.430000 14269000.000000
5.440000 0.000000
5.450000 0.000000
5.460000 5407200.000000
5.470000 0.000000
5.480000 0.000000
5.490000 150200.000000
5.500000 0.000000
5.510000 0.000000
5.520000 15771000.000000
5.530000 16522000.000000
5.540000 0.000000
5.550000 0.000000
5.560000 7660200.000000
5.570000 0.000000
5.580000 0.000000
5.590000 600800.000000
5.600000 0.000000
5.610000 0.000000
5.620000 3604800.000000
5.630000 0.000000
5.640000 0.000000
5.650000 0.000000
5.660000 5407200.000000
5.670000 0.000000
5.680000 0.000000
5.690000 4466800.000000
5.700000 0.000000
5.710000 0.000000
5.720000 9357000.000000
5.730000 0.000000
5.740000 0.000000
5.750000 0.000000
5.760000 10664200.000000
5.770000 0.000000
5.780000 0.000000
5.790000 1051400.000000
5.800000 0.000000
5.810000 0.000000
5.820000 901200.000000
5.830000 0.000000
5.840000 0.000000
5.850000 0.000000
5.860000 1351800.000000
5.870000 0.000000
5.880000 0.000000
5.890000 31992600.000000
5.900000 0.000000
5.910000 0.000000
5.920000 6158200.000000
5.930000 0.000000
5.940000 0.000000
5.950000 0.000000
5.960000 450600.000000
5.970000 0.000000
5.980000 0.000000
5.990000 9162200.000000
6.000000 0.000000
6.010000 0.000000
6.020000 19225600.000000
6.030000 6458600.000000
6.040000 0.000000
6.050000 0.000000
6.060000 1652200.000000
6.070000 0.000000
6.080000 0.000000
6.090000 10814400.000000
6.100000 0.000000
6.110000 0.000000
6.120000 11565400.000000
6.130000 0.000000
6.140000 0.000000
6.150000 0.000000
6.160000 7059400.000000
6.170000 0.000000
6.180000 0.000000
6.190000 450600.000000
6.200000 0.000000
6.210000 0.000000
6.220000 7087200.000000
6.230000 0.000000
6.240000 0.000000
6.250000 0.000000
6.260000 3154200.000000
6.270000 0.000000
6.280000 0.000000
6.290000 751000.000000
6.300000 0.000000
6.310000 0.000000
6.320000 0.000000
6.330000 0.000000
6.340000 0.000000
6.350000 0.000000
6.360000 1201600.000000
6.370000 0.000000
6.380000 0.000000
6.390000 901200.000000
6.400000 0.000000
6.410000 0.000000
6.420000 150200.000000
6.430000 0.000000
6.440000 0.000000
6.450000 0.000000
6.460000 150200.000000
6.470000 0.000000
6.480000 0.000000
6.490000 150200.000000
6.500000 0.000000
6.510000 0.000000
6.520000 19804000.000000
6.530000 22379800.000000
6.540000 0.000000
6.550000 0.000000
6.560000 150200.000000
6.570000 0.000000
6.580000 0.000000
6.590000 150200.000000
6.600000 0.000000
6.610000 0.000000
6.620000 13518000.000000
6.630000 20126800.000000
6.640000 0.000000
6.650000 0.000000
6.660000 150200.000000
6.670000 0.000000
6.680000 0.000000
6.690000 300400.000000
6.700000 0.000000
6.710000 0.000000
6.720000 17273000.000000
6.730000 16672200.000000
6.740000 0.000000
6.750000 0.000000
6.760000 150200.000000
6.770000 0.000000
6.780000 0.000000
6.790000 150200.000000
6.800000 0.000000
6.810000 0.000000
6.820000 18324400.000000
6.830000 15170200.000000
6.840000 0.000000
6.850000 0.000000
6.860000 150200.000000
6.870000 0.000000
6.880000 0.000000
6.890000 300400.000000
6.900000 0.000000
6.910000 0.000000
6.920000 9162200.000000
6.930000 0.000000
6.940000 0.000000
6.950000 0.000000
6.960000 7209600.000000
6.970000 0.000000
6.980000 0.000000
6.990000 150200.000000
7.000000 0.000000
7.010000 0.000000
7.020000 16893400.000000
7.030000 0.000000
7.040000 0.000000
7.050000 0.000000
7.060000 13968600.000000
7.070000 0.000000
7.080000 0.000000
7.090000 10514000.000000
7.100000 0.000000
7.110000 0.000000
7.120000 14269000.000000
7.130000 0.000000
7.140000 0.000000
7.150000 0.000000
7.160000 12917200.000000
7.170000 0.000000
7.180000 0.000000
7.190000 9763000.000000
7.200000 0.000000
7.210000 0.000000
7.220000 14269000.000000
7.230000 0.000000
7.240000 0.000000
7.250000 0.000000
7.260000 13067400.000000
7.270000 0.000000
7.280000 0.000000
7.290000 10964600.000000
7.300000 0.000000
7.310000 0.000000
7.320000 14118800.000000
7.330000 0.000000
7.340000 0.000000
7.350000 0.000000
7.360000 13518000.000000
7.370000 0.000000
7.380000 0.000000
7.390000 12166200.000000
7.400000 0.000000
7.410000 0.000000
7.420000 14203400.000000
7.430000 0.000000
7.440000 0.000000
7.450000 0.000000
7.460000 13367800.000000
7.470000 0.000000
7.480000 0.000000
7.490000 12016000.000000
7.500000 0.000000
7.510000 0.000000
7.520000 12316400.000000
7.530000 0.000000
7.540000 0.000000
7.550000 0.000000
7.560000 12616800.000000
7.570000 0.000000
7.580000 0.000000
7.590000 12316400.000000
7.600000 0.000000
7.610000 0.000000
7.620000 12316400.000000
7.630000 0.000000
7.640000 0.000000
7.650000 0.000000
7.660000 13518000.000000
7.670000 0.000000
7.680000 0.000000
7.690000 12917200.000000
7.700000 0.000000
7.710000 0.000000
7.720000 12316400.000000
7.730000 450600.000000
7.740000 0.000000
7.750000 0.000000
7.760000 12466600.000000
7.770000 0.000000
7.780000 0.000000
7.790000 12616800.000000
7.800000 300400.000000
7.810000 0.000000
7.820000 11265000.000000
7.830000 2403200.000000
7.840000 0.000000
7.850000 0.000000
7.860000 12166200.000000
7.870000 0.000000
7.880000 0.000000
7.890000 13968600.000000
7.900000 300400.000000
7.910000 0.000000
7.920000 12016000.000000
7.930000 1952600.000000
7.940000 0.000000
7.950000 0.000000
7.960000 10514000.000000
7.970000 450600.000000
7.980000 0.000000
7.990000 14419200.000000
8.000000 300400.000000
8.010000 0.000000
8.020000 10213600.000000
8.030000 2102800.000000
8.040000 0.000000
8.050000 0.000000
8.060000 10964600.000000
8.070000 901200.000000
8.080000 0.000000
8.090000 13968600.000000
8.100000 300400.000000
8.110000 0.000000
8.120000 8711600.000000
8.130000 3304400.000000
8.140000 0.000000
8.150000 0.000000
8.160000 11415200.000000
8.170000 901200.000000
8.180000 0.000000
8.190000 13518000.000000
8.200000 300400.000000
8.210000 0.000000
8.220000 10213600.000000
8.230000 2253000.000000
8.240000 0.000000
8.250000 0.000000
8.260000 11865800.000000
8.270000 751000.000000
8.280000 0.000000
8.290000 13518000.000000
8.300000 300400.000000
8.310000 0.000000
8.320000 10063400.000000
8.330000 2553400.000000
8.340000 0.000000
8.350000 0.000000
8.360000 12166200.000000
8.370000 751000.000000
8.380000 0.000000
8.390000 13217600.000000
8.400000 600800.000000
8.410000 0.000000
8.420000 10514000.000000
8.430000 2403200.000000
8.440000 0.000000
8.450000 0.000000
8.460000 13067400.000000
8.470000 600800.000000
8.480000 0.000000
8.490000 12917200.000000
8.500000 1201600.000000
8.510000 0.000000
8.520000 10063400.000000
8.530000 1952600.000000
8.540000 0.000000
8.550000 0.000000
8.560000 12917200.000000
8.570000 1051400.000000
8.580000 0.000000
8.590000 12616800.000000
8.600000 1201600.000000
8.610000 0.000000
8.620000 9913200.000000
8.630000 2403200.000000
8.640000 150200.000000
8.650000 0.000000
8.660000 12166200.000000
8.670000 901200.000000
8.680000 0.000000
8.690000 11715600.000000
8.700000 2553400.000000
8.710000 0.000000
8.720000 10964600.000000
8.730000 2253000.000000
8.740000 150200.000000
8.750000 0.000000
8.760000 11415200.000000
8.770000 1201600.000000
8.780000 0.000000
8.790000 12316400.000000
8.800000 2703600.000000
8.810000 0.000000
8.820000 8561400.000000
8.830000 3454600.000000
8.840000 300400.000000
8.850000 0.000000
8.860000 10363800.000000
8.870000 1051400.000000
8.880000 0.000000
8.890000 9913200.000000
8.900000 2853800.000000
8.910000 0.000000
8.920000 9312400.000000
8.930000 3454600.000000
8.940000 150200.000000
8.950000 0.000000
8.960000 11715600.000000
8.970000 1051400.000000
8.980000 0.000000
8.990000 11114800.000000
9.000000 1502000.000000
9.010000 0.000000
9.020000 9612800.000000
9.030000 2253000.000000
9.040000 150200.000000
9.050000 0.000000
9.060000 10964600.000000
9.070000 901200.000000
9.080000 0.000000
9.090000 10514000.000000
9.100000 901200.000000
9.110000 0.000000
9.120000 10213600.000000
9.130000 2403200.000000
9.140000 150200.000000
9.150000 0.000000
9.160000 13818400.000000
9.170000 450600.000000
9.180000 0.000000
9.190000 11715600.000000
9.200000 751000.000000
9.210000 0.000000
9.220000 11265000.000000
9.230000 1802400.000000
9.240000 150200.000000
9.250000 0.000000
9.260000 13217600.000000
9.270000 300400.000000
9.280000 0.000000
9.290000 11865800.000000
9.300000 751000.000000
9.310000 0.000000
9.320000 11565400.000000
9.330000 1652200.000000
9.340000 150200.000000
9.350000 0.000000
9.360000 12767000.000000
9.370000 300400.000000
9.380000 0.000000
9.390000 13067400.000000
9.400000 600800.000000
9.410000 0.000000
9.420000 11715600.000000
9.430000 1502000.000000
9.440000 150200.000000
9.450000 0.000000
9.460000 12016000.000000
9.470000 600800.000000
9.480000 0.000000
9.490000 12616800.000000
9.500000 300400.000000
9.510000 0.000000
9.520000 10514000.000000
9.530000 1201600.000000
9.540000 150200.000000
9.550000 0.000000
9.560000 12166200.000000
9.570000 300400.000000
9.580000 0.000000
9.590000 11865800.000000
9.600000 600800.000000
9.610000 0.000000
9.620000 10514000.000000
9.630000 1652200.000000
9.640000 150200.000000
9.650000 0.000000
9.660000 12917200.000000
9.670000 450600.000000
9.680000 0.000000
9.690000 11415200.000000
9.700000 1802400.000000
9.710000 0.000000
9.720000 11565400.000000
9.730000 1652200.000000
9.740000 300400.000000
9.750000 0.000000
9.760000 12466600.000000
9.770000 150200.000000
9.780000 0.000000
9.790000 11565400.000000
9.800000 1952600.000000
9.810000 0.000000
9.820000 10514000.000000
9.830000 2403200.000000
9.840000 300400.000000
9.850000 0.000000
9.860000 11865800.000000
9.870000 150200.000000
9.880000 0.000000
9.890000 16221600.000000
9.900000 3905200.000000
9.910000 0.000000
9.920000 7810400.000000
9.930000 12616800.000000
9.940000 300400.000000
9.950000 0.000000
9.960000 17873800.000000
9.970000 450600.000000
9.980000 0.000000
9.990000 20727600.000000
10.000000 8261000.000000
10.010000 0.000000
10.020000 9162200.000000
10.030000 21929200.000000
10.040000 450600.000000
10.050000 0.000000
10.060000 27186200.000000
10.070000 1502000.000000
10.080000 0.000000
10.090000 32593400.000000
10.100000 10814400.000000
10.110000 0.000000
10.120000 10514000.000000
10.130000 36648800.000000
10.140000 751000.000000
10.150000 0.000000
10.160000 43107400.000000
10.170000 2703600.000000
10.180000 0.000000
10.190000 38150800.000000
10.200000 23731600.000000
10.210000 0.000000
10.220000 12016000.000000
10.230000 59629400.000000
10.240000 751000.000000
10.250000 0.000000
10.260000 58427800.000000
10.270000 14569400.000000
10.280000 0.000000
10.290000 39202200.000000
10.300000 53170800.000000
10.310000 0.000000
10.320000 12016000.000000
10.330000 95677400.000000
10.340000 3905200.000000
10.350000 0.000000
10.360000 56625400.000000
10.370000 52870400.000000
10.380000 0.000000
10.390000 19676200.000000
10.400000 150200.000000
10.410000 0.000000
10.420000 10514000.000000
10.430000 6909200.000000
10.440000 0.000000
10.450000 0.000000
10.460000 20577400.000000
10.470000 450600.000000
10.480000 0.000000
10.490000 23281000.000000
10.500000 901200.000000
10.510000 0.000000
10.520000 4656200.000000
10.530000 300400.000000
10.540000 0.000000
10.550000 0.000000
10.560000 4055400.000000
10.570000 0.000000
10.580000 0.000000
10.590000 4656200.000000
10.600000 0.000000
10.610000 0.000000
10.620000 5557400.000000
10.630000 0.000000
10.640000 0.000000
10.650000 0.000000
10.660000 59899400.000000
10.670000 10964600.000000
10.680000 0.000000
10.690000 36949200.000000
10.700000 62933800.000000
10.710000 0.000000
10.720000 9162200.000000
10.730000 31692200.000000
10.740000 0.000000
10.750000 0.000000
10.760000 1351800.000000
10.770000 0.000000
10.780000 0.000000
10.790000 12917200.000000
10.800000 0.000000
10.810000 0.000000
10.820000 10213600.000000
10.830000 13217600.000000
10.840000 0.000000
10.850000 0.000000
10.860000 60230200.000000
10.870000 99732800.000000
10.880000 98230800.000000
10.890000 99282200.000000
10.900000 100934400.000000
10.910000 6008000.000000
10.920000 10099200.000000
10.930000 29439200.000000
10.940000 0.000000
10.950000 0.000000
10.960000 59178800.000000
10.970000 80507200.000000
10.980000 78104000.000000
10.990000 78855000.000000
11.000000 55123400.000000
11.010000 74349000.000000
11.020000 7359800.000000
11.030000 0.000000
11.040000 0.000000
11.050000 0.000000
11.060000 7510000.000000
11.070000 0.000000
11.080000 2853800.000000
11.090000 15170200.000000
11.100000 14869800.000000
11.110000 5106800.000000
11.120000 9162200.000000
11.130000 18024000.000000
11.140000 0.000000
11.150000 0.000000
11.160000 17573400.000000
11.170000 0.000000
11.180000 2703600.000000
11.190000 0.000000
11.200000 0.000000
11.210000 2253000.000000
11.220000 4205600.000000
11.230000 150200.000000
11.240000 0.000000
11.250000 0.000000
11.260000 7059400.000000
11.270000 0.000000
11.280000 6062200.000000
11.290000 0.000000
11.300000 0.000000
11.310000 450600.000000
11.320000 0.000000
11.330000 0.000000
11.340000 0.000000
11.350000 0.000000
11.360000 600800.000000
11.370000 0.000000
11.380000 1351800.000000
11.390000 0.000000
11.400000 0.000000
11.410000 1002600.000000
11.420000 0.000000
11.430000 0.000000
11.440000 0.000000
11.450000 0.000000
11.460000 150200.000000
11.470000 0.000000
11.480000 150200.000000
11.490000 0.000000
11.500000 0.000000
11.510000 0.000000
11.520000 0.000000
11.530000 0.000000
11.540000 600800.000000
11.550000 0.000000
11.560000 0.000000
11.570000 0.000000
11.580000 0.000000
11.590000 0.000000
11.600000 0.000000
11.610000 0.000000
11.620000 0.000000
11.630000 0.000000
11.640000 19225600.000000
11.650000 68641400.000000
11.660000 0.000000
11.670000 0.000000
11.680000 300400.000000
11.690000 0.000000
11.700000 0.000000
11.710000 0.000000
11.720000 0.000000
11.730000 0.000000
11.740000 0.000000
11.750000 0.000000
11.760000 0.000000
11.770000 0.000000
11.780000 59779600.000000
11.790000 101234800.000000
11.800000 99582600.000000
11.810000 99132000.000000
11.820000 98531200.000000
11.830000 99282200.000000
11.840000 99732800.000000
11.850000 100033200.000000
11.860000 8861800.000000
11.870000 0.000000
11.880000 59940800.000000
11.890000 99432400.000000
11.900000 100634000.000000
11.910000 80657400.000000
11.920000 76451800.000000
11.930000 38901800.000000
11.940000 0.000000
11.950000 0.000000
11.960000 0.000000
11.970000 0.000000
11.980000 59479200.000000
11.990000 99877400.000000
12.000000 4055400.000000
12.010000 23581400.000000
12.020000 16221600.000000
12.030000 7359800.000000
12.040000 0.000000
12.050000 0.000000
12.060000 19676200.000000
12.070000 19976600.000000
12.080000 59629400.000000
12.090000 99883000.000000
12.100000 103487800.000000
12.110000 101985800.000000
12.120000 40403800.000000
12.130000 13367800.000000
12.140000 0.000000
12.150000 0.000000
12.160000 20427200.000000
12.170000 51218200.000000
12.180000 58427800.000000
12.190000 100934400.000000
12.200000 101985800.000000
12.210000 98981800.000000
12.220000 98381000.000000
12.230000 103187400.000000
12.240000 100634000.000000
12.250000 101385000.000000
12.260000 39052000.000000
12.270000 100333600.000000
12.280000 66839000.000000
12.290000 99432400.000000
12.300000 100634000.000000
12.310000 100033200.000000
12.320000 99432400.000000
12.330000 98981800.000000
12.340000 101084600.000000
12.350000 100183400.000000
12.360000 98531200.000000
12.370000 101234800.000000
12.380000 100333600.000000
12.390000 100033200.000000
12.400000 98831600.000000
12.410000 98230800.000000
12.420000 100183400.000000
12.430000 98681400.000000
12.440000 97179400.000000
12.450000 101385000.000000
12.460000 100033200.000000
12.470000 99732800.000000
12.480000 100634000.000000
12.490000 102586600.000000
12.500000 100483800.000000
12.510000 101084600.000000
12.520000 95977800.000000
12.530000 101385000.000000
12.540000 100483800.000000
12.550000 99883000.000000
12.560000 99132000.000000
12.570000 100483800.000000
12.580000 99582600.000000
12.590000 98831600.000000
12.600000 99282200.000000
12.610000 100934400.000000
12.620000 98230800.000000
12.630000 97780200.000000
12.640000 97930400.000000
12.650000 98381000.000000
12.660000 101084600.000000
12.670000 101685400.000000
12.680000 27036000.000000
12.690000 27937200.000000
12.700000 19676200.000000
12.710000 17423200.000000
12.720000 17423200.000000
12.730000 82309600.000000
12.740000 98831600.000000
12.750000 70766400.000000
12.760000 42963000.000000
12.770000 38150800.000000
12.780000 4806400.000000
12.790000 1802400.000000
12.800000 6008000.000000
12.810000 3905200.000000
12.820000 3755000.000000
12.830000 1652200.000000
12.840000 0.000000
12.850000 30941200.000000
12.860000 17122800.000000
12.870000 5557400.000000
12.880000 5106800.000000
12.890000 10964600.000000
12.900000 3454600.000000
12.910000 300400.000000
12.920000 901200.000000
12.930000 150200.000000
12.940000 0.000000
12.950000 2853800.000000
12.960000 0.000000
12.970000 1351800.000000
12.980000 10363800.000000
12.990000 600800.000000
13.000000 600800.000000
13.010000 751000.000000
13.020000 3304400.000000
13.030000 0.000000
13.040000 0.000000
13.050000 94475800.000000
13.060000 99132000.000000
13.070000 102136000.000000
13.080000 97329600.000000
13.090000 101685400.000000
13.100000 99883000.000000
13.110000 99282200.000000
13.120000 98080600.000000
13.130000 98230800.000000
13.140000 99432400.000000
13.150000 99582600.000000
13.160000 100033200.000000
13.170000 100333600.000000
13.180000 100784200.000000
13.190000 100934400.000000
13.200000 99883000.000000
13.210000 102136000.000000
13.220000 100934400.000000
13.230000 98681400.000000
13.240000 99432400.000000
13.250000 100033200.000000
13.260000 99582600.000000
13.270000 100333600.000000
13.280000 99132000.000000
13.290000 100634000.000000
13.300000 97329600.000000
13.310000 96278200.000000
13.320000 95827600.000000
13.330000 97329600.000000
13.340000 101535200.000000
13.350000 97930400.000000
13.360000 101685400.000000
13.370000 100183400.000000
13.380000 101385000.000000
13.390000 70293600.000000
13.400000 11114800.000000
13.410000 10213600.000000
13.420000 9612800.000000
13.430000 12316400.000000
13.440000 40854400.000000
13.450000 47313000.000000
13.460000 15470600.000000
13.470000 9462600.000000
13.480000 63234200.000000
13.490000 100622000.000000
13.500000 100784200.000000
13.510000 98531200.000000
13.520000 100784200.000000
13.530000 102136000.000000
13.540000 101385000.000000
13.550000 99582600.000000
13.560000 97179400.000000
13.570000 101985800.000000
13.580000 100033200.000000
13.590000 99432400.000000
13.600000 99883000.000000
13.610000 102136000.000000
13.620000 101385000.000000
13.630000 98080600.000000
13.640000 100483800.000000
13.650000 98080600.000000
13.660000 100934400.000000
13.670000 97179400.000000
13.680000 0.000000
13.690000 0.000000
13.700000 0.000000
13.710000 3004000.000000
13.720000 2853800.000000
13.730000 101252200.000000
13.740000 100934400.000000
13.750000 100483800.000000
13.760000 29889800.000000
13.770000 79455800.000000
13.780000 99432400.000000
13.790000 98230800.000000
13.800000 106942400.000000
13.810000 98681400.000000
13.820000 100483800.000000
13.830000 101385000.000000
13.840000 103187400.000000
13.850000 101084600.000000
13.860000 102286200.000000
13.870000 101985800.000000
13.880000 98831600.000000
13.890000 100033200.000000
13.900000 98531200.000000
13.910000 98831600.000000
13.920000 99282200.000000
13.930000 101985800.000000
13.940000 99582600.000000
13.950000 99582600.000000
13.960000 99432400.000000
13.970000 98230800.000000
13.980000 99282200.000000
13.990000 98681400.000000
14.000000 96728800.000000
14.010000 98831600.000000
14.020000 100934400.000000
14.030000 100333600.000000
14.040000 97930400.000000
14.050000 100934400.000000
14.060000 29289000.000000
14.070000 19676200.000000
14.080000 21628800.000000
14.090000 20877800.000000
14.100000 21178200.000000
14.110000 21028000.000000
14.120000 34846400.000000
14.130000 5407200.000000
14.140000 10814400.000000
14.150000 67382100.000000
14.160000 3454600.000000
14.170000 1652200.000000
14.180000 6158200.000000
14.190000 4205600.000000
14.200000 3454600.000000
14.210000 4656200.000000
14.220000 3154200.000000
14.230000 4956600.000000
14.240000 4656200.000000
14.250000 3604800.000000
14.260000 1652200.000000
14.270000 8110800.000000
14.280000 7660200.000000
14.290000 600800.000000
14.300000 901200.000000
14.310000 1051400.000000
14.320000 600800.000000
14.330000 450600.000000
14.340000 1051400.000000
14.350000 600800.000000
14.360000 450600.000000
14.370000 1201600.000000
14.380000 751000.000000
14.390000 751000.000000
14.400000 1952600.000000
14.410000 300400.000000
14.420000 0.000000
14.430000 300400.000000
14.440000 600800.000000
14.450000 0.000000
14.460000 300400.000000
14.470000 0.000000
14.480000 300400.000000
14.490000 150200.000000
14.500000 150200.000000
14.510000 0.000000
14.520000 0.000000
14.530000 600800.000000
14.540000 0.000000
14.550000 0.000000
14.560000 150200.000000
14.570000 0.000000
14.580000 0.000000
14.590000 0.000000
14.600000 150200.000000
14.610000 0.000000
14.620000 0.000000
14.630000 0.000000
14.640000 0.000000
14.650000 0.000000
14.660000 150200.000000
