2.000000 5800.000000
2.010000 0.000000
2.020000 0.000000
2.030000 0.000000
2.040000 0.000000
2.050000 0.000000
2.060000 6200.000000
2.070000 0.000000
2.080000 0.000000
2.090000 0.000000
2.100000 0.000000
2.110000 0.000000
2.120000 0.000000
2.130000 0.000000
2.140000 0.000000
2.150000 0.000000
2.160000 1507400.000000
2.170000 0.000000
2.180000 0.000000
2.190000 0.000000
2.200000 0.000000
2.210000 0.000000
2.220000 0.000000
2.230000 0.000000
2.240000 0.000000
2.250000 0.000000
2.260000 3004000.000000
2.270000 0.000000
2.280000 0.000000
2.290000 0.000000
2.300000 0.000000
2.310000 0.000000
2.320000 0.000000
2.330000 0.000000
2.340000 0.000000
2.350000 0.000000
2.360000 2703600.000000
2.370000 0.000000
2.380000 0.000000
2.390000 0.000000
2.400000 0.000000
2.410000 0.000000
2.420000 0.000000
2.430000 0.000000
2.440000 0.000000
2.450000 0.000000
2.460000 3454600.000000
2.470000 0.000000
2.480000 0.000000
2.490000 0.000000
2.500000 0.000000
2.510000 0.000000
2.520000 0.000000
2.530000 0.000000
2.540000 0.000000
2.550000 0.000000
2.560000 5707600.000000
2.570000 0.000000
2.580000 0.000000
2.590000 0.000000
2.600000 0.000000
2.610000 0.000000
2.620000 0.000000
2.630000 0.000000
2.640000 0.000000
2.650000 0.000000
2.660000 9612800.000000
2.670000 0.000000
2.680000 0.000000
2.690000 0.000000
2.700000 0.000000
2.710000 0.000000
2.720000 0.000000
2.730000 0.000000
2.740000 0.000000
2.750000 0.000000
2.760000 12616800.000000
2.770000 0.000000
2.780000 0.000000
2.790000 0.000000
2.800000 0.000000
2.810000 0.000000
2.820000 0.000000
2.830000 0.000000
2.840000 0.000000
2.850000 0.000000
2.860000 3304400.000000
2.870000 0.000000
2.880000 0.000000
2.890000 0.000000
2.900000 0.000000
2.910000 0.000000
2.920000 0.000000
2.930000 0.000000
2.940000 0.000000
2.950000 0.000000
2.960000 1051400.000000
2.970000 0.000000
2.980000 0.000000
2.990000 0.000000
3.000000 0.000000
3.010000 0.000000
3.020000 0.000000
3.030000 0.000000
3.040000 0.000000
3.050000 0.000000
3.060000 901200.000000
3.070000 0.000000
3.080000 0.000000
3.090000 0.000000
3.100000 0.000000
3.110000 0.000000
3.120000 0.000000
3.130000 0.000000
3.140000 0.000000
3.150000 0.000000
3.160000 901200.000000
3.170000 0.000000
3.180000 0.000000
3.190000 150200.000000
3.200000 0.000000
3.210000 0.000000
3.220000 0.000000
3.230000 0.000000
3.240000 0.000000
3.250000 0.000000
3.260000 2829800.000000
3.270000 0.000000
3.280000 0.000000
3.290000 300400.000000
3.300000 0.000000
3.310000 0.000000
3.320000 0.000000
3.330000 0.000000
3.340000 0.000000
3.350000 0.000000
3.360000 19705600.000000
3.370000 0.000000
3.380000 0.000000
3.390000 1502000.000000
3.400000 0.000000
3.410000 0.000000
3.420000 0.000000
3.430000 0.000000
3.440000 0.000000
3.450000 0.000000
3.460000 21328400.000000
3.470000 0.000000
3.480000 0.000000
3.490000 3304400.000000
3.500000 0.000000
3.510000 0.000000
3.520000 450600.000000
3.530000 0.000000
3.540000 0.000000
3.550000 0.000000
3.560000 0.000000
3.570000 0.000000
3.580000 0.000000
3.590000 5257000.000000
3.600000 0.000000
3.610000 0.000000
3.620000 751000.000000
3.630000 0.000000
3.640000 0.000000
3.650000 0.000000
3.660000 0.000000
3.670000 0.000000
3.680000 0.000000
3.690000 0.000000
3.700000 0.000000
3.710000 0.000000
3.720000 26590800.000000
3.730000 0.000000
3.740000 0.000000
3.750000 0.000000
3.760000 0.000000
3.770000 0.000000
3.780000 0.000000
3.790000 0.000000
3.800000 0.000000
3.810000 0.000000
3.820000 38751600.000000
3.830000 0.000000
3.840000 0.000000
3.850000 0.000000
3.860000 3945800.000000
3.870000 0.000000
3.880000 0.000000
3.890000 0.000000
3.900000 0.000000
3.910000 0.000000
3.920000 30040000.000000
3.930000 901200.000000
3.940000 0.000000
3.950000 0.000000
3.960000 3304400.000000
3.970000 0.000000
3.980000 0.000000
3.990000 600800.000000
4.000000 0.000000
4.010000 0.000000
4.020000 33194200.000000
4.030000 0.000000
4.040000 0.000000
4.050000 0.000000
4.060000 5857800.000000
4.070000 0.000000
4.080000 0.000000
4.090000 751000.000000
4.100000 0.000000
4.110000 0.000000
4.120000 150200.000000
4.130000 0.000000
4.140000 0.000000
4.150000 0.000000
4.160000 6909200.000000
4.170000 0.000000
4.180000 0.000000
4.190000 1201600.000000
4.200000 0.000000
4.210000 0.000000
4.220000 0.000000
4.230000 0.000000
4.240000 5800.000000
4.250000 0.000000
4.260000 22980600.000000
4.270000 0.000000
4.280000 0.000000
4.290000 1201600.000000
4.300000 0.000000
4.310000 0.000000
4.320000 0.000000
4.330000 150200.000000
4.340000 0.000000
4.350000 0.000000
4.360000 0.000000
4.370000 0.000000
4.380000 0.000000
4.390000 70749600.000000
4.400000 0.000000
4.410000 0.000000
4.420000 0.000000
4.430000 450600.000000
4.440000 0.000000
4.450000 0.000000
4.460000 0.000000
4.470000 0.000000
4.480000 0.000000
4.490000 13818400.000000
4.500000 0.000000
4.510000 0.000000
4.520000 0.000000
4.530000 38301000.000000
4.540000 0.000000
4.550000 0.000000
4.560000 150200.000000
4.570000 0.000000
4.580000 0.000000
4.590000 0.000000
4.600000 0.000000
4.610000 0.000000
4.620000 0.000000
4.630000 2553400.000000
4.640000 0.000000
4.650000 0.000000
4.660000 0.000000
4.670000 7660200.000000
4.680000 0.000000
4.690000 0.000000
4.700000 0.000000
4.710000 0.000000
4.720000 0.000000
4.730000 150200.000000
4.740000 0.000000
4.750000 0.000000
4.760000 600800.000000
4.770000 13067400.000000
4.780000 0.000000
4.790000 0.000000
4.800000 1351800.000000
4.810000 0.000000
4.820000 0.000000
4.830000 0.000000
4.840000 0.000000
4.850000 0.000000
4.860000 0.000000
4.870000 0.000000
4.880000 0.000000
4.890000 0.000000
4.900000 49866400.000000
4.910000 0.000000
4.920000 0.000000
4.930000 0.000000
4.940000 150200.000000
4.950000 0.000000
4.960000 0.000000
4.970000 0.000000
4.980000 0.000000
4.990000 0.000000
5.000000 0.000000
5.010000 0.000000
5.020000 0.000000
5.030000 0.000000
5.040000 10265400.000000
5.050000 0.000000
5.060000 0.000000
5.070000 0.000000
5.080000 0.000000
5.090000 0.000000
5.100000 0.000000
5.110000 0.000000
5.120000 0.000000
5.130000 0.000000
5.140000 14372800.000000
5.150000 0.000000
5.160000 0.000000
5.170000 1502000.000000
5.180000 0.000000
5.190000 0.000000
5.200000 0.000000
5.210000 0.000000
5.220000 0.000000
5.230000 0.000000
5.240000 150200.000000
5.250000 0.000000
5.260000 0.000000
5.270000 50917800.000000
5.280000 0.000000
5.290000 0.000000
5.300000 0.000000
5.310000 600800.000000
5.320000 0.000000
5.330000 0.000000
5.340000 150200.000000
5.350000 0.000000
5.360000 0.000000
5.370000 17873800.000000
5.380000 17573400.000000
5.390000 0.000000
5.400000 0.000000
5.410000 6008000.000000
5.420000 0.000000
5.430000 0.000000
5.440000 300400.000000
5.450000 0.000000
5.460000 0.000000
5.470000 24182200.000000
5.480000 15020000.000000
5.490000 0.000000
5.500000 0.000000
5.510000 10514000.000000
5.520000 0.000000
5.530000 0.000000
5.540000 600800.000000
5.550000 0.000000
5.560000 0.000000
5.570000 4355800.000000
5.580000 0.000000
5.590000 0.000000
5.600000 0.000000
5.610000 6909200.000000
5.620000 0.000000
5.630000 0.000000
5.640000 5518200.000000
5.650000 0.000000
5.660000 0.000000
5.670000 11309600.000000
5.680000 0.000000
5.690000 0.000000
5.700000 0.000000
5.710000 12917200.000000
5.720000 0.000000
5.730000 0.000000
5.740000 1502000.000000
5.750000 0.000000
5.760000 0.000000
5.770000 1051400.000000
5.780000 0.000000
5.790000 0.000000
5.800000 0.000000
5.810000 1952600.000000
5.820000 0.000000
5.830000 0.000000
5.840000 41605400.000000
5.850000 0.000000
5.860000 0.000000
5.870000 7510000.000000
5.880000 0.000000
5.890000 0.000000
5.900000 0.000000
5.910000 1802400.000000
5.920000 0.000000
5.930000 0.000000
5.940000 11265000.000000
5.950000 0.000000
5.960000 0.000000
5.970000 31692200.000000
5.980000 2102800.000000
5.990000 0.000000
6.000000 0.000000
6.010000 1802400.000000
6.020000 0.000000
6.030000 0.000000
6.040000 13968600.000000
6.050000 0.000000
6.060000 0.000000
6.070000 15170200.000000
6.080000 0.000000
6.090000 0.000000
6.100000 0.000000
6.110000 8110800.000000
6.120000 0.000000
6.130000 0.000000
6.140000 450600.000000
6.150000 0.000000
6.160000 0.000000
6.170000 8439000.000000
6.180000 0.000000
6.190000 0.000000
6.200000 0.000000
6.210000 3604800.000000
6.220000 0.000000
6.230000 0.000000
6.240000 1051400.000000
6.250000 0.000000
6.260000 0.000000
6.270000 0.000000
6.280000 0.000000
6.290000 0.000000
6.300000 0.000000
6.310000 1351800.000000
6.320000 0.000000
6.330000 0.000000
6.340000 1201600.000000
6.350000 0.000000
6.360000 0.000000
6.370000 150200.000000
6.380000 0.000000
6.390000 0.000000
6.400000 0.000000
6.410000 150200.000000
6.420000 0.000000
6.430000 0.000000
6.440000 150200.000000
6.450000 0.000000
6.460000 0.000000
6.470000 51346000.000000
6.480000 0.000000
6.490000 0.000000
6.500000 0.000000
6.510000 150200.000000
6.520000 0.000000
6.530000 0.000000
6.540000 150200.000000
6.550000 0.000000
6.560000 0.000000
6.570000 17573400.000000
6.580000 24632800.000000
6.590000 0.000000
6.600000 0.000000
6.610000 300400.000000
6.620000 0.000000
6.630000 0.000000
6.640000 300400.000000
6.650000 0.000000
6.660000 0.000000
6.670000 21929200.000000
6.680000 20577400.000000
6.690000 0.000000
6.700000 0.000000
6.710000 300400.000000
6.720000 0.000000
6.730000 0.000000
6.740000 300400.000000
6.750000 0.000000
6.760000 0.000000
6.770000 25083400.000000
6.780000 17423200.000000
6.790000 0.000000
6.800000 0.000000
6.810000 300400.000000
6.820000 0.000000
6.830000 0.000000
6.840000 300400.000000
6.850000 0.000000
6.860000 0.000000
6.870000 10964600.000000
6.880000 0.000000
6.890000 0.000000
6.900000 0.000000
6.910000 9012000.000000
6.920000 0.000000
6.930000 0.000000
6.940000 150200.000000
6.950000 0.000000
6.960000 0.000000
6.970000 19831800.000000
6.980000 0.000000
6.990000 0.000000
7.000000 0.000000
7.010000 16221600.000000
7.020000 0.000000
7.030000 0.000000
7.040000 13818400.000000
7.050000 0.000000
7.060000 0.000000
7.070000 18624800.000000
7.080000 0.000000
7.090000 0.000000
7.100000 0.000000
7.110000 16907000.000000
7.120000 0.000000
7.130000 0.000000
7.140000 12767000.000000
7.150000 0.000000
7.160000 0.000000
7.170000 17573400.000000
7.180000 0.000000
7.190000 0.000000
7.200000 0.000000
7.210000 17273000.000000
7.220000 0.000000
7.230000 0.000000
7.240000 13752800.000000
7.250000 0.000000
7.260000 0.000000
7.270000 17273000.000000
7.280000 0.000000
7.290000 0.000000
7.300000 0.000000
7.310000 16371800.000000
7.320000 0.000000
7.330000 0.000000
7.340000 15170200.000000
7.350000 0.000000
7.360000 0.000000
7.370000 16907000.000000
7.380000 0.000000
7.390000 0.000000
7.400000 0.000000
7.410000 16672200.000000
7.420000 0.000000
7.430000 0.000000
7.440000 15020000.000000
7.450000 0.000000
7.460000 0.000000
7.470000 17273000.000000
7.480000 0.000000
7.490000 0.000000
7.500000 0.000000
7.510000 16071400.000000
7.520000 0.000000
7.530000 0.000000
7.540000 15320400.000000
7.550000 0.000000
7.560000 0.000000
7.570000 15170200.000000
7.580000 0.000000
7.590000 0.000000
7.600000 0.000000
7.610000 17723600.000000
7.620000 0.000000
7.630000 0.000000
7.640000 15771000.000000
7.650000 0.000000
7.660000 0.000000
7.670000 15020000.000000
7.680000 300400.000000
7.690000 0.000000
7.700000 0.000000
7.710000 16371800.000000
7.720000 0.000000
7.730000 0.000000
7.740000 16522000.000000
7.750000 600800.000000
7.760000 0.000000
7.770000 13217600.000000
7.780000 2403200.000000
7.790000 0.000000
7.800000 0.000000
7.810000 15020000.000000
7.820000 0.000000
7.830000 0.000000
7.840000 16371800.000000
7.850000 300400.000000
7.860000 0.000000
7.870000 15320400.000000
7.880000 2703600.000000
7.890000 0.000000
7.900000 0.000000
7.910000 13518000.000000
7.920000 600800.000000
7.930000 0.000000
7.940000 16822400.000000
7.950000 300400.000000
7.960000 0.000000
7.970000 13367800.000000
7.980000 3004000.000000
7.990000 0.000000
8.000000 0.000000
8.010000 14118800.000000
8.020000 901200.000000
8.030000 0.000000
8.040000 17122800.000000
8.050000 751000.000000
8.060000 0.000000
8.070000 10964600.000000
8.080000 3755000.000000
8.090000 0.000000
8.100000 0.000000
8.110000 14869800.000000
8.120000 1051400.000000
8.130000 0.000000
8.140000 16972600.000000
8.150000 450600.000000
8.160000 0.000000
8.170000 12166200.000000
8.180000 3454600.000000
8.190000 0.000000
8.200000 0.000000
8.210000 13968600.000000
8.220000 1051400.000000
8.230000 0.000000
8.240000 16972600.000000
8.250000 450600.000000
8.260000 0.000000
8.270000 13067400.000000
8.280000 3004000.000000
8.290000 0.000000
8.300000 0.000000
8.310000 14569400.000000
8.320000 1201600.000000
8.330000 0.000000
8.340000 15620800.000000
8.350000 600800.000000
8.360000 0.000000
8.370000 12917200.000000
8.380000 3304400.000000
8.390000 0.000000
8.400000 0.000000
8.410000 15620800.000000
8.420000 751000.000000
8.430000 0.000000
8.440000 15170200.000000
8.450000 1502000.000000
8.460000 0.000000
8.470000 12767000.000000
8.480000 2553400.000000
8.490000 0.000000
8.500000 0.000000
8.510000 15470600.000000
8.520000 1351800.000000
8.530000 0.000000
8.540000 15470600.000000
8.550000 1502000.000000
8.560000 0.000000
8.570000 11715600.000000
8.580000 2703600.000000
8.590000 150200.000000
8.600000 0.000000
8.610000 15921200.000000
8.620000 1351800.000000
8.630000 0.000000
8.640000 15320400.000000
8.650000 1351800.000000
8.660000 0.000000
8.670000 12767000.000000
8.680000 2703600.000000
8.690000 150200.000000
8.700000 0.000000
8.710000 13818400.000000
8.720000 1351800.000000
8.730000 0.000000
8.740000 15020000.000000
8.750000 3454600.000000
8.760000 0.000000
8.770000 11715600.000000
8.780000 3755000.000000
8.790000 300400.000000
8.800000 0.000000
8.810000 13668200.000000
8.820000 1201600.000000
8.830000 0.000000
8.840000 13968600.000000
8.850000 3604800.000000
8.860000 0.000000
8.870000 10814400.000000
8.880000 4506000.000000
8.890000 450600.000000
8.900000 0.000000
8.910000 13818400.000000
8.920000 1051400.000000
8.930000 0.000000
8.940000 13367800.000000
8.950000 2853800.000000
8.960000 0.000000
8.970000 13818400.000000
8.980000 3755000.000000
8.990000 150200.000000
9.000000 0.000000
9.010000 14569400.000000
9.020000 1051400.000000
9.030000 0.000000
9.040000 13217600.000000
9.050000 1502000.000000
9.060000 0.000000
9.070000 12767000.000000
9.080000 2703600.000000
9.090000 150200.000000
9.100000 0.000000
9.110000 16672200.000000
9.120000 901200.000000
9.130000 0.000000
9.140000 14118800.000000
9.150000 1051400.000000
9.160000 0.000000
9.170000 13518000.000000
9.180000 2403200.000000
9.190000 150200.000000
9.200000 0.000000
9.210000 16672200.000000
9.220000 450600.000000
9.230000 0.000000
9.240000 14869800.000000
9.250000 901200.000000
9.260000 0.000000
9.270000 13968600.000000
9.280000 1802400.000000
9.290000 150200.000000
9.300000 0.000000
9.310000 16071400.000000
9.320000 300400.000000
9.330000 0.000000
9.340000 15320400.000000
9.350000 901200.000000
9.360000 0.000000
9.370000 14719600.000000
9.380000 1652200.000000
9.390000 150200.000000
9.400000 0.000000
9.410000 15020000.000000
9.420000 600800.000000
9.430000 0.000000
9.440000 16371800.000000
9.450000 600800.000000
9.460000 0.000000
9.470000 13968600.000000
9.480000 1802400.000000
9.490000 150200.000000
9.500000 0.000000
9.510000 15170200.000000
9.520000 600800.000000
9.530000 0.000000
9.540000 15320400.000000
9.550000 600800.000000
9.560000 0.000000
9.570000 13818400.000000
9.580000 1952600.000000
9.590000 150200.000000
9.600000 0.000000
9.610000 16071400.000000
9.620000 450600.000000
9.630000 0.000000
9.640000 13818400.000000
9.650000 1952600.000000
9.660000 0.000000
9.670000 13518000.000000
9.680000 1952600.000000
9.690000 300400.000000
9.700000 0.000000
9.710000 16522000.000000
9.720000 450600.000000
9.730000 0.000000
9.740000 14269000.000000
9.750000 2102800.000000
9.760000 0.000000
9.770000 12917200.000000
9.780000 2853800.000000
9.790000 300400.000000
9.800000 0.000000
9.810000 14719600.000000
9.820000 150200.000000
9.830000 0.000000
9.840000 20427200.000000
9.850000 4205600.000000
9.860000 0.000000
9.870000 19826400.000000
9.880000 6008000.000000
9.890000 600800.000000
9.900000 0.000000
9.910000 23431200.000000
9.920000 600800.000000
9.930000 0.000000
9.940000 25834400.000000
9.950000 9612800.000000
9.960000 0.000000
9.970000 15620800.000000
9.980000 24332400.000000
9.990000 600800.000000
10.000000 0.000000
10.010000 35146800.000000
10.020000 1502000.000000
10.030000 0.000000
10.040000 40103400.000000
10.050000 12616800.000000
10.060000 0.000000
10.070000 17723600.000000
10.080000 42356400.000000
10.090000 751000.000000
10.100000 0.000000
10.110000 54372400.000000
10.120000 3004000.000000
10.130000 0.000000
10.140000 61882400.000000
10.150000 17573400.000000
10.160000 0.000000
10.170000 20727600.000000
10.180000 69092000.000000
10.190000 1051400.000000
10.200000 0.000000
10.210000 84712800.000000
10.220000 6909200.000000
10.230000 0.000000
10.240000 75100000.000000
10.250000 39652800.000000
10.260000 0.000000
10.270000 23431200.000000
10.280000 110096600.000000
10.290000 4806400.000000
10.300000 0.000000
10.310000 113250800.000000
10.320000 27787000.000000
10.330000 0.000000
10.340000 24752600.000000
10.350000 450600.000000
10.360000 0.000000
10.370000 19826400.000000
10.380000 2553400.000000
10.390000 0.000000
10.400000 0.000000
10.410000 26134800.000000
10.420000 600800.000000
10.430000 0.000000
10.440000 30190200.000000
10.450000 1051400.000000
10.460000 0.000000
10.470000 5376800.000000
10.480000 300400.000000
10.490000 0.000000
10.500000 0.000000
10.510000 4956600.000000
10.520000 0.000000
10.530000 0.000000
10.540000 5557400.000000
10.550000 150200.000000
10.560000 0.000000
10.570000 7059400.000000
10.580000 0.000000
10.590000 0.000000
10.600000 0.000000
10.610000 87421800.000000
10.620000 0.000000
10.630000 0.000000
10.640000 127670000.000000
10.650000 0.000000
10.660000 0.000000
10.670000 52419800.000000
10.680000 0.000000
10.690000 0.000000
10.700000 0.000000
10.710000 1502000.000000
10.720000 0.000000
10.730000 0.000000
10.740000 16557800.000000
10.750000 0.000000
10.760000 0.000000
10.770000 27787000.000000
10.780000 0.000000
10.790000 0.000000
10.800000 0.000000
10.810000 556641200.000000
10.820000 0.000000
10.830000 0.000000
10.840000 25684200.000000
10.850000 0.000000
10.860000 0.000000
10.870000 24067800.000000
10.880000 26285000.000000
10.890000 0.000000
10.900000 0.000000
10.910000 73598000.000000
10.920000 99732800.000000
10.930000 97780200.000000
10.940000 98981800.000000
10.950000 147196000.000000
10.960000 12316400.000000
10.970000 8014800.000000
10.980000 0.000000
10.990000 0.000000
11.000000 0.000000
11.010000 10814400.000000
11.020000 0.000000
11.030000 4205600.000000
11.040000 18925200.000000
11.050000 18474600.000000
11.060000 6308400.000000
11.070000 32893800.000000
11.080000 150200.000000
11.090000 0.000000
11.100000 0.000000
11.110000 23185000.000000
11.120000 0.000000
11.130000 3304400.000000
11.140000 0.000000
11.150000 0.000000
11.160000 2703600.000000
11.170000 4506000.000000
11.180000 150200.000000
11.190000 0.000000
11.200000 0.000000
11.210000 8411200.000000
11.220000 0.000000
11.230000 7564200.000000
11.240000 0.000000
11.250000 0.000000
11.260000 600800.000000
11.270000 0.000000
11.280000 0.000000
11.290000 0.000000
11.300000 0.000000
11.310000 751000.000000
11.320000 0.000000
11.330000 1351800.000000
11.340000 0.000000
11.350000 0.000000
11.360000 1903800.000000
11.370000 0.000000
11.380000 0.000000
11.390000 0.000000
11.400000 0.000000
11.410000 150200.000000
11.420000 0.000000
11.430000 150200.000000
11.440000 0.000000
11.450000 0.000000
11.460000 0.000000
11.470000 0.000000
11.480000 0.000000
11.490000 901200.000000
11.500000 0.000000
11.510000 0.000000
11.520000 0.000000
11.530000 0.000000
11.540000 0.000000
11.550000 0.000000
11.560000 0.000000
11.570000 0.000000
11.580000 0.000000
11.590000 111148000.000000
11.600000 0.000000
11.610000 0.000000
11.620000 0.000000
11.630000 300400.000000
11.640000 0.000000
11.650000 0.000000
11.660000 0.000000
11.670000 0.000000
11.680000 0.000000
11.690000 0.000000
11.700000 0.000000
11.710000 0.000000
11.720000 0.000000
11.730000 961574800.000000
11.740000 0.000000
11.750000 0.000000
11.760000 0.000000
11.770000 0.000000
11.780000 0.000000
11.790000 0.000000
11.800000 0.000000
11.810000 0.000000
11.820000 0.000000
11.830000 127530800.000000
11.840000 100333600.000000
11.850000 98681400.000000
11.860000 100333600.000000
11.870000 98981800.000000
11.880000 45060000.000000
11.890000 0.000000
11.900000 0.000000
11.910000 0.000000
11.920000 0.000000
11.930000 195404600.000000
11.940000 0.000000
11.950000 12767000.000000
11.960000 21779000.000000
11.970000 20727600.000000
11.980000 9012000.000000
11.990000 0.000000
12.000000 0.000000
12.010000 50617400.000000
12.020000 0.000000
12.030000 176184600.000000
12.040000 199766000.000000
12.050000 43708200.000000
12.060000 47613400.000000
12.070000 32293000.000000
12.080000 17273000.000000
12.090000 0.000000
12.100000 0.000000
12.110000 50166800.000000
12.120000 39953200.000000
12.130000 118958400.000000
12.140000 199615800.000000
12.150000 218240600.000000
12.160000 271711800.000000
12.170000 123614600.000000
12.180000 37249600.000000
12.190000 0.000000
12.200000 0.000000
12.210000 57977200.000000
12.220000 102736800.000000
12.230000 116405000.000000
12.240000 207876800.000000
12.250000 216888800.000000
12.260000 197963600.000000
12.270000 176184600.000000
12.280000 117156000.000000
12.290000 120009800.000000
12.300000 149298800.000000
12.310000 76752200.000000
12.320000 200667200.000000
12.330000 133377600.000000
12.340000 199165200.000000
12.350000 201268000.000000
12.360000 110397000.000000
12.370000 110096600.000000
12.380000 128871600.000000
12.390000 133227400.000000
12.400000 141037800.000000
12.410000 142990400.000000
12.420000 139836200.000000
12.430000 105140000.000000
12.440000 201117800.000000
12.450000 143741400.000000
12.460000 171228000.000000
12.470000 109345600.000000
12.480000 123013800.000000
12.490000 117306200.000000
12.500000 137282800.000000
12.510000 143591200.000000
12.520000 135180000.000000
12.530000 123013800.000000
12.540000 121662000.000000
12.550000 123013800.000000
12.560000 31542000.000000
12.570000 24482600.000000
12.580000 25984600.000000
12.590000 16371800.000000
12.600000 25083400.000000
12.610000 12616800.000000
12.620000 43858400.000000
12.630000 26885800.000000
12.640000 33945200.000000
12.650000 24182200.000000
12.660000 21478600.000000
12.670000 21779000.000000
12.680000 255061800.000000
12.690000 29289000.000000
12.700000 31692200.000000
12.710000 60836800.000000
12.720000 39803000.000000
12.730000 5557400.000000
12.740000 2553400.000000
12.750000 7209600.000000
12.760000 5557400.000000
12.770000 5557400.000000
12.780000 1652200.000000
12.790000 0.000000
12.800000 56475200.000000
12.810000 5707600.000000
12.820000 6608800.000000
12.830000 6458600.000000
12.840000 14719600.000000
12.850000 3154200.000000
12.860000 450600.000000
12.870000 1351800.000000
12.880000 150200.000000
12.890000 0.000000
12.900000 3755000.000000
12.910000 0.000000
12.920000 1351800.000000
12.930000 12166200.000000
12.940000 901200.000000
12.950000 751000.000000
12.960000 901200.000000
12.970000 3905200.000000
12.980000 0.000000
12.990000 0.000000
13.000000 1330021000.000000
13.010000 0.000000
13.020000 1051400.000000
13.030000 0.000000
13.040000 0.000000
13.050000 0.000000
13.060000 1802400.000000
13.070000 690319200.000000
13.080000 0.000000
13.090000 0.000000
13.100000 92973800.000000
13.110000 99732800.000000
13.120000 103037200.000000
13.130000 94025200.000000
13.140000 104689400.000000
13.150000 99582600.000000
13.160000 99582600.000000
13.170000 97479800.000000
13.180000 98831600.000000
13.190000 99432400.000000
13.200000 128421000.000000
13.210000 199165200.000000
13.220000 199766000.000000
13.230000 141488400.000000
13.240000 102887000.000000
13.250000 98531200.000000
13.260000 171828800.000000
13.270000 109946400.000000
13.280000 16672200.000000
13.290000 24182200.000000
13.300000 25834400.000000
13.310000 25834400.000000
13.320000 25834400.000000
13.330000 24783000.000000
13.340000 21028000.000000
13.350000 13668200.000000
13.360000 13668200.000000
13.370000 9913200.000000
13.380000 16371800.000000
13.390000 51668800.000000
13.400000 59329000.000000
13.410000 18775000.000000
13.420000 12166200.000000
13.430000 1712435600.000000
13.440000 103037200.000000
13.450000 15921200.000000
13.460000 16822400.000000
13.470000 13217600.000000
13.480000 14569400.000000
13.490000 42807000.000000
13.500000 49115400.000000
13.510000 21028000.000000
13.520000 18925200.000000
13.530000 72396400.000000
13.540000 100634000.000000
13.550000 100784200.000000
13.560000 98531200.000000
13.570000 71345000.000000
13.580000 0.000000
13.590000 0.000000
13.600000 0.000000
13.610000 0.000000
13.620000 0.000000
13.630000 0.000000
13.640000 0.000000
13.650000 0.000000
13.660000 3454600.000000
13.670000 4506000.000000
13.680000 367106200.000000
13.690000 24632800.000000
13.700000 4656200.000000
13.710000 14569400.000000
13.720000 1559526600.000000
13.730000 0.000000
13.740000 0.000000
13.750000 0.000000
13.760000 6008000.000000
13.770000 5707600.000000
13.780000 145543800.000000
13.790000 100934400.000000
13.800000 100934400.000000
13.810000 45060000.000000
13.820000 140286800.000000
13.830000 99432400.000000
13.840000 98230800.000000
13.850000 106942400.000000
13.860000 98681400.000000
13.870000 100483800.000000
13.880000 101385000.000000
13.890000 103187400.000000
13.900000 101084600.000000
13.910000 102286200.000000
13.920000 101985800.000000
13.930000 82402100.000000
13.940000 144342200.000000
13.950000 155156600.000000
13.960000 901200.000000
13.970000 47162800.000000
13.980000 15020000.000000
13.990000 18624800.000000
14.000000 27787000.000000
14.010000 24783000.000000
14.020000 25233600.000000
14.030000 26134800.000000
14.040000 26285000.000000
14.050000 26134800.000000
14.060000 25834400.000000
14.070000 42506600.000000
14.080000 6759000.000000
14.090000 13067400.000000
14.100000 84504900.000000
14.110000 4055400.000000
14.120000 2403200.000000
14.130000 8411200.000000
14.140000 5106800.000000
14.150000 4355800.000000
14.160000 5707600.000000
14.170000 4205600.000000
14.180000 5707600.000000
14.190000 5407200.000000
14.200000 4806400.000000
14.210000 2853800.000000
14.220000 9763000.000000
14.230000 8711600.000000
14.240000 600800.000000
14.250000 1351800.000000
14.260000 1351800.000000
14.270000 901200.000000
14.280000 901200.000000
14.290000 1051400.000000
14.300000 751000.000000
14.310000 751000.000000
14.320000 1351800.000000
14.330000 1051400.000000
14.340000 751000.000000
14.350000 2403200.000000
14.360000 300400.000000
14.370000 0.000000
14.380000 450600.000000
14.390000 600800.000000
14.400000 0.000000
14.410000 300400.000000
14.420000 150200.000000
14.430000 300400.000000
14.440000 150200.000000
14.450000 150200.000000
14.460000 0.000000
14.470000 0.000000
14.480000 751000.000000
14.490000 0.000000
14.500000 0.000000
14.510000 150200.000000
14.520000 0.000000
14.530000 0.000000
14.540000 0.000000
14.550000 150200.000000
14.560000 0.000000
14.570000 0.000000
14.580000 0.000000
14.590000 0.000000
14.600000 0.000000
14.610000 150200.000000
14.620000 0.000000
14.630000 0.000000
14.640000 0.000000
14.650000 0.000000
14.660000 0.000000
