2.000000 5800.000000
2.010000 0.000000
2.020000 0.000000
2.030000 0.000000
2.040000 0.000000
2.050000 0.000000
2.060000 0.000000
2.070000 0.000000
2.080000 0.000000
2.090000 0.000000
2.100000 0.000000
2.110000 6200.000000
2.120000 0.000000
2.130000 0.000000
2.140000 0.000000
2.150000 0.000000
2.160000 0.000000
2.170000 0.000000
2.180000 0.000000
2.190000 0.000000
2.200000 0.000000
2.210000 1507400.000000
2.220000 0.000000
2.230000 0.000000
2.240000 0.000000
2.250000 0.000000
2.260000 0.000000
2.270000 0.000000
2.280000 0.000000
2.290000 0.000000
2.300000 0.000000
2.310000 3004000.000000
2.320000 0.000000
2.330000 0.000000
2.340000 0.000000
2.350000 0.000000
2.360000 0.000000
2.370000 0.000000
2.380000 0.000000
2.390000 0.000000
2.400000 0.000000
2.410000 6008000.000000
2.420000 0.000000
2.430000 0.000000
2.440000 0.000000
2.450000 0.000000
2.460000 0.000000
2.470000 0.000000
2.480000 0.000000
2.490000 0.000000
2.500000 0.000000
2.510000 11565400.000000
2.520000 0.000000
2.530000 0.000000
2.540000 0.000000
2.550000 450600.000000
2.560000 0.000000
2.570000 0.000000
2.580000 0.000000
2.590000 0.000000
2.600000 0.000000
2.610000 22980600.000000
2.620000 0.000000
2.630000 0.000000
2.640000 0.000000
2.650000 1051400.000000
2.660000 0.000000
2.670000 0.000000
2.680000 0.000000
2.690000 0.000000
2.700000 0.000000
2.710000 45660800.000000
2.720000 0.000000
2.730000 0.000000
2.740000 0.000000
2.750000 1502000.000000
2.760000 0.000000
2.770000 0.000000
2.780000 0.000000
2.790000 751000.000000
2.800000 0.000000
2.810000 91171400.000000
2.820000 0.000000
2.830000 0.000000
2.840000 0.000000
2.850000 1802400.000000
2.860000 0.000000
2.870000 0.000000
2.880000 0.000000
2.890000 1802400.000000
2.900000 0.000000
2.910000 123464400.000000
2.920000 57226200.000000
2.930000 0.000000
2.940000 0.000000
2.950000 3154200.000000
2.960000 0.000000
2.970000 0.000000
2.980000 0.000000
2.990000 3604800.000000
3.000000 0.000000
3.010000 123164000.000000
3.020000 124966400.000000
3.030000 110096600.000000
3.040000 0.000000
3.050000 6759000.000000
3.060000 0.000000
3.070000 0.000000
3.080000 0.000000
3.090000 6759000.000000
3.100000 0.000000
3.110000 122863600.000000
3.120000 124966400.000000
3.130000 125116600.000000
3.140000 124966400.000000
3.150000 124966400.000000
3.160000 107092600.000000
3.170000 0.000000
3.180000 0.000000
3.190000 13518000.000000
3.200000 0.000000
3.210000 122713400.000000
3.220000 124966400.000000
3.230000 125116600.000000
3.240000 124966400.000000
3.250000 124966400.000000
3.260000 124966400.000000
3.270000 124966400.000000
3.280000 125116600.000000
3.290000 124966400.000000
3.300000 124966400.000000
3.310000 124966400.000000
3.320000 125116600.000000
3.330000 124966400.000000
3.340000 124966400.000000
3.350000 124966400.000000
3.360000 124966400.000000
3.370000 125116600.000000
3.380000 124966400.000000
3.390000 124966400.000000
3.400000 124966400.000000
3.410000 125116600.000000
3.420000 124966400.000000
3.430000 124966400.000000
3.440000 124966400.000000
3.450000 124966400.000000
3.460000 125116600.000000
3.470000 124966400.000000
3.480000 124966400.000000
3.490000 124966400.000000
3.500000 125116600.000000
3.510000 124966400.000000
3.520000 124966400.000000
3.530000 124966400.000000
3.540000 124966400.000000
3.550000 125116600.000000
3.560000 124966400.000000
3.570000 124966400.000000
3.580000 124966400.000000
3.590000 125116600.000000
3.600000 124966400.000000
3.610000 124966400.000000
3.620000 124966400.000000
3.630000 124966400.000000
3.640000 125116600.000000
3.650000 124966400.000000
3.660000 124966400.000000
3.670000 124966400.000000
3.680000 125116600.000000
3.690000 124966400.000000
3.700000 124966400.000000
3.710000 124966400.000000
3.720000 125116600.000000
3.730000 124966400.000000
3.740000 124966400.000000
3.750000 124966400.000000
3.760000 124966400.000000
3.770000 125116600.000000
3.780000 124966400.000000
3.790000 124966400.000000
3.800000 124966400.000000
3.810000 125116600.000000
3.820000 124966400.000000
3.830000 124966400.000000
3.840000 124966400.000000
3.850000 124966400.000000
3.860000 125116600.000000
3.870000 124966400.000000
3.880000 124966400.000000
3.890000 124966400.000000
3.900000 125116600.000000
3.910000 124966400.000000
3.920000 124966400.000000
3.930000 124966400.000000
3.940000 124966400.000000
3.950000 125116600.000000
3.960000 124966400.000000
3.970000 124966400.000000
3.980000 124966400.000000
3.990000 125116600.000000
4.000000 124966400.000000
4.010000 124966400.000000
4.020000 124966400.000000
4.030000 124966400.000000
4.040000 125116600.000000
4.050000 124966400.000000
4.060000 124966400.000000
4.070000 124966400.000000
4.080000 125116600.000000
4.090000 124966400.000000
4.100000 124966400.000000
4.110000 124966400.000000
4.120000 124966400.000000
4.130000 125116600.000000
4.140000 124966400.000000
4.150000 124966400.000000
4.160000 124966400.000000
4.170000 125116600.000000
4.180000 124966400.000000
4.190000 124966400.000000
4.200000 124966400.000000
4.210000 124966400.000000
4.220000 125116600.000000
4.230000 124966400.000000
4.240000 124966400.000000
4.250000 124966400.000000
4.260000 125116600.000000
4.270000 124966400.000000
4.280000 124966400.000000
4.290000 124966400.000000
4.300000 124966400.000000
4.310000 125116600.000000
4.320000 124966400.000000
4.330000 124966400.000000
4.340000 124966400.000000
4.350000 125116600.000000
4.360000 124966400.000000
4.370000 124966400.000000
4.380000 124966400.000000
4.390000 124966400.000000
4.400000 125116600.000000
4.410000 124966400.000000
4.420000 124966400.000000
4.430000 124966400.000000
4.440000 125122400.000000
4.450000 124966400.000000
4.460000 124966400.000000
4.470000 124966400.000000
4.480000 124966400.000000
4.490000 125116600.000000
4.500000 124966400.000000
4.510000 124966400.000000
4.520000 124966400.000000
4.530000 125116600.000000
4.540000 124966400.000000
4.550000 124966400.000000
4.560000 124966400.000000
4.570000 124966400.000000
4.580000 125116600.000000
4.590000 124966400.000000
4.600000 124966400.000000
4.610000 124966400.000000
4.620000 125116600.000000
4.630000 124966400.000000
4.640000 124966400.000000
4.650000 124966400.000000
4.660000 124966400.000000
4.670000 125116600.000000
4.680000 124966400.000000
4.690000 124966400.000000
4.700000 124966400.000000
4.710000 125116600.000000
4.720000 124966400.000000
4.730000 124966400.000000
4.740000 124966400.000000
4.750000 6267500.000000
